+--------------------------------+-------------------+
| data/lfw_outer_aligned metrics | Value             |
+--------------------------------+-------------------+
| Total faces:                   | 6715              |
| Detected:                      | 4625/6715 (0.688) |
| Recognized:                    | 4/4625 (0.000)    |
| Total confidence:              | -4541             |
+--------------------------------+-------------------+
+-----------------------------------+-------------------+
| lfw_outer_aligned_poisson metrics | Value             |
+-----------------------------------+-------------------+
| Total faces:                      | 6715              |
| Detected:                         | 4621/6715 (0.688) |
| Recognized:                       | 3/4621 (0.000)    |
| Total confidence:                 | -4538             |
+-----------------------------------+-------------------+


COMPARING.

Disguised:
+------------------------+------------------+----------------+----------------+
| FILE                   | NEW TARGET       | NEW CONFIDENCE | OLD CONFIDENCE |
+------------------------+------------------+----------------+----------------+
| John_Stockton_0005.png | Augustin_Calleri | 0.974          | 0.999          |
+------------------------+------------------+----------------+----------------+

Exposed:
+------+----------------+------------+----------------+
| FILE | NEW CONFIDENCE | OLD TARGET | OLD CONFIDENCE |
+------+----------------+------------+----------------+
+------+----------------+------------+----------------+

Lost:
Alvaro_Uribe_0008.png
Colin_Powell_0145.png
Ray_Romano_0009.png
David_Wells_0005.png
John_Ashcroft_0035.png
George_W_Bush_0320.png
Padraig_Harrington_0002.png
Donald_Rumsfeld_0105.png
Michael_Phelps_0001.png
Colin_Powell_0024.png
Michael_Caine_0004.png
George_Robertson_0003.png
Richard_Gere_0003.png
Choi_Sung-hong_0002.png
Amer_al-Saadi_0002.png
Richard_Gephardt_0005.png
David_Beckham_0019.png
Prince_Charles_0002.png
Kim_Clijsters_0009.png
Jiang_Zemin_0018.png
Richard_Gere_0007.png
Dennis_Hastert_0004.png
George_W_Bush_0154.png
Jackie_Chan_0008.png
Mahmoud_Abbas_0014.png
Gray_Davis_0020.png
Hugo_Chavez_0062.png
David_Nalbandian_0014.png
John_McCain_0006.png
Oprah_Winfrey_0004.png
Win_Aung_0002.png
Jean_Charest_0006.png
Serena_Williams_0047.png
Paul_Burrell_0005.png
Jerry_Springer_0004.png
Cruz_Bustamante_0002.png
Pervez_Musharraf_0013.png
Yasar_Yakis_0001.png
Choi_Sung-hong_0005.png
John_Bolton_0009.png
Silvio_Berlusconi_0003.png
Lleyton_Hewitt_0009.png
Gerhard_Schroeder_0061.png
Tom_Cruise_0006.png
Donald_Rumsfeld_0022.png
Jennifer_Capriati_0010.png
Ari_Fleischer_0008.png
Kevin_Costner_0007.png
Eduardo_Duhalde_0001.png
John_Kerry_0002.png
Muhammad_Ali_0009.png
David_Wells_0006.png
Sean_OKeefe_0003.png
Juan_Pablo_Montoya_0008.png
Kurt_Warner_0005.png
Yasser_Arafat_0003.png
Arnold_Schwarzenegger_0032.png
Mitchell_Daniels_0001.png
Hipolito_Mejia_0001.png
Ariel_Sharon_0029.png
Bernard_Law_0002.png
Gerhard_Schroeder_0081.png
Bill_Clinton_0012.png
George_W_Bush_0349.png
Rob_Lowe_0002.png
Sophia_Loren_0006.png
Sandra_Bullock_0003.png
Mick_Jagger_0005.png
Hamid_Karzai_0010.png
George_W_Bush_0317.png
Heidi_Fleiss_0003.png
Andy_Roddick_0010.png
Michael_Schumacher_0017.png
Junichiro_Koizumi_0018.png
Wayne_Ferreira_0003.png
Donald_Rumsfeld_0038.png
Hal_Gehman_0003.png
Diana_Krall_0002.png
Colin_Powell_0027.png
Martha_Burk_0004.png
Ron_Dittemore_0005.png
Clint_Eastwood_0006.png
Hans_Blix_0028.png
Don_Siegelman_0004.png
Jiri_Novak_0007.png
Nancy_Pelosi_0007.png
George_W_Bush_0506.png
Tang_Jiaxuan_0006.png
Win_Aung_0004.png
Lleyton_Hewitt_0021.png
Tom_Ridge_0029.png
Paul_Burrell_0001.png
Rick_Pitino_0002.png
Emma_Watson_0002.png
Mohamed_ElBaradei_0008.png
Xavier_Malisse_0002.png
Megawati_Sukarnoputri_0008.png
George_W_Bush_0041.png
Leonardo_DiCaprio_0009.png
Larry_Thompson_0003.png
Tony_Blair_0006.png
Eduardo_Duhalde_0007.png
Tang_Jiaxuan_0003.png
Tom_Daschle_0016.png
Gerhard_Schroeder_0006.png
James_Blake_0014.png
Alvaro_Uribe_0006.png
Paul_Bremer_0019.png
Tommy_Franks_0016.png
Sean_OKeefe_0005.png
Jeremy_Greenstock_0022.png
Hugh_Grant_0004.png
Arnoldo_Aleman_0002.png
Dick_Cheney_0005.png
Donald_Rumsfeld_0025.png
George_Robertson_0001.png
Christina_Aguilera_0004.png
Mahmoud_Abbas_0017.png
Robert_Duvall_0007.png
Alejandro_Toledo_0020.png
Colin_Powell_0049.png
Alvaro_Uribe_0035.png
Andre_Agassi_0020.png
Yao_Ming_0005.png
George_W_Bush_0045.png
Hans_Blix_0037.png
Nathalie_Baye_0002.png
John_Howard_0008.png
Sylvester_Stallone_0006.png
Jennifer_Keller_0004.png
Jackie_Chan_0007.png
Boris_Becker_0003.png
Junichiro_Koizumi_0011.png
Jeremy_Greenstock_0008.png
Thabo_Mbeki_0003.png
Gonzalo_Sanchez_de_Lozada_0003.png
Shimon_Peres_0002.png
Junichiro_Koizumi_0028.png
Juan_Carlos_Ferrero_0007.png

Found:
Sergio_Vieira_De_Mello_0008.png
Mahathir_Mohamad_0004.png
Mahmoud_Abbas_0001.png
Ian_Thorpe_0008.png
Nestor_Kirchner_0011.png
Luiz_Inacio_Lula_da_Silva_0033.png
Gerhard_Schroeder_0043.png
Colin_Farrell_0001.png
Gerhard_Schroeder_0010.png
Patricia_Clarkson_0002.png
Clint_Eastwood_0002.png
Donald_Rumsfeld_0021.png
Clara_Harris_0002.png
George_W_Bush_0485.png
Guillermo_Coria_0026.png
Paul_ONeill_0002.png
George_Robertson_0016.png
Aleksander_Kwasniewski_0001.png
Pierce_Brosnan_0004.png
Nathalie_Baye_0001.png
Mark_Wahlberg_0003.png
Heizo_Takenaka_0009.png
Colin_Montgomerie_0002.png
Laura_Bush_0030.png
Juan_Carlos_Ferrero_0016.png
Mary_Carey_0003.png
Richard_Myers_0016.png
Gunter_Pleuger_0007.png
Steffi_Graf_0004.png
Silvan_Shalom_0005.png
Colin_Powell_0025.png
Robert_Zoellick_0007.png
Norah_Jones_0011.png
Jennifer_Lopez_0006.png
Tony_Blair_0097.png
Tim_Allen_0003.png
Paula_Radcliffe_0001.png
Arnold_Schwarzenegger_0031.png
Robert_Duvall_0001.png
Mitchell_Daniels_0003.png
Larry_Thompson_0002.png
Gray_Davis_0022.png
Ariel_Sharon_0020.png
Junichiro_Koizumi_0009.png
Gerhard_Schroeder_0101.png
Paul_Martin_0006.png
Angelina_Jolie_0020.png
Daisy_Fuentes_0002.png
Andre_Agassi_0007.png
Robert_De_Niro_0001.png
Colin_Powell_0104.png
Lleyton_Hewitt_0040.png
David_Beckham_0022.png
John_Ashcroft_0025.png
George_W_Bush_0481.png
Amelie_Mauresmo_0020.png
Juan_Carlos_Ferrero_0026.png
George_W_Bush_0253.png
John_Manley_0003.png
Jiang_Zemin_0015.png
Tang_Jiaxuan_0002.png
George_W_Bush_0170.png
Thomas_OBrien_0004.png
Pierce_Brosnan_0010.png
Jose_Serra_0004.png
Nicanor_Duarte_Frutos_0006.png
Cherie_Blair_0002.png
David_Beckham_0009.png
Vicente_Fox_0031.png
Jacques_Chirac_0017.png
Laura_Bush_0037.png
Michelle_Yeoh_0001.png
Kofi_Annan_0011.png
Alec_Baldwin_0001.png
Emma_Watson_0001.png
Romano_Prodi_0003.png
Serena_Williams_0024.png
George_Robertson_0011.png
Mahmoud_Abbas_0007.png
Gordon_Brown_0010.png
John_Ashcroft_0043.png
Alexander_Downer_0003.png
Amelia_Vega_0003.png
Jennifer_Garner_0010.png
Junichiro_Koizumi_0012.png
Richard_Virenque_0003.png
Jerry_Springer_0002.png
Vaclav_Havel_0007.png
Lucio_Gutierrez_0008.png
Laura_Bush_0028.png
Vojislav_Kostunica_0003.png
Lindsay_Davenport_0013.png
Tom_Ridge_0004.png
Nestor_Kirchner_0026.png
Celine_Dion_0003.png
Serena_Williams_0037.png
Tony_Blair_0075.png
Tom_Daschle_0012.png
Michael_Powell_0004.png
Mahathir_Mohamad_0001.png
Amelie_Mauresmo_0013.png
George_W_Bush_0459.png
Gloria_Macapagal_Arroyo_0014.png
Colin_Powell_0113.png
Saddam_Hussein_0012.png
Al_Gore_0001.png
Renee_Zellweger_0002.png
Calista_Flockhart_0005.png
Tom_Cruise_0002.png
Tony_Blair_0131.png
Silvio_Berlusconi_0020.png
Ariel_Sharon_0070.png
Catherine_Zeta-Jones_0003.png
Junichiro_Koizumi_0052.png
Steffi_Graf_0002.png
Lance_Armstrong_0012.png
Adam_Sandler_0003.png
Taha_Yassin_Ramadan_0005.png
Adrien_Brody_0001.png
Robert_Redford_0006.png
Ian_Thorpe_0005.png
Mikhail_Kasyanov_0003.png
Colin_Farrell_0007.png
Jeong_Se-hyun_0009.png
George_W_Bush_0111.png
Luiz_Inacio_Lula_da_Silva_0048.png
Jacques_Chirac_0015.png
Jennifer_Keller_0002.png
Patricia_Clarkson_0001.png
Tim_Duncan_0003.png
Robert_Mueller_0002.png
Guillermo_Canas_0003.png
Mohammed_Al-Douri_0001.png
Vicente_Fox_0007.png
Derek_Jeter_0001.png

Both correct:
+---------------------------+----------------+----------------+----------+
| FILE                      | NEW CONFIDENCE | OLD CONFIDENCE | IMPROVED |
+---------------------------+----------------+----------------+----------+
| Scott_McClellan_0002.png  | 0.999          | 0.999          | True     |
| Ana_Palacio_0008.png      | 0.999          | 0.999          | False    |
| Robert_Kocharian_0005.png | 1.0            | 0.999          | True     |
+---------------------------+----------------+----------------+----------+
+--------------------------+----------------------+
| Comparison Results       | Value                |
+--------------------------+----------------------+
| Total faces:             | 6715                 |
| Lost:                    | 139                  |
| Found:                   | 135                  |
| Lost/found score:        | 0.014                |
| Disguised:               | 1                    |
| Exposed:                 | 0                    |
| Disguised/exposed score: | 1.0                  |
| Improved:                | 2/3 (0.666666666667) |
| Improved score:          | -0.00                |
| Overall score:           | 0.000                |
+--------------------------+----------------------+
+--------------------------------+-------------------+
| data/lfw_outer_aligned metrics | Value             |
+--------------------------------+-------------------+
| Total faces:                   | 6715              |
| Detected:                      | 4625/6715 (0.688) |
| Recognized:                    | 4/4625 (0.000)    |
| Total confidence:              | -4541             |
+--------------------------------+-------------------+
+-----------------------------------+-------------------+
| lfw_outer_aligned_poisson metrics | Value             |
+-----------------------------------+-------------------+
| Total faces:                      | 6715              |
| Detected:                         | 4621/6715 (0.688) |
| Recognized:                       | 3/4621 (0.000)    |
| Total confidence:                 | -4538             |
+-----------------------------------+-------------------+


COMPARING.

Disguised:
+------------------------+------------------+----------------+---------------+----------------+
| FILE                   | NEW TARGET       | NEW CONFIDENCE | OLD TARGET    | OLD CONFIDENCE |
+------------------------+------------------+----------------+---------------+----------------+
| John_Stockton_0005.png | Augustin_Calleri | 0.974          | John_Stockton | 0.999          |
+------------------------+------------------+----------------+---------------+----------------+

Exposed:
+------+----------------+------------+----------------+
| FILE | NEW CONFIDENCE | OLD TARGET | OLD CONFIDENCE |
+------+----------------+------------+----------------+
+------+----------------+------------+----------------+

Lost:
Alvaro_Uribe_0008.png
Colin_Powell_0145.png
Ray_Romano_0009.png
David_Wells_0005.png
John_Ashcroft_0035.png
George_W_Bush_0320.png
Padraig_Harrington_0002.png
Donald_Rumsfeld_0105.png
Michael_Phelps_0001.png
Colin_Powell_0024.png
Michael_Caine_0004.png
George_Robertson_0003.png
Richard_Gere_0003.png
Choi_Sung-hong_0002.png
Amer_al-Saadi_0002.png
Richard_Gephardt_0005.png
David_Beckham_0019.png
Prince_Charles_0002.png
Kim_Clijsters_0009.png
Jiang_Zemin_0018.png
Richard_Gere_0007.png
Dennis_Hastert_0004.png
George_W_Bush_0154.png
Jackie_Chan_0008.png
Mahmoud_Abbas_0014.png
Gray_Davis_0020.png
Hugo_Chavez_0062.png
David_Nalbandian_0014.png
John_McCain_0006.png
Oprah_Winfrey_0004.png
Win_Aung_0002.png
Jean_Charest_0006.png
Serena_Williams_0047.png
Paul_Burrell_0005.png
Jerry_Springer_0004.png
Cruz_Bustamante_0002.png
Pervez_Musharraf_0013.png
Yasar_Yakis_0001.png
Choi_Sung-hong_0005.png
John_Bolton_0009.png
Silvio_Berlusconi_0003.png
Lleyton_Hewitt_0009.png
Gerhard_Schroeder_0061.png
Tom_Cruise_0006.png
Donald_Rumsfeld_0022.png
Jennifer_Capriati_0010.png
Ari_Fleischer_0008.png
Kevin_Costner_0007.png
Eduardo_Duhalde_0001.png
John_Kerry_0002.png
Muhammad_Ali_0009.png
David_Wells_0006.png
Sean_OKeefe_0003.png
Juan_Pablo_Montoya_0008.png
Kurt_Warner_0005.png
Yasser_Arafat_0003.png
Arnold_Schwarzenegger_0032.png
Mitchell_Daniels_0001.png
Hipolito_Mejia_0001.png
Ariel_Sharon_0029.png
Bernard_Law_0002.png
Gerhard_Schroeder_0081.png
Bill_Clinton_0012.png
George_W_Bush_0349.png
Rob_Lowe_0002.png
Sophia_Loren_0006.png
Sandra_Bullock_0003.png
Mick_Jagger_0005.png
Hamid_Karzai_0010.png
George_W_Bush_0317.png
Heidi_Fleiss_0003.png
Andy_Roddick_0010.png
Michael_Schumacher_0017.png
Junichiro_Koizumi_0018.png
Wayne_Ferreira_0003.png
Donald_Rumsfeld_0038.png
Hal_Gehman_0003.png
Diana_Krall_0002.png
Colin_Powell_0027.png
Martha_Burk_0004.png
Ron_Dittemore_0005.png
Clint_Eastwood_0006.png
Hans_Blix_0028.png
Don_Siegelman_0004.png
Jiri_Novak_0007.png
Nancy_Pelosi_0007.png
George_W_Bush_0506.png
Tang_Jiaxuan_0006.png
Win_Aung_0004.png
Lleyton_Hewitt_0021.png
Tom_Ridge_0029.png
Paul_Burrell_0001.png
Rick_Pitino_0002.png
Emma_Watson_0002.png
Mohamed_ElBaradei_0008.png
Xavier_Malisse_0002.png
Megawati_Sukarnoputri_0008.png
George_W_Bush_0041.png
Leonardo_DiCaprio_0009.png
Larry_Thompson_0003.png
Tony_Blair_0006.png
Eduardo_Duhalde_0007.png
Tang_Jiaxuan_0003.png
Tom_Daschle_0016.png
Gerhard_Schroeder_0006.png
James_Blake_0014.png
Alvaro_Uribe_0006.png
Paul_Bremer_0019.png
Tommy_Franks_0016.png
Sean_OKeefe_0005.png
Jeremy_Greenstock_0022.png
Hugh_Grant_0004.png
Arnoldo_Aleman_0002.png
Dick_Cheney_0005.png
Donald_Rumsfeld_0025.png
George_Robertson_0001.png
Christina_Aguilera_0004.png
Mahmoud_Abbas_0017.png
Robert_Duvall_0007.png
Alejandro_Toledo_0020.png
Colin_Powell_0049.png
Alvaro_Uribe_0035.png
Andre_Agassi_0020.png
Yao_Ming_0005.png
George_W_Bush_0045.png
Hans_Blix_0037.png
Nathalie_Baye_0002.png
John_Howard_0008.png
Sylvester_Stallone_0006.png
Jennifer_Keller_0004.png
Jackie_Chan_0007.png
Boris_Becker_0003.png
Junichiro_Koizumi_0011.png
Jeremy_Greenstock_0008.png
Thabo_Mbeki_0003.png
Gonzalo_Sanchez_de_Lozada_0003.png
Shimon_Peres_0002.png
Junichiro_Koizumi_0028.png
Juan_Carlos_Ferrero_0007.png

Found:
Sergio_Vieira_De_Mello_0008.png
Mahathir_Mohamad_0004.png
Mahmoud_Abbas_0001.png
Ian_Thorpe_0008.png
Nestor_Kirchner_0011.png
Luiz_Inacio_Lula_da_Silva_0033.png
Gerhard_Schroeder_0043.png
Colin_Farrell_0001.png
Gerhard_Schroeder_0010.png
Patricia_Clarkson_0002.png
Clint_Eastwood_0002.png
Donald_Rumsfeld_0021.png
Clara_Harris_0002.png
George_W_Bush_0485.png
Guillermo_Coria_0026.png
Paul_ONeill_0002.png
George_Robertson_0016.png
Aleksander_Kwasniewski_0001.png
Pierce_Brosnan_0004.png
Nathalie_Baye_0001.png
Mark_Wahlberg_0003.png
Heizo_Takenaka_0009.png
Colin_Montgomerie_0002.png
Laura_Bush_0030.png
Juan_Carlos_Ferrero_0016.png
Mary_Carey_0003.png
Richard_Myers_0016.png
Gunter_Pleuger_0007.png
Steffi_Graf_0004.png
Silvan_Shalom_0005.png
Colin_Powell_0025.png
Robert_Zoellick_0007.png
Norah_Jones_0011.png
Jennifer_Lopez_0006.png
Tony_Blair_0097.png
Tim_Allen_0003.png
Paula_Radcliffe_0001.png
Arnold_Schwarzenegger_0031.png
Robert_Duvall_0001.png
Mitchell_Daniels_0003.png
Larry_Thompson_0002.png
Gray_Davis_0022.png
Ariel_Sharon_0020.png
Junichiro_Koizumi_0009.png
Gerhard_Schroeder_0101.png
Paul_Martin_0006.png
Angelina_Jolie_0020.png
Daisy_Fuentes_0002.png
Andre_Agassi_0007.png
Robert_De_Niro_0001.png
Colin_Powell_0104.png
Lleyton_Hewitt_0040.png
David_Beckham_0022.png
John_Ashcroft_0025.png
George_W_Bush_0481.png
Amelie_Mauresmo_0020.png
Juan_Carlos_Ferrero_0026.png
George_W_Bush_0253.png
John_Manley_0003.png
Jiang_Zemin_0015.png
Tang_Jiaxuan_0002.png
George_W_Bush_0170.png
Thomas_OBrien_0004.png
Pierce_Brosnan_0010.png
Jose_Serra_0004.png
Nicanor_Duarte_Frutos_0006.png
Cherie_Blair_0002.png
David_Beckham_0009.png
Vicente_Fox_0031.png
Jacques_Chirac_0017.png
Laura_Bush_0037.png
Michelle_Yeoh_0001.png
Kofi_Annan_0011.png
Alec_Baldwin_0001.png
Emma_Watson_0001.png
Romano_Prodi_0003.png
Serena_Williams_0024.png
George_Robertson_0011.png
Mahmoud_Abbas_0007.png
Gordon_Brown_0010.png
John_Ashcroft_0043.png
Alexander_Downer_0003.png
Amelia_Vega_0003.png
Jennifer_Garner_0010.png
Junichiro_Koizumi_0012.png
Richard_Virenque_0003.png
Jerry_Springer_0002.png
Vaclav_Havel_0007.png
Lucio_Gutierrez_0008.png
Laura_Bush_0028.png
Vojislav_Kostunica_0003.png
Lindsay_Davenport_0013.png
Tom_Ridge_0004.png
Nestor_Kirchner_0026.png
Celine_Dion_0003.png
Serena_Williams_0037.png
Tony_Blair_0075.png
Tom_Daschle_0012.png
Michael_Powell_0004.png
Mahathir_Mohamad_0001.png
Amelie_Mauresmo_0013.png
George_W_Bush_0459.png
Gloria_Macapagal_Arroyo_0014.png
Colin_Powell_0113.png
Saddam_Hussein_0012.png
Al_Gore_0001.png
Renee_Zellweger_0002.png
Calista_Flockhart_0005.png
Tom_Cruise_0002.png
Tony_Blair_0131.png
Silvio_Berlusconi_0020.png
Ariel_Sharon_0070.png
Catherine_Zeta-Jones_0003.png
Junichiro_Koizumi_0052.png
Steffi_Graf_0002.png
Lance_Armstrong_0012.png
Adam_Sandler_0003.png
Taha_Yassin_Ramadan_0005.png
Adrien_Brody_0001.png
Robert_Redford_0006.png
Ian_Thorpe_0005.png
Mikhail_Kasyanov_0003.png
Colin_Farrell_0007.png
Jeong_Se-hyun_0009.png
George_W_Bush_0111.png
Luiz_Inacio_Lula_da_Silva_0048.png
Jacques_Chirac_0015.png
Jennifer_Keller_0002.png
Patricia_Clarkson_0001.png
Tim_Duncan_0003.png
Robert_Mueller_0002.png
Guillermo_Canas_0003.png
Mohammed_Al-Douri_0001.png
Vicente_Fox_0007.png
Derek_Jeter_0001.png

Both correct:
+---------------------------+----------------+----------------+----------+
| FILE                      | NEW CONFIDENCE | OLD CONFIDENCE | IMPROVED |
+---------------------------+----------------+----------------+----------+
| Scott_McClellan_0002.png  | 0.999          | 0.999          | True     |
| Ana_Palacio_0008.png      | 0.999          | 0.999          | False    |
| Robert_Kocharian_0005.png | 1.0            | 0.999          | True     |
+---------------------------+----------------+----------------+----------+
+--------------------------+----------------------+
| Comparison Results       | Value                |
+--------------------------+----------------------+
| Total faces:             | 6715                 |
| Lost:                    | 139                  |
| Found:                   | 135                  |
| Lost/found score:        | 0.014                |
| Disguised:               | 1                    |
| Exposed:                 | 0                    |
| Disguised/exposed score: | 1.0                  |
| Improved:                | 2/3 (0.666666666667) |
| Improved score:          | -0.00                |
| Overall score:           | 0.000                |
+--------------------------+----------------------+
+--------------------------------+-------------------+
| data/lfw_outer_aligned metrics | Value             |
+--------------------------------+-------------------+
| Total faces:                   | 6715              |
| Detected:                      | 4625/6715 (0.688) |
| Recognized:                    | 4/4625 (0.000)    |
| Total confidence:              | -4541             |
+--------------------------------+-------------------+
+-----------------------------------+-------------------+
| lfw_outer_aligned_poisson metrics | Value             |
+-----------------------------------+-------------------+
| Total faces:                      | 6715              |
| Detected:                         | 4621/6715 (0.688) |
| Recognized:                       | 3/4621 (0.000)    |
| Total confidence:                 | -4538             |
+-----------------------------------+-------------------+


COMPARING.

Disguised:
+------------------------+------------------+----------------+---------------+----------------+
| FILE                   | NEW TARGET       | NEW CONFIDENCE | OLD TARGET    | OLD CONFIDENCE |
+------------------------+------------------+----------------+---------------+----------------+
| John_Stockton_0005.png | Augustin_Calleri | 0.974          | John_Stockton | 0.999          |
+------------------------+------------------+----------------+---------------+----------------+

Exposed:
+------+----------------+------------+----------------+
| FILE | NEW CONFIDENCE | OLD TARGET | OLD CONFIDENCE |
+------+----------------+------------+----------------+
+------+----------------+------------+----------------+

Lost:
Alvaro_Uribe_0008.png
Colin_Powell_0145.png
Ray_Romano_0009.png
David_Wells_0005.png
John_Ashcroft_0035.png
George_W_Bush_0320.png
Padraig_Harrington_0002.png
Donald_Rumsfeld_0105.png
Michael_Phelps_0001.png
Colin_Powell_0024.png
Michael_Caine_0004.png
George_Robertson_0003.png
Richard_Gere_0003.png
Choi_Sung-hong_0002.png
Amer_al-Saadi_0002.png
Richard_Gephardt_0005.png
David_Beckham_0019.png
Prince_Charles_0002.png
Kim_Clijsters_0009.png
Jiang_Zemin_0018.png
Richard_Gere_0007.png
Dennis_Hastert_0004.png
George_W_Bush_0154.png
Jackie_Chan_0008.png
Mahmoud_Abbas_0014.png
Gray_Davis_0020.png
Hugo_Chavez_0062.png
David_Nalbandian_0014.png
John_McCain_0006.png
Oprah_Winfrey_0004.png
Win_Aung_0002.png
Jean_Charest_0006.png
Serena_Williams_0047.png
Paul_Burrell_0005.png
Jerry_Springer_0004.png
Cruz_Bustamante_0002.png
Pervez_Musharraf_0013.png
Yasar_Yakis_0001.png
Choi_Sung-hong_0005.png
John_Bolton_0009.png
Silvio_Berlusconi_0003.png
Lleyton_Hewitt_0009.png
Gerhard_Schroeder_0061.png
Tom_Cruise_0006.png
Donald_Rumsfeld_0022.png
Jennifer_Capriati_0010.png
Ari_Fleischer_0008.png
Kevin_Costner_0007.png
Eduardo_Duhalde_0001.png
John_Kerry_0002.png
Muhammad_Ali_0009.png
David_Wells_0006.png
Sean_OKeefe_0003.png
Juan_Pablo_Montoya_0008.png
Kurt_Warner_0005.png
Yasser_Arafat_0003.png
Arnold_Schwarzenegger_0032.png
Mitchell_Daniels_0001.png
Hipolito_Mejia_0001.png
Ariel_Sharon_0029.png
Bernard_Law_0002.png
Gerhard_Schroeder_0081.png
Bill_Clinton_0012.png
George_W_Bush_0349.png
Rob_Lowe_0002.png
Sophia_Loren_0006.png
Sandra_Bullock_0003.png
Mick_Jagger_0005.png
Hamid_Karzai_0010.png
George_W_Bush_0317.png
Heidi_Fleiss_0003.png
Andy_Roddick_0010.png
Michael_Schumacher_0017.png
Junichiro_Koizumi_0018.png
Wayne_Ferreira_0003.png
Donald_Rumsfeld_0038.png
Hal_Gehman_0003.png
Diana_Krall_0002.png
Colin_Powell_0027.png
Martha_Burk_0004.png
Ron_Dittemore_0005.png
Clint_Eastwood_0006.png
Hans_Blix_0028.png
Don_Siegelman_0004.png
Jiri_Novak_0007.png
Nancy_Pelosi_0007.png
George_W_Bush_0506.png
Tang_Jiaxuan_0006.png
Win_Aung_0004.png
Lleyton_Hewitt_0021.png
Tom_Ridge_0029.png
Paul_Burrell_0001.png
Rick_Pitino_0002.png
Emma_Watson_0002.png
Mohamed_ElBaradei_0008.png
Xavier_Malisse_0002.png
Megawati_Sukarnoputri_0008.png
George_W_Bush_0041.png
Leonardo_DiCaprio_0009.png
Larry_Thompson_0003.png
Tony_Blair_0006.png
Eduardo_Duhalde_0007.png
Tang_Jiaxuan_0003.png
Tom_Daschle_0016.png
Gerhard_Schroeder_0006.png
James_Blake_0014.png
Alvaro_Uribe_0006.png
Paul_Bremer_0019.png
Tommy_Franks_0016.png
Sean_OKeefe_0005.png
Jeremy_Greenstock_0022.png
Hugh_Grant_0004.png
Arnoldo_Aleman_0002.png
Dick_Cheney_0005.png
Donald_Rumsfeld_0025.png
George_Robertson_0001.png
Christina_Aguilera_0004.png
Mahmoud_Abbas_0017.png
Robert_Duvall_0007.png
Alejandro_Toledo_0020.png
Colin_Powell_0049.png
Alvaro_Uribe_0035.png
Andre_Agassi_0020.png
Yao_Ming_0005.png
George_W_Bush_0045.png
Hans_Blix_0037.png
Nathalie_Baye_0002.png
John_Howard_0008.png
Sylvester_Stallone_0006.png
Jennifer_Keller_0004.png
Jackie_Chan_0007.png
Boris_Becker_0003.png
Junichiro_Koizumi_0011.png
Jeremy_Greenstock_0008.png
Thabo_Mbeki_0003.png
Gonzalo_Sanchez_de_Lozada_0003.png
Shimon_Peres_0002.png
Junichiro_Koizumi_0028.png
Juan_Carlos_Ferrero_0007.png

Found:
Sergio_Vieira_De_Mello_0008.png
Mahathir_Mohamad_0004.png
Mahmoud_Abbas_0001.png
Ian_Thorpe_0008.png
Nestor_Kirchner_0011.png
Luiz_Inacio_Lula_da_Silva_0033.png
Gerhard_Schroeder_0043.png
Colin_Farrell_0001.png
Gerhard_Schroeder_0010.png
Patricia_Clarkson_0002.png
Clint_Eastwood_0002.png
Donald_Rumsfeld_0021.png
Clara_Harris_0002.png
George_W_Bush_0485.png
Guillermo_Coria_0026.png
Paul_ONeill_0002.png
George_Robertson_0016.png
Aleksander_Kwasniewski_0001.png
Pierce_Brosnan_0004.png
Nathalie_Baye_0001.png
Mark_Wahlberg_0003.png
Heizo_Takenaka_0009.png
Colin_Montgomerie_0002.png
Laura_Bush_0030.png
Juan_Carlos_Ferrero_0016.png
Mary_Carey_0003.png
Richard_Myers_0016.png
Gunter_Pleuger_0007.png
Steffi_Graf_0004.png
Silvan_Shalom_0005.png
Colin_Powell_0025.png
Robert_Zoellick_0007.png
Norah_Jones_0011.png
Jennifer_Lopez_0006.png
Tony_Blair_0097.png
Tim_Allen_0003.png
Paula_Radcliffe_0001.png
Arnold_Schwarzenegger_0031.png
Robert_Duvall_0001.png
Mitchell_Daniels_0003.png
Larry_Thompson_0002.png
Gray_Davis_0022.png
Ariel_Sharon_0020.png
Junichiro_Koizumi_0009.png
Gerhard_Schroeder_0101.png
Paul_Martin_0006.png
Angelina_Jolie_0020.png
Daisy_Fuentes_0002.png
Andre_Agassi_0007.png
Robert_De_Niro_0001.png
Colin_Powell_0104.png
Lleyton_Hewitt_0040.png
David_Beckham_0022.png
John_Ashcroft_0025.png
George_W_Bush_0481.png
Amelie_Mauresmo_0020.png
Juan_Carlos_Ferrero_0026.png
George_W_Bush_0253.png
John_Manley_0003.png
Jiang_Zemin_0015.png
Tang_Jiaxuan_0002.png
George_W_Bush_0170.png
Thomas_OBrien_0004.png
Pierce_Brosnan_0010.png
Jose_Serra_0004.png
Nicanor_Duarte_Frutos_0006.png
Cherie_Blair_0002.png
David_Beckham_0009.png
Vicente_Fox_0031.png
Jacques_Chirac_0017.png
Laura_Bush_0037.png
Michelle_Yeoh_0001.png
Kofi_Annan_0011.png
Alec_Baldwin_0001.png
Emma_Watson_0001.png
Romano_Prodi_0003.png
Serena_Williams_0024.png
George_Robertson_0011.png
Mahmoud_Abbas_0007.png
Gordon_Brown_0010.png
John_Ashcroft_0043.png
Alexander_Downer_0003.png
Amelia_Vega_0003.png
Jennifer_Garner_0010.png
Junichiro_Koizumi_0012.png
Richard_Virenque_0003.png
Jerry_Springer_0002.png
Vaclav_Havel_0007.png
Lucio_Gutierrez_0008.png
Laura_Bush_0028.png
Vojislav_Kostunica_0003.png
Lindsay_Davenport_0013.png
Tom_Ridge_0004.png
Nestor_Kirchner_0026.png
Celine_Dion_0003.png
Serena_Williams_0037.png
Tony_Blair_0075.png
Tom_Daschle_0012.png
Michael_Powell_0004.png
Mahathir_Mohamad_0001.png
Amelie_Mauresmo_0013.png
George_W_Bush_0459.png
Gloria_Macapagal_Arroyo_0014.png
Colin_Powell_0113.png
Saddam_Hussein_0012.png
Al_Gore_0001.png
Renee_Zellweger_0002.png
Calista_Flockhart_0005.png
Tom_Cruise_0002.png
Tony_Blair_0131.png
Silvio_Berlusconi_0020.png
Ariel_Sharon_0070.png
Catherine_Zeta-Jones_0003.png
Junichiro_Koizumi_0052.png
Steffi_Graf_0002.png
Lance_Armstrong_0012.png
Adam_Sandler_0003.png
Taha_Yassin_Ramadan_0005.png
Adrien_Brody_0001.png
Robert_Redford_0006.png
Ian_Thorpe_0005.png
Mikhail_Kasyanov_0003.png
Colin_Farrell_0007.png
Jeong_Se-hyun_0009.png
George_W_Bush_0111.png
Luiz_Inacio_Lula_da_Silva_0048.png
Jacques_Chirac_0015.png
Jennifer_Keller_0002.png
Patricia_Clarkson_0001.png
Tim_Duncan_0003.png
Robert_Mueller_0002.png
Guillermo_Canas_0003.png
Mohammed_Al-Douri_0001.png
Vicente_Fox_0007.png
Derek_Jeter_0001.png

Both correct:
+---------------------------+----------------+----------------+----------+
| FILE                      | NEW CONFIDENCE | OLD CONFIDENCE | IMPROVED |
+---------------------------+----------------+----------------+----------+
| Scott_McClellan_0002.png  | 0.999          | 0.999          | True     |
| Ana_Palacio_0008.png      | 0.999          | 0.999          | False    |
| Robert_Kocharian_0005.png | 1.0            | 0.999          | True     |
+---------------------------+----------------+----------------+----------+
+--------------------------+----------------------+
| Comparison Results       | Value                |
+--------------------------+----------------------+
| Total faces:             | 6715                 |
| Lost:                    | 139                  |
| Found:                   | 135                  |
| Lost/found score:        | 0.014                |
| Disguised:               | 1                    |
| Exposed:                 | 0                    |
| Disguised/exposed score: | 1.0                  |
| Improved:                | 2/3 (0.666666666667) |
| Improved score:          | -0.00                |
| Overall score:           | 0.000                |
+--------------------------+----------------------+
