+--------------------------------+-------------------+
| data/lfw_inner_aligned metrics | Value             |
+--------------------------------+-------------------+
| Total faces:                   | 6715              |
| Detected:                      | 5425/6715 (0.807) |
| Recognized:                    | 1/5425 (0.000)    |
| Total confidence:              | -5282             |
+--------------------------------+-------------------+
+--------------------------------------+-------------------+
| lfw_inner_aligned_speckle100 metrics | Value             |
+--------------------------------------+-------------------+
| Total faces:                         | 6715              |
| Detected:                            | 4822/6715 (0.718) |
| Recognized:                          | 4/4822 (0.000)    |
| Total confidence:                    | -4665             |
+--------------------------------------+-------------------+


COMPARING.

Disguised:
+------+------------+----------------+------------+----------------+
| FILE | NEW TARGET | NEW CONFIDENCE | OLD TARGET | OLD CONFIDENCE |
+------+------------+----------------+------------+----------------+
+------+------------+----------------+------------+----------------+

Exposed:
+---------------------------+----------------+-----------------------+----------------+
| FILE                      | NEW CONFIDENCE | OLD TARGET            | OLD CONFIDENCE |
+---------------------------+----------------+-----------------------+----------------+
| Michael_Chang_0005.png    | 0.945          | Jan_Ullrich           | 0.999          |
| Heath_Ledger_0003.png     | 0.999          | Kate_Winslet          | 0.552          |
| Carrie-Anne_Moss_0003.png | 0.999          | Dominique_de_Villepin | 0.751          |
+---------------------------+----------------+-----------------------+----------------+

Lost:
Jason_Kidd_0008.png
Ricardo_Lagos_0009.png
Alvaro_Uribe_0031.png
Roger_Federer_0003.png
Jean_Chretien_0002.png
George_W_Bush_0070.png
George_W_Bush_0482.png
Gene_Robinson_0005.png
William_Bulger_0002.png
John_Manley_0001.png
Edward_Lu_0001.png
Charles_Moose_0013.png
Luiz_Inacio_Lula_da_Silva_0046.png
Sarah_Jessica_Parker_0002.png
Bertie_Ahern_0001.png
Michael_Schumacher_0010.png
Ian_Thorpe_0008.png
Al_Sharpton_0001.png
Spencer_Abraham_0006.png
Bruce_Springsteen_0004.png
Saddam_Hussein_0021.png
Li_Peng_0007.png
Kofi_Annan_0015.png
Hamid_Karzai_0006.png
Pierce_Brosnan_0012.png
Jennifer_Capriati_0011.png
Nestor_Kirchner_0013.png
Jean_Chretien_0029.png
Arnold_Schwarzenegger_0040.png
Fujio_Cho_0001.png
Recep_Tayyip_Erdogan_0003.png
John_Ashcroft_0035.png
Joschka_Fischer_0004.png
Jerry_Regier_0001.png
Rick_Perry_0001.png
Sergei_Ivanov_0005.png
Gray_Davis_0011.png
Dominique_de_Villepin_0008.png
Fidel_Castro_0017.png
Eduardo_Duhalde_0010.png
Donald_Rumsfeld_0105.png
Tony_Blair_0090.png
Colin_Powell_0024.png
Megawati_Sukarnoputri_0003.png
Monica_Bellucci_0001.png
William_Donaldson_0005.png
Antonio_Palocci_0005.png
Christine_Todd_Whitman_0003.png
Laura_Bush_0006.png
Lance_Armstrong_0009.png
Jennifer_Garner_0008.png
Jesse_Jackson_0004.png
Clint_Eastwood_0002.png
Ana_Palacio_0006.png
Gloria_Macapagal_Arroyo_0020.png
George_Lopez_0003.png
Donald_Rumsfeld_0042.png
George_Robertson_0003.png
Mahmoud_Abbas_0002.png
John_Negroponte_0026.png
Larry_Brown_0007.png
Ali_Naimi_0004.png
Scott_Peterson_0004.png
Gonzalo_Sanchez_de_Lozada_0010.png
Clara_Harris_0002.png
Guillermo_Coria_0026.png
Monica_Bellucci_0002.png
Tom_Hanks_0002.png
Juan_Carlos_Ferrero_0018.png
Nicanor_Duarte_Frutos_0011.png
James_Kopp_0001.png
Paul_ONeill_0006.png
Nestor_Kirchner_0031.png
Gray_Davis_0026.png
Jeb_Bush_0009.png
Hans_Blix_0022.png
Tony_Blair_0059.png
Silvio_Berlusconi_0013.png
Hugo_Chavez_0065.png
Joe_Torre_0001.png
Julianne_Moore_0008.png
Bill_Graham_0002.png
Ana_Palacio_0002.png
George_Robertson_0016.png
Dennis_Hastert_0004.png
Nathalie_Baye_0001.png
David_Stern_0001.png
Andre_Agassi_0036.png
Greg_Rusedski_0002.png
Tony_Blair_0085.png
Hamid_Karzai_0008.png
Gunter_Pleuger_0001.png
Bashar_Assad_0001.png
Mark_Wahlberg_0003.png
Lleyton_Hewitt_0015.png
Mohammed_Al-Douri_0011.png
Christine_Baumgartner_0004.png
Jose_Maria_Aznar_0018.png
Lindsay_Davenport_0008.png
Mick_Jagger_0004.png
Elizabeth_Hurley_0001.png
Mariah_Carey_0002.png
John_Paul_II_0001.png
Michael_Chiklis_0005.png
Tommy_Haas_0004.png
George_W_Bush_0154.png
Lance_Armstrong_0007.png
Jim_Hahn_0004.png
Silvio_Berlusconi_0021.png
Bill_McBride_0006.png
Bill_Simon_0015.png
Vladimir_Putin_0023.png
Franz_Muentefering_0002.png
Slobodan_Milosevic_0002.png
Richard_Armitage_0002.png
Jack_Straw_0022.png
Clare_Short_0001.png
George_W_Bush_0250.png
Hu_Jintao_0011.png
Charles_Moose_0008.png
John_McCain_0001.png
Bernard_Landry_0002.png
Hugo_Chavez_0062.png
Wayne_Ferreira_0004.png
Jiang_Zemin_0004.png
Paula_Radcliffe_0003.png
Hillary_Clinton_0005.png
Winona_Ryder_0004.png
Arnold_Schwarzenegger_0026.png
Arnold_Schwarzenegger_0021.png
Trent_Lott_0001.png
Fernando_Gonzalez_0007.png
Rubens_Barrichello_0002.png
Carla_Del_Ponte_0005.png
Pete_Sampras_0015.png
Susilo_Bambang_Yudhoyono_0001.png
Tom_Hanks_0003.png
Gerhard_Schroeder_0041.png
George_W_Bush_0309.png
Jeong_Se-hyun_0005.png
Win_Aung_0002.png
Tom_Ridge_0012.png
Todd_Haynes_0003.png
Tom_Ridge_0009.png
Serena_Williams_0018.png
Jean_Charest_0006.png
Serena_Williams_0047.png
Paul_Burrell_0005.png
George_Pataki_0003.png
Hugo_Chavez_0066.png
Gloria_Macapagal_Arroyo_0002.png
Donald_Rumsfeld_0009.png
Laura_Bush_0009.png
Silvan_Shalom_0005.png
Pamela_Anderson_0002.png
Tom_Daschle_0006.png
Christine_Todd_Whitman_0001.png
Jacques_Rogge_0003.png
JK_Rowling_0003.png
Tang_Jiaxuan_0001.png
Fidel_Castro_0003.png
Sebastien_Grosjean_0004.png
Steven_Spielberg_0006.png
Paula_Radcliffe_0006.png
Jennifer_Aniston_0017.png
Hans_Blix_0005.png
Lleyton_Hewitt_0038.png
Junichiro_Koizumi_0033.png
Yasar_Yakis_0001.png
Mahmoud_Abbas_0011.png
George_W_Bush_0390.png
George_W_Bush_0288.png
Jennifer_Capriati_0018.png
Tommy_Haas_0002.png
Elton_John_0004.png
George_W_Bush_0351.png
Amer_al-Saadi_0001.png
Silvan_Shalom_0006.png
Tony_Blair_0097.png
George_W_Bush_0292.png
Roberto_Carlos_0002.png
Lleyton_Hewitt_0037.png
Jose_Maria_Aznar_0008.png
Nestor_Kirchner_0020.png
George_W_Bush_0511.png
Janet_Napolitano_0004.png
Allyson_Felix_0005.png
Vanessa_Redgrave_0001.png
Arnold_Schwarzenegger_0038.png
Michelle_Kwan_0007.png
Kevin_Costner_0002.png
Paula_Radcliffe_0001.png
John_Ashcroft_0026.png
Oscar_De_La_Hoya_0004.png
Tony_Bennett_0001.png
Bill_Graham_0001.png
Jesse_Jackson_0003.png
Mian_Khursheed_Mehmood_Kasuri_0004.png
Andy_Roddick_0007.png
Arnold_Schwarzenegger_0031.png
Jacques_Chirac_0041.png
Jennifer_Capriati_0005.png
George_W_Bush_0273.png
Silvio_Berlusconi_0003.png
Anna_Kournikova_0008.png
Jean-Pierre_Raffarin_0007.png
Jean_Chretien_0017.png
Kim_Dae-jung_0005.png
Robert_Duvall_0001.png
George_W_Bush_0406.png
Felipe_Perez_Roque_0003.png
George_W_Bush_0275.png
Tiger_Woods_0018.png
Fujio_Cho_0005.png
Sophia_Loren_0007.png
Steve_Nash_0005.png
Vaclav_Havel_0008.png
Martha_Burk_0003.png
Richard_Myers_0011.png
Emanuel_Ginobili_0001.png
Jean_Chretien_0053.png
John_Stockton_0001.png
Bill_McBride_0005.png
Billy_Crystal_0002.png
Halle_Berry_0004.png
Junichiro_Koizumi_0022.png
Harry_Schmidt_0001.png
Lleyton_Hewitt_0024.png
Tony_Blair_0017.png
Donald_Rumsfeld_0022.png
John_Edwards_0004.png
Eduardo_Duhalde_0005.png
Alexander_Losyukov_0003.png
Dick_Cheney_0014.png
Dennis_Kucinich_0005.png
George_W_Bush_0439.png
Jennifer_Aniston_0014.png
Edward_Lu_0004.png
Paul_McCartney_0002.png
Eduardo_Duhalde_0001.png
Arnold_Schwarzenegger_0025.png
Jason_Kidd_0004.png
Hamid_Karzai_0021.png
Donald_Rumsfeld_0015.png
Rachel_Hunter_0003.png
Tommy_Haas_0001.png
Elton_John_0007.png
Prince_Charles_0003.png
Lindsay_Davenport_0014.png
Pete_Sampras_0016.png
George_W_Bush_0394.png
Michael_Douglas_0002.png
David_Wells_0006.png
Angelina_Jolie_0020.png
Prince_Claus_0004.png
Paul_Burrell_0004.png
Bill_Frist_0006.png
Atal_Bihari_Vajpayee_0001.png
Gordon_Brown_0005.png
Jiri_Novak_0001.png
Luiz_Inacio_Lula_da_Silva_0047.png
Bill_Paxton_0004.png
Kim_Clijsters_0001.png
George_Robertson_0007.png
Gloria_Macapagal_Arroyo_0024.png
Lleyton_Hewitt_0039.png
Thabo_Mbeki_0005.png
Thaksin_Shinawatra_0005.png
Paul_Bremer_0006.png
Arnold_Schwarzenegger_0032.png
Mohammed_Al-Douri_0009.png
Nick_Nolte_0001.png
Rubens_Barrichello_0006.png
Donald_Rumsfeld_0076.png
Conan_OBrien_0002.png
Jiang_Zemin_0011.png
Carlos_Menem_0004.png
Donald_Rumsfeld_0092.png
Guillermo_Coria_0002.png
Mitchell_Daniels_0001.png
Joseph_Biden_0001.png
Colin_Farrell_0006.png
Meryl_Streep_0008.png
Ethan_Hawke_0001.png
Jacques_Chirac_0020.png
Ariel_Sharon_0029.png
Sandra_Bullock_0001.png
Michael_Chang_0008.png
Pedro_Solbes_0001.png
James_Blake_0009.png
Junichiro_Koizumi_0040.png
George_W_Bush_0281.png
Guillermo_Coria_0020.png
Richard_Myers_0003.png
Boris_Becker_0006.png
Bill_Clinton_0012.png
William_Donaldson_0007.png
George_W_Bush_0524.png
Nestor_Kirchner_0003.png
Thomas_Fargo_0004.png
Pedro_Almodovar_0003.png
Joe_Nichols_0004.png
John_Abizaid_0008.png
Kim_Dae-jung_0006.png
Jacques_Chirac_0048.png
Vicente_Fox_0005.png
Tom_Ridge_0023.png
Gregg_Popovich_0004.png
Gloria_Macapagal_Arroyo_0026.png
Gene_Robinson_0002.png
Jeremy_Greenstock_0015.png
Dennis_Hastert_0001.png
Gerhard_Schroeder_0109.png
Mahathir_Mohamad_0010.png
Jack_Straw_0013.png
Silvan_Shalom_0003.png
Tang_Jiaxuan_0010.png
Kim_Ryong-sung_0010.png
Bud_Selig_0002.png
Lindsay_Davenport_0020.png
Thomas_OBrien_0004.png
Catherine_Deneuve_0001.png
Sebastien_Grosjean_0002.png
Atal_Bihari_Vajpayee_0023.png
Jean_Charest_0011.png
Justin_Timberlake_0005.png
Luiz_Inacio_Lula_da_Silva_0031.png
Ray_Romano_0006.png
Tom_Daschle_0022.png
Bashar_Assad_0003.png
Jean_Charest_0005.png
Justin_Timberlake_0001.png
Guillermo_Coria_0007.png
Gerhard_Schroeder_0013.png
Janet_Napolitano_0002.png
Lleyton_Hewitt_0014.png
Vitali_Klitschko_0002.png
Jennifer_Aniston_0008.png
Jacques_Chirac_0017.png
Tony_Bennett_0002.png
Jeremy_Greenstock_0020.png
Kofi_Annan_0019.png
Winona_Ryder_0024.png
Bob_Hope_0004.png
Jackie_Chan_0011.png
George_W_Bush_0060.png
Vladimir_Putin_0006.png
Rudolph_Giuliani_0003.png
John_Howard_0010.png
Zoran_Djindjic_0003.png
Tony_Blair_0142.png
Doris_Schroeder_0003.png
Gloria_Macapagal_Arroyo_0040.png
George_W_Bush_0121.png
John_Ashcroft_0039.png
George_W_Bush_0416.png
Hu_Jintao_0012.png
Herb_Sendek_0002.png
Roh_Moo-hyun_0026.png
Igor_Ivanov_0004.png
George_HW_Bush_0003.png
Binyamin_Ben-Eliezer_0006.png
George_W_Bush_0020.png
Michael_Bloomberg_0007.png
Alec_Baldwin_0001.png
Giuseppe_Gibilisco_0001.png
Hipolito_Mejia_0002.png
Michael_Bloomberg_0005.png
Gerhard_Schroeder_0092.png
Romano_Prodi_0003.png
George_W_Bush_0002.png
Tony_Blair_0119.png
Pedro_Almodovar_0002.png
Sophia_Loren_0001.png
Mohammed_Al-Douri_0014.png
Serena_Williams_0038.png
Jean_Chretien_0020.png
Amelie_Mauresmo_0005.png
Naomi_Watts_0002.png
Nestor_Kirchner_0037.png
Meryl_Streep_0001.png
Colin_Powell_0028.png
Michael_Schumacher_0004.png
Pierce_Brosnan_0013.png
Hugh_Grant_0002.png
Diana_Krall_0002.png
Rebekah_Chantay_Revels_0001.png
Junichiro_Koizumi_0007.png
Taha_Yassin_Ramadan_0008.png
Taha_Yassin_Ramadan_0014.png
Joan_Laporta_0004.png
Mahmoud_Abbas_0005.png
Martha_Burk_0004.png
Heath_Ledger_0001.png
Christopher_Reeve_0003.png
Michael_Jackson_0009.png
Christopher_Reeve_0001.png
Maria_Shriver_0002.png
Eduardo_Duhalde_0014.png
Vicente_Fox_0029.png
Clint_Eastwood_0006.png
Winona_Ryder_0002.png
Jean-Pierre_Raffarin_0001.png
Justin_Leonard_0003.png
Nestor_Kirchner_0017.png
Bill_Paxton_0003.png
Bruce_Springsteen_0002.png
Gerry_Adams_0005.png
Goldie_Hawn_0003.png
Yevgeny_Kafelnikov_0002.png
Jiri_Novak_0007.png
Paradorn_Srichaphan_0006.png
Mark_Hurlbert_0004.png
Jennifer_Garner_0010.png
Lleyton_Hewitt_0019.png
George_W_Bush_0146.png
Demi_Moore_0004.png
Carlos_Moya_0014.png
Lance_Armstrong_0001.png
Martha_Burk_0002.png
John_Bolton_0005.png
George_W_Bush_0297.png
George_W_Bush_0267.png
Naomi_Watts_0006.png
Silvio_Berlusconi_0027.png
Jon_Gruden_0002.png
Gerhard_Schroeder_0028.png
Howard_Dean_0008.png
Nancy_Pelosi_0007.png
Jerry_Springer_0002.png
George_W_Bush_0506.png
Howard_Dean_0005.png
Lleyton_Hewitt_0033.png
Nan_Wang_0003.png
Amelie_Mauresmo_0010.png
Rob_Marshall_0005.png
Herb_Sendek_0001.png
Tony_Blair_0029.png
Joschka_Fischer_0014.png
Walter_Mondale_0006.png
Jennifer_Capriati_0017.png
Cesar_Gaviria_0003.png
Kofi_Annan_0021.png
Angelina_Jolie_0013.png
Tang_Jiaxuan_0006.png
Jeremy_Greenstock_0023.png
Elsa_Zylberstein_0005.png
Win_Aung_0004.png
Gerhard_Schroeder_0095.png
Lleyton_Hewitt_0021.png
Tony_Blair_0127.png
Gonzalo_Sanchez_de_Lozada_0004.png
Colin_Powell_0052.png
David_Anderson_0003.png
Tom_Ridge_0029.png
Hamid_Karzai_0018.png
Rick_Pitino_0002.png
Mike_Weir_0006.png
Gonzalo_Sanchez_de_Lozada_0008.png
Colin_Powell_0212.png
George_W_Bush_0234.png
Fujio_Cho_0003.png
George_W_Bush_0462.png
Hugh_Grant_0009.png
Eduardo_Duhalde_0002.png
Muhammad_Ali_0002.png
Tom_Hanks_0010.png
Lance_Bass_0001.png
Luiz_Inacio_Lula_da_Silva_0023.png
Tony_Blair_0004.png
Wen_Jiabao_0012.png
John_Kerry_0005.png
Hans_Blix_0003.png
Omar_Sharif_0003.png
John_Kerry_0007.png
Ann_Veneman_0001.png
Michael_Caine_0001.png
Megawati_Sukarnoputri_0008.png
Prince_Charles_0004.png
Carla_Del_Ponte_0001.png
Michael_Caine_0003.png
George_Robertson_0012.png
Tim_Henman_0002.png
Christine_Gregoire_0004.png
Art_Howe_0002.png
Winona_Ryder_0014.png
Lleyton_Hewitt_0035.png
Tom_Ridge_0016.png
Juan_Carlos_Ferrero_0008.png
Andy_Roddick_0003.png
Saddam_Hussein_0003.png
Andy_Roddick_0001.png
Kofi_Annan_0027.png
John_Stockton_0004.png
Juan_Carlos_Ferrero_0015.png
Larry_Thompson_0003.png
Tony_Blair_0045.png
Tom_Daschle_0012.png
John_Paul_II_0007.png
Xavier_Malisse_0001.png
Jose_Manuel_Durao_Barroso_0006.png
Arnold_Schwarzenegger_0037.png
Tony_Blair_0006.png
George_Clooney_0004.png
Junichiro_Koizumi_0045.png
Amelie_Mauresmo_0013.png
Guillermo_Coria_0022.png
John_Howard_0003.png
Eduardo_Duhalde_0007.png
Jiri_Novak_0010.png
Richard_Virenque_0007.png
Mike_Krzyzewski_0006.png
Gloria_Macapagal_Arroyo_0008.png
George_W_Bush_0047.png
Queen_Elizabeth_II_0007.png
Jim_Furyk_0006.png
George_W_Bush_0181.png
Lleyton_Hewitt_0026.png
David_Beckham_0016.png
Vicente_Fox_0012.png
Jim_Hahn_0001.png
Jim_Tressel_0004.png
Gerhard_Schroeder_0103.png
Robert_Kocharian_0005.png
Donald_Rumsfeld_0020.png
Spencer_Abraham_0012.png
Albert_Costa_0004.png
George_W_Bush_0131.png
Bill_Graham_0005.png
Michael_Bloomberg_0006.png
Kim_Dae-jung_0002.png
Walter_Mondale_0010.png
Elizabeth_Hurley_0003.png
Zinedine_Zidane_0003.png
Tim_Henman_0014.png
Andre_Agassi_0003.png
Joe_Nichols_0003.png
Tony_Blair_0038.png
Luiz_Inacio_Lula_da_Silva_0022.png
Omar_Sharif_0004.png
Jennifer_Garner_0004.png
Nestor_Kirchner_0024.png
Paul_Martin_0007.png
James_Blake_0014.png
Junichiro_Koizumi_0046.png
Keanu_Reeves_0007.png
George_W_Bush_0347.png
Martina_McBride_0002.png
Paul_Bremer_0019.png
Mohamed_ElBaradei_0007.png
John_Bolton_0001.png
Tommy_Franks_0016.png
Colin_Powell_0113.png
Nestor_Kirchner_0014.png
Junichiro_Koizumi_0020.png
George_W_Bush_0220.png
Martin_Scorsese_0002.png
Jennifer_Capriati_0008.png
John_Bolton_0007.png
Oscar_De_La_Hoya_0006.png
John_Stockton_0002.png
Robert_Mueller_0003.png
Walter_Mondale_0003.png
Boris_Becker_0005.png
Trent_Lott_0004.png
Gerhard_Schroeder_0048.png
Jacques_Chirac_0014.png
Michael_Jordan_0002.png
Jean_Charest_0017.png
Jeremy_Greenstock_0001.png
Tom_Ridge_0025.png
Jong_Wook_Lee_0004.png
George_Clooney_0003.png
Roman_Polanski_0001.png
Meryl_Streep_0005.png
George_Robertson_0015.png
Donald_Rumsfeld_0081.png
Candie_Kung_0003.png
Salma_Hayek_0008.png
Lance_Armstrong_0016.png
Michael_Bloomberg_0017.png
Tony_Blair_0040.png
Tim_Robbins_0002.png
Naomi_Watts_0013.png
Marc_Grossman_0002.png
George_W_Bush_0290.png
Robert_De_Niro_0003.png
Vincent_Brooks_0004.png
Hitomi_Soga_0002.png
Eduardo_Duhalde_0011.png
Gerhard_Schroeder_0052.png
Bill_Simon_0014.png
Catherine_Deneuve_0005.png
Vicente_Fox_0018.png
Ben_Howland_0002.png
George_W_Bush_0494.png
Donald_Rumsfeld_0025.png
Meryl_Streep_0011.png
Jim_Furyk_0005.png
Joe_Nichols_0001.png
Paul_Martin_0001.png
Junichiro_Koizumi_0052.png
Dale_Earnhardt_Jr_0004.png
Franz_Fischler_0003.png
Naomi_Watts_0001.png
George_W_Bush_0483.png
Lance_Armstrong_0012.png
Jacques_Chirac_0036.png
David_Beckham_0028.png
Larry_Thompson_0004.png
Adam_Sandler_0003.png
Luiz_Inacio_Lula_da_Silva_0028.png
Joe_Lieberman_0012.png
Serena_Williams_0050.png
Bill_Simon_0012.png
Bill_Gates_0005.png
George_W_Bush_0321.png
Dominique_de_Villepin_0013.png
Jennifer_Garner_0002.png
Noelle_Bush_0002.png
Joschka_Fischer_0012.png
Kim_Dae-jung_0008.png
Justin_Timberlake_0007.png
Eliane_Karp_0003.png
Rudolph_Giuliani_0016.png
Richard_Armitage_0003.png
Robert_Redford_0006.png
Junichiro_Koizumi_0023.png
Yao_Ming_0005.png
George_W_Bush_0186.png
Winona_Ryder_0018.png
George_W_Bush_0045.png
Queen_Rania_0004.png
Al_Gore_0005.png
Junichiro_Koizumi_0051.png
James_Kelly_0005.png
Al_Gore_0007.png
George_W_Bush_0477.png
Jack_Straw_0028.png
Abdullah_Gul_0017.png
Ronaldo_Luis_Nazario_de_Lima_0001.png
Gwyneth_Paltrow_0003.png
John_Abizaid_0007.png
David_Trimble_0003.png
Renee_Zellweger_0004.png
Pervez_Musharraf_0014.png
Michael_Schumacher_0009.png
Lance_Bass_0002.png
Jiang_Zemin_0019.png
Recep_Tayyip_Erdogan_0017.png
Kim_Clijsters_0003.png
George_W_Bush_0334.png
Colin_Powell_0234.png
James_Kelly_0009.png
Marc_Grossman_0003.png
Gonzalo_Sanchez_de_Lozada_0011.png
Catherine_Deneuve_0003.png
Luiz_Inacio_Lula_da_Silva_0030.png
Nancy_Pelosi_0002.png
Hans_Blix_0037.png
Angela_Merkel_0002.png
Rubens_Barrichello_0011.png
Xavier_Malisse_0003.png
Pierce_Brosnan_0009.png
John_Bolton_0016.png
Saddam_Hussein_0011.png
Mark_Philippoussis_0008.png
Jeong_Se-hyun_0009.png
Atal_Bihari_Vajpayee_0018.png
Jonathan_Edwards_0006.png
George_W_Bush_0289.png
Jennifer_Aniston_0019.png
Gray_Davis_0012.png
Richard_Armitage_0007.png
Allyson_Felix_0002.png
Meryl_Streep_0007.png
George_Robertson_0017.png
Julie_Gerberding_0002.png
Atal_Bihari_Vajpayee_0010.png
Jim_Furyk_0004.png
Nathalie_Baye_0002.png
Michael_Chang_0001.png
Bill_Simon_0010.png
Clay_Aiken_0001.png
Luiz_Inacio_Lula_da_Silva_0048.png
Robert_De_Niro_0005.png
Carlos_Menem_0018.png
Tommy_Thompson_0001.png
Donald_Rumsfeld_0007.png
Rick_Carlisle_0001.png
Jennifer_Keller_0004.png
Jackie_Chan_0007.png
Jacques_Chirac_0040.png
Jacques_Chirac_0015.png
Geoff_Hoon_0007.png
Jimmy_Carter_0007.png
Nicolas_Cage_0002.png
Fernando_Henrique_Cardoso_0006.png
Boris_Becker_0003.png
George_W_Bush_0147.png
Gerhard_Schroeder_0086.png
Hosni_Mubarak_0003.png
Junichiro_Koizumi_0011.png
Julianne_Moore_0013.png
Jake_Gyllenhaal_0005.png
Lindsay_Davenport_0017.png
Donald_Rumsfeld_0028.png
Charlton_Heston_0003.png
Junichiro_Koizumi_0048.png
Jean-Pierre_Raffarin_0005.png
George_W_Bush_0085.png
Ray_Romano_0005.png
Jonathan_Edwards_0003.png
Daniel_Radcliffe_0003.png
Colin_Powell_0224.png
Yashwant_Sinha_0001.png
Rob_Marshall_0004.png
Thabo_Mbeki_0003.png
Woody_Allen_0003.png
Hosni_Mubarak_0004.png
George_W_Bush_0014.png
Scott_McClellan_0005.png
Dominique_de_Villepin_0010.png
George_W_Bush_0004.png
George_W_Bush_0010.png
Jake_Gyllenhaal_0001.png
Guillermo_Canas_0003.png
Colin_Powell_0031.png
Matthew_Perry_0004.png
Hugo_Chavez_0003.png
Donald_Rumsfeld_0075.png
Nick_Nolte_0004.png
Katherine_Harris_0003.png
Yashwant_Sinha_0005.png
Alejandro_Toledo_0013.png
George_W_Bush_0340.png
Junichiro_Koizumi_0028.png

Found:
George_W_Bush_0322.png
Colin_Powell_0145.png
George_W_Bush_0491.png
Hugo_Chavez_0048.png
Gonzalo_Sanchez_de_Lozada_0002.png
Sergei_Ivanov_0001.png
Katherine_Harris_0001.png
Donald_Rumsfeld_0099.png
Andre_Agassi_0028.png
Nia_Vardalos_0001.png
John_Howard_0013.png
Rick_Perry_0006.png
Donald_Rumsfeld_0097.png
Michael_Powell_0001.png
Laura_Bush_0030.png
Naomi_Watts_0005.png
George_W_Bush_0305.png
Martin_McGuinness_0002.png
Steve_Nash_0002.png
Michael_Jackson_0006.png
Serena_Williams_0002.png
Carmen_Electra_0001.png
Vitali_Klitschko_0003.png
Ron_Dittemore_0003.png
Kim_Clijsters_0008.png
Woody_Allen_0004.png
Kalpana_Chawla_0005.png
Venus_Williams_0015.png
Laura_Bush_0032.png
Sandra_Bullock_0002.png
Nancy_Pelosi_0011.png
Tom_Daschle_0004.png
Gerhard_Schroeder_0021.png
Mohammed_Al-Douri_0007.png
Gray_Davis_0022.png
Jerry_Springer_0003.png
George_W_Bush_0092.png
Gloria_Macapagal_Arroyo_0010.png
Nancy_Pelosi_0004.png
Martha_Stewart_0002.png
Junichiro_Koizumi_0058.png
Muhammad_Ali_0009.png
Lucio_Gutierrez_0001.png
Ben_Affleck_0003.png
Jennifer_Capriati_0024.png
Serena_Williams_0015.png
Richard_Gephardt_0007.png
Pete_Sampras_0014.png
Andre_Agassi_0002.png
Jean_Chretien_0005.png
George_W_Bush_0210.png
Rainer_Schuettler_0004.png
George_W_Bush_0253.png
Juan_Carlos_Ferrero_0024.png
Vojislav_Kostunica_0004.png
Jennifer_Capriati_0026.png
Serena_Williams_0001.png
Gunter_Pleuger_0002.png
Colin_Powell_0069.png
Pete_Sampras_0001.png
Heidi_Fleiss_0003.png
Carrie-Anne_Moss_0002.png
Tom_Cruise_0009.png
Rick_Pitino_0001.png
Ian_Thorpe_0001.png
Julianne_Moore_0015.png
Bill_Graham_0006.png
Benjamin_Netanyahu_0005.png
Nelson_Mandela_0002.png
Hugo_Chavez_0040.png
Alejandro_Toledo_0015.png
Yevgeny_Kafelnikov_0001.png
Yao_Ming_0007.png
Tim_Henman_0007.png
Sourav_Ganguly_0005.png
David_Nalbandian_0004.png
Slobodan_Milosevic_0004.png
Thabo_Mbeki_0002.png
Halle_Berry_0009.png
Al_Sharpton_0005.png
Junichiro_Koizumi_0024.png
Angela_Merkel_0004.png
Salma_Hayek_0009.png
Kamal_Kharrazi_0004.png
Lisa_Marie_Presley_0003.png
David_Beckham_0004.png
Patty_Schnyder_0002.png
Jennifer_Capriati_0023.png
Angelina_Jolie_0011.png
Holly_Hunter_0005.png
Robert_Kocharian_0003.png
Nestor_Kirchner_0004.png
Jack_Straw_0019.png
George_W_Bush_0102.png
Colin_Powell_0176.png
Chen_Shui-bian_0005.png
Calista_Flockhart_0002.png
Tony_Blair_0026.png
Zhu_Rongji_0008.png
George_W_Bush_0461.png
Daisy_Fuentes_0004.png
Calista_Flockhart_0005.png
Jose_Maria_Aznar_0019.png
Julie_Gerberding_0001.png
John_Ashcroft_0020.png
Tom_Cruise_0002.png
JK_Rowling_0006.png
Michael_Chiklis_0004.png
Spencer_Abraham_0014.png
Tom_Cruise_0008.png
Serena_Williams_0011.png
Naomi_Watts_0014.png
Robert_Duvall_0005.png
Nancy_Pelosi_0006.png
Lucy_Liu_0001.png
Serena_Williams_0052.png
Carlos_Menem_0006.png
Derek_Jeter_0003.png
George_W_Bush_0285.png
Anna_Kournikova_0002.png
John_Manley_0006.png
Jonathan_Edwards_0004.png
George_W_Bush_0224.png
Juan_Pablo_Montoya_0006.png
Joe_Lieberman_0003.png
Erika_Harold_0005.png
Robert_Duvall_0006.png
Sally_Field_0003.png
Carmen_Electra_0004.png
Tim_Duncan_0003.png
Jelena_Dokic_0008.png
Gerhard_Schroeder_0032.png
Binyamin_Ben-Eliezer_0001.png
Carlos_Moya_0004.png

Both correct:
+---------------------+----------------+----------------+----------+
| FILE                | NEW CONFIDENCE | OLD CONFIDENCE | IMPROVED |
+---------------------+----------------+----------------+----------+
| Trent_Lott_0006.png | 0.999          | 0.999          | False    |
+---------------------+----------------+----------------+----------+
+--------------------------+-----------+
| Comparison Results       | Value     |
+--------------------------+-----------+
| Total faces:             | 6715      |
| Lost:                    | 737       |
| Found:                   | 134       |
| Lost/found score:        | 0.692     |
| Disguised:               | 0         |
| Exposed:                 | 3         |
| Disguised/exposed score: | -1.0      |
| Improved:                | 0/1 (0.0) |
| Improved score:          | 0.000     |
| Overall score:           | -0.00     |
+--------------------------+-----------+
