+--------------------------------+-------------------+
| data/lfw_inner_aligned metrics | Value             |
+--------------------------------+-------------------+
| Total faces:                   | 6715              |
| Detected:                      | 5425/6715 (0.807) |
| Recognized:                    | 1/5425 (0.000)    |
| Total confidence:              | -5282             |
+--------------------------------+-------------------+
+------------------------------------+-------------------+
| lfw_inner_aligned_gauss500 metrics | Value             |
+------------------------------------+-------------------+
| Total faces:                       | 6715              |
| Detected:                          | 3104/6715 (0.462) |
| Recognized:                        | 1/3104 (0.000)    |
| Total confidence:                  | -2984             |
+------------------------------------+-------------------+


COMPARING.

Disguised:
+---------------------+------------+----------------+------------+----------------+
| FILE                | NEW TARGET | NEW CONFIDENCE | OLD TARGET | OLD CONFIDENCE |
+---------------------+------------+----------------+------------+----------------+
| Trent_Lott_0006.png | Laura_Bush | 0.979          | Trent_Lott | 0.999          |
+---------------------+------------+----------------+------------+----------------+

Exposed:
+---------------------------+----------------+-----------------------+----------------+
| FILE                      | NEW CONFIDENCE | OLD TARGET            | OLD CONFIDENCE |
+---------------------------+----------------+-----------------------+----------------+
| Carrie-Anne_Moss_0003.png | 0.998          | Dominique_de_Villepin | 0.751          |
+---------------------------+----------------+-----------------------+----------------+

Lost:
George_W_Bush_0395.png
Jason_Kidd_0008.png
Ricardo_Lagos_0009.png
Junichiro_Koizumi_0038.png
Alvaro_Uribe_0031.png
Michael_Chang_0002.png
Roger_Federer_0003.png
Sergey_Lavrov_0002.png
Jean_Chretien_0002.png
Richard_Myers_0001.png
Bill_Paxton_0001.png
Sergio_Vieira_De_Mello_0008.png
Julianne_Moore_0006.png
George_W_Bush_0196.png
David_Beckham_0007.png
Alvaro_Uribe_0008.png
George_W_Bush_0070.png
Amelie_Mauresmo_0009.png
Edmund_Stoiber_0007.png
Christina_Aguilera_0001.png
Roh_Moo-hyun_0032.png
Amelia_Vega_0005.png
Ariel_Sharon_0056.png
John_Negroponte_0015.png
George_W_Bush_0482.png
Justine_Pasek_0001.png
Leonardo_DiCaprio_0005.png
Gene_Robinson_0005.png
William_Bulger_0002.png
Laura_Bush_0016.png
Lucio_Gutierrez_0005.png
Silvio_Berlusconi_0015.png
Luis_Horna_0005.png
Bill_McBride_0009.png
Bill_Simon_0005.png
John_Manley_0001.png
Edward_Lu_0001.png
Charles_Moose_0013.png
Ariel_Sharon_0048.png
Tom_Daschle_0024.png
Arnoldo_Aleman_0001.png
Serena_Williams_0034.png
Jennifer_Aniston_0003.png
Tim_Henman_0009.png
Luiz_Inacio_Lula_da_Silva_0046.png
Sarah_Jessica_Parker_0002.png
Naomi_Watts_0018.png
Bertie_Ahern_0001.png
Albert_Costa_0001.png
Junichiro_Koizumi_0056.png
Michael_Schumacher_0010.png
Paradorn_Srichaphan_0008.png
George_W_Bush_0396.png
Tony_Blair_0128.png
Ian_Thorpe_0008.png
Nestor_Kirchner_0011.png
Colin_Powell_0167.png
Al_Sharpton_0001.png
Spencer_Abraham_0006.png
Bruce_Springsteen_0004.png
Helen_Clark_0004.png
Jennifer_Lopez_0011.png
Jennifer_Capriati_0028.png
Saddam_Hussein_0021.png
Li_Peng_0007.png
Kofi_Annan_0015.png
Ahmed_Chalabi_0001.png
Hamid_Karzai_0006.png
Pierce_Brosnan_0012.png
Tony_Blair_0009.png
Jennifer_Capriati_0011.png
George_W_Bush_0276.png
Tony_Blair_0033.png
Nestor_Kirchner_0013.png
Mahmoud_Abbas_0026.png
Bud_Selig_0003.png
Guillermo_Coria_0009.png
Serena_Williams_0007.png
Bob_Hope_0003.png
George_W_Bush_0108.png
George_W_Bush_0356.png
Gray_Davis_0015.png
Susilo_Bambang_Yudhoyono_0004.png
Mike_Tyson_0004.png
Jean_Chretien_0029.png
Arnold_Schwarzenegger_0040.png
Fujio_Cho_0001.png
Antonio_Banderas_0001.png
Joan_Laporta_0006.png
Jerry_Regier_0003.png
Gerhard_Schroeder_0080.png
Arnold_Schwarzenegger_0039.png
Edmund_Stoiber_0002.png
George_W_Bush_0137.png
Recep_Tayyip_Erdogan_0003.png
Nia_Vardalos_0005.png
John_Ashcroft_0035.png
Carlos_Moya_0012.png
Megawati_Sukarnoputri_0001.png
Joschka_Fischer_0004.png
Jerry_Regier_0001.png
Charlton_Heston_0001.png
George_W_Bush_0323.png
Nestor_Kirchner_0008.png
Enrique_Bolanos_0004.png
George_W_Bush_0269.png
Greg_Rusedski_0004.png
Queen_Latifah_0004.png
Wen_Jiabao_0001.png
Rick_Perry_0001.png
Vince_Carter_0004.png
Tony_Blair_0072.png
Jean_Chretien_0012.png
Gonzalo_Sanchez_de_Lozada_0001.png
Gerhard_Schroeder_0043.png
Colin_Powell_0032.png
Sergei_Ivanov_0005.png
George_W_Bush_0516.png
Gray_Davis_0011.png
Carlos_Menem_0017.png
Tariq_Aziz_0002.png
William_Ford_Jr_0001.png
Wen_Jiabao_0003.png
Vanessa_Incontrada_0002.png
Fayssal_Mekdad_0003.png
Hitomi_Soga_0004.png
Dominique_de_Villepin_0008.png
Pete_Sampras_0003.png
Gerhard_Schroeder_0090.png
Donald_Rumsfeld_0014.png
Mick_Jagger_0003.png
Fernando_Gonzalez_0004.png
Igor_Ivanov_0009.png
Jim_Tressel_0001.png
Mariah_Carey_0001.png
Lee_Hoi-chang_0003.png
Fidel_Castro_0017.png
Eduardo_Duhalde_0010.png
Serena_Williams_0032.png
Paradorn_Srichaphan_0003.png
John_McCain_0005.png
Andy_Roddick_0013.png
Tony_Blair_0080.png
George_W_Bush_0113.png
Jennifer_Capriati_0033.png
Donald_Rumsfeld_0105.png
Igor_Ivanov_0019.png
Oswaldo_Paya_0002.png
Jennifer_Garner_0012.png
Thaksin_Shinawatra_0006.png
Bulent_Ecevit_0001.png
Tony_Blair_0090.png
Sylvester_Stallone_0007.png
Alejandro_Toledo_0011.png
Roh_Moo-hyun_0014.png
Alec_Baldwin_0002.png
John_Negroponte_0019.png
Colin_Powell_0047.png
Colin_Powell_0024.png
Bill_Gates_0001.png
Tim_Duncan_0001.png
Condoleezza_Rice_0011.png
Juan_Carlos_Ferrero_0012.png
Megawati_Sukarnoputri_0003.png
Monica_Bellucci_0001.png
Roger_Moore_0002.png
John_Howard_0011.png
Gil_de_Ferran_0001.png
Andre_Agassi_0006.png
Igor_Ivanov_0016.png
Kofi_Annan_0030.png
William_Donaldson_0005.png
Arnold_Schwarzenegger_0023.png
William_Macy_0001.png
Anders_Fogh_Rasmussen_0002.png
Larry_Coker_0001.png
Tang_Jiaxuan_0008.png
John_Bolton_0012.png
Jeremy_Greenstock_0010.png
George_W_Bush_0034.png
Pamela_Anderson_0001.png
Nestor_Kirchner_0035.png
Oprah_Winfrey_0003.png
Antonio_Palocci_0005.png
Christine_Todd_Whitman_0003.png
Laura_Bush_0006.png
Queen_Elizabeth_II_0006.png
Colin_Powell_0001.png
Colin_Powell_0119.png
Michael_Caine_0004.png
Amanda_Bynes_0002.png
Abdullah_0001.png
Luiz_Inacio_Lula_da_Silva_0018.png
Lleyton_Hewitt_0027.png
Natalie_Maines_0003.png
Silvio_Berlusconi_0031.png
David_Trimble_0004.png
George_W_Bush_0053.png
Carlos_Menem_0019.png
Donald_Rumsfeld_0119.png
Carlos_Moya_0018.png
Lance_Armstrong_0009.png
Jennifer_Garner_0008.png
Alejandro_Toledo_0019.png
Gerhard_Schroeder_0056.png
Richard_Virenque_0001.png
Jesse_Jackson_0004.png
George_W_Bush_0418.png
Victoria_Clarke_0002.png
Ethan_Hawke_0002.png
Gray_Davis_0019.png
Clint_Eastwood_0002.png
Ana_Palacio_0006.png
Michael_Douglas_0005.png
Tony_Blair_0078.png
George_W_Bush_0235.png
Jennifer_Capriati_0009.png
Pete_Sampras_0010.png
Tony_Blair_0027.png
George_W_Bush_0244.png
Donald_Rumsfeld_0021.png
Gloria_Macapagal_Arroyo_0020.png
Elizabeth_Hurley_0002.png
George_W_Bush_0474.png
George_Lopez_0003.png
Donald_Rumsfeld_0042.png
Meryl_Streep_0013.png
George_Robertson_0003.png
Albert_Costa_0003.png
Mahmoud_Abbas_0002.png
Ariel_Sharon_0038.png
Justin_Leonard_0001.png
John_Negroponte_0026.png
Tim_Allen_0001.png
Larry_Brown_0007.png
Winona_Ryder_0007.png
Yashwant_Sinha_0002.png
Jiri_Novak_0003.png
John_Ashcroft_0010.png
Ali_Naimi_0004.png
Eliane_Karp_0002.png
Hu_Jintao_0013.png
Trent_Lott_0007.png
Colin_Powell_0036.png
Gonzalo_Sanchez_de_Lozada_0010.png
George_W_Bush_0476.png
Rafael_Ramirez_0003.png
Clara_Harris_0002.png
Sarah_Jessica_Parker_0006.png
Dennis_Hastert_0002.png
Alvaro_Uribe_0003.png
Atal_Bihari_Vajpayee_0014.png
Gerhard_Schroeder_0106.png
Michael_Bloomberg_0016.png
Adrien_Brody_0004.png
George_W_Bush_0485.png
Jean_Chretien_0032.png
George_W_Bush_0089.png
Choi_Sung-hong_0004.png
Arminio_Fraga_0006.png
Yashwant_Sinha_0007.png
Jennifer_Lopez_0015.png
Guillermo_Coria_0026.png
Choi_Sung-hong_0002.png
Tom_Ridge_0024.png
Monica_Bellucci_0002.png
Sergio_Vieira_De_Mello_0007.png
Wen_Jiabao_0004.png
Abdullah_0003.png
Tom_Hanks_0002.png
Jennifer_Lopez_0017.png
Juan_Carlos_Ferrero_0018.png
Tony_Blair_0057.png
Tony_Stewart_0005.png
Jan_Ullrich_0001.png
Jennifer_Capriati_0003.png
James_Kopp_0001.png
Paul_ONeill_0006.png
Kofi_Annan_0008.png
Donald_Rumsfeld_0002.png
Nestor_Kirchner_0031.png
Gray_Davis_0026.png
Peter_Struck_0003.png
James_Blake_0011.png
George_W_Bush_0040.png
Chen_Shui-bian_0004.png
Luiz_Inacio_Lula_da_Silva_0025.png
Hans_Blix_0007.png
Colin_Powell_0223.png
Trent_Lott_0008.png
Pupi_Avati_0004.png
George_W_Bush_0005.png
Liza_Minnelli_0001.png
Hugo_Chavez_0067.png
Alvaro_Silva_Calderon_0001.png
Jeb_Bush_0009.png
John_Abizaid_0009.png
Joan_Laporta_0002.png
Ann_Veneman_0005.png
Gerhard_Schroeder_0099.png
Tony_Blair_0059.png
Mark_Wahlberg_0004.png
Silvio_Berlusconi_0013.png
Arnold_Schwarzenegger_0005.png
Guillermo_Coria_0011.png
Joe_Torre_0001.png
Carlos_Moya_0016.png
John_Snow_0002.png
John_Bolton_0010.png
Mike_Weir_0004.png
Julianne_Moore_0008.png
Serena_Williams_0016.png
Leonardo_DiCaprio_0008.png
Luiz_Inacio_Lula_da_Silva_0001.png
Meryl_Streep_0010.png
George_W_Bush_0007.png
Osama_bin_Laden_0003.png
Gordon_Brown_0004.png
Colin_Powell_0039.png
George_W_Bush_0081.png
Hans_Blix_0026.png
Bill_Graham_0002.png
Richard_Gere_0007.png
Salma_Hayek_0007.png
Ana_Palacio_0002.png
Luiz_Inacio_Lula_da_Silva_0003.png
George_Robertson_0016.png
Juan_Carlos_Ferrero_0006.png
Silvio_Berlusconi_0011.png
George_W_Bush_0460.png
George_W_Bush_0077.png
Pierce_Brosnan_0004.png
Enrique_Bolanos_0003.png
Gunter_Pleuger_0005.png
Dennis_Hastert_0004.png
Andre_Agassi_0034.png
JK_Rowling_0004.png
Clara_Harris_0001.png
George_W_Bush_0355.png
Paul_Bremer_0007.png
Hillary_Clinton_0014.png
David_Stern_0001.png
Colin_Powell_0139.png
Andre_Agassi_0026.png
Andre_Agassi_0036.png
Greg_Rusedski_0002.png
Hamid_Karzai_0020.png
Mike_Weir_0008.png
Tony_Blair_0085.png
Renee_Zellweger_0001.png
Mark_Philippoussis_0005.png
Jacques_Rogge_0007.png
Mariah_Carey_0007.png
Gunter_Pleuger_0001.png
George_W_Bush_0075.png
Jesse_Jackson_0002.png
Calista_Flockhart_0006.png
Kim_Clijsters_0010.png
Bashar_Assad_0001.png
Mark_Wahlberg_0003.png
Renee_Zellweger_0003.png
Lleyton_Hewitt_0015.png
Spencer_Abraham_0001.png
Mohammed_Al-Douri_0011.png
George_W_Bush_0197.png
David_Beckham_0026.png
Arnoldo_Aleman_0003.png
Serena_Williams_0035.png
Taha_Yassin_Ramadan_0011.png
Christine_Baumgartner_0004.png
Jose_Maria_Aznar_0018.png
Lindsay_Davenport_0008.png
Junichiro_Koizumi_0044.png
Donald_Rumsfeld_0118.png
Donald_Rumsfeld_0065.png
David_Nalbandian_0002.png
Jean_Chretien_0015.png
Boris_Becker_0002.png
Bulent_Ecevit_0002.png
Colin_Powell_0124.png
Charles_Moose_0012.png
Paul_Bremer_0011.png
Pierce_Brosnan_0003.png
Tony_Blair_0043.png
Paula_Radcliffe_0004.png
Mick_Jagger_0004.png
Elizabeth_Hurley_0001.png
Jean_Chretien_0050.png
Tony_Stewart_0003.png
Dick_Cheney_0012.png
Mariah_Carey_0002.png
John_Paul_II_0001.png
Mahmoud_Abbas_0008.png
Amelia_Vega_0006.png
Michael_Chiklis_0005.png
Tommy_Haas_0004.png
George_W_Bush_0154.png
Mark_Hurlbert_0002.png
Junichiro_Koizumi_0002.png
Lance_Armstrong_0007.png
Jim_Hahn_0004.png
George_W_Bush_0453.png
Hu_Jintao_0015.png
Silvio_Berlusconi_0021.png
Lindsay_Davenport_0004.png
Ariel_Sharon_0024.png
Charlton_Heston_0005.png
Jackie_Chan_0008.png
Bill_McBride_0006.png
Trent_Lott_0012.png
Kofi_Annan_0004.png
Michelle_Yeoh_0002.png
Leonid_Kuchma_0006.png
Harrison_Ford_0006.png
Bill_Simon_0015.png
Vladimir_Putin_0023.png
Queen_Elizabeth_II_0005.png
Vicente_Fox_0019.png
Kofi_Annan_0016.png
Larry_Brown_0002.png
Jim_Hahn_0003.png
Franz_Muentefering_0002.png
Slobodan_Milosevic_0002.png
Sergei_Ivanov_0002.png
Richard_Armitage_0002.png
Gunter_Pleuger_0007.png
Colin_Powell_0101.png
Jack_Straw_0022.png
Cesar_Gaviria_0005.png
Elizabeth_Smart_0004.png
Mohammed_Al-Douri_0005.png
Clare_Short_0001.png
Ricardo_Lagos_0023.png
George_W_Bush_0250.png
Mahmoud_Abbas_0014.png
Hu_Jintao_0011.png
Xanana_Gusmao_0005.png
Meryl_Streep_0014.png
Gray_Davis_0020.png
Charles_Moose_0008.png
George_Robertson_0004.png
John_McCain_0001.png
Richard_Gere_0009.png
Norah_Jones_0001.png
Bernard_Landry_0002.png
Juan_Pablo_Montoya_0005.png
Pupi_Avati_0001.png
Jean_Chretien_0014.png
Colin_Powell_0021.png
Donald_Fehr_0004.png
Mahmoud_Abbas_0016.png
Hugo_Chavez_0062.png
George_W_Bush_0487.png
Herb_Sendek_0003.png
Wayne_Ferreira_0004.png
Jacques_Chirac_0023.png
David_Nalbandian_0014.png
George_W_Bush_0521.png
Jiang_Zemin_0004.png
Colin_Powell_0015.png
Paula_Radcliffe_0003.png
Hillary_Clinton_0005.png
Winona_Ryder_0004.png
Fidel_Castro_0009.png
Arnold_Schwarzenegger_0026.png
Javier_Solana_0009.png
Colin_Powell_0114.png
Jack_Straw_0015.png
Jennifer_Capriati_0002.png
Ana_Palacio_0005.png
Naomi_Watts_0017.png
Cruz_Bustamante_0005.png
Colin_Powell_0096.png
Serena_Williams_0012.png
Colin_Powell_0062.png
Arnold_Schwarzenegger_0021.png
Trent_Lott_0001.png
Fernando_Gonzalez_0007.png
Mike_Weir_0010.png
Jennifer_Garner_0005.png
Robert_Mueller_0005.png
George_W_Bush_0211.png
Rubens_Barrichello_0002.png
Carla_Del_Ponte_0005.png
John_McCain_0006.png
Pete_Sampras_0015.png
Susilo_Bambang_Yudhoyono_0001.png
Sally_Kirkland_0003.png
Kim_Ryong-sung_0009.png
Colin_Powell_0080.png
Tom_Hanks_0003.png
Ricardo_Sanchez_0004.png
Larry_Thompson_0001.png
Vaclav_Havel_0005.png
Rudolph_Giuliani_0008.png
Valentino_Rossi_0005.png
Gerhard_Schroeder_0041.png
George_W_Bush_0309.png
Jack_Straw_0007.png
Gil_de_Ferran_0002.png
Jeong_Se-hyun_0005.png
Sheryl_Crow_0005.png
Naomi_Watts_0003.png
Rebecca_Romijn-Stamos_0002.png
Tony_Blair_0143.png
Win_Aung_0002.png
Tom_Ridge_0012.png
Edwina_Currie_0004.png
Roger_Moore_0003.png
Donald_Rumsfeld_0050.png
Todd_Haynes_0003.png
Tom_Ridge_0009.png
Serena_Williams_0018.png
Bernard_Law_0003.png
George_W_Bush_0261.png
Lucy_Liu_0004.png
Jean_Charest_0006.png
George_W_Bush_0091.png
Serena_Williams_0047.png
Paul_Burrell_0005.png
Sheryl_Crow_0002.png
George_Pataki_0003.png
Hugo_Chavez_0066.png
Gloria_Macapagal_Arroyo_0002.png
Tony_Blair_0104.png
Martin_McGuinness_0004.png
Donald_Rumsfeld_0009.png
Laura_Bush_0009.png
George_W_Bush_0509.png
John_Travolta_0002.png
Tony_Blair_0106.png
Silvan_Shalom_0005.png
Yoko_Ono_0005.png
Carlos_Moya_0017.png
Roh_Moo-hyun_0003.png
George_W_Bush_0445.png
Juan_Carlos_Ferrero_0025.png
Pamela_Anderson_0002.png
Richard_Gere_0004.png
Heather_Mills_0004.png
Charles_Taylor_0007.png
Kofi_Annan_0005.png
Luis_Gonzalez_Macchi_0001.png
Tom_Daschle_0018.png
Tony_Blair_0126.png
Benjamin_Netanyahu_0002.png
Ashanti_0003.png
Laura_Linney_0001.png
Yasser_Arafat_0002.png
Christine_Baumgartner_0003.png
Christine_Todd_Whitman_0001.png
Jacques_Rogge_0003.png
JK_Rowling_0003.png
Cruz_Bustamante_0002.png
Tang_Jiaxuan_0001.png
Arnold_Schwarzenegger_0009.png
Pervez_Musharraf_0013.png
Pierce_Brosnan_0005.png
Fidel_Castro_0003.png
Donald_Rumsfeld_0089.png
Sergio_Vieira_De_Mello_0011.png
Sebastien_Grosjean_0004.png
Zhu_Rongji_0006.png
Steven_Spielberg_0006.png
Paula_Radcliffe_0006.png
Ronaldo_Luis_Nazario_de_Lima_0004.png
George_W_Bush_0284.png
Colin_Powell_0102.png
Albert_Costa_0002.png
George_W_Bush_0178.png
Colin_Powell_0025.png
Lleyton_Hewitt_0001.png
Jennifer_Aniston_0017.png
Christine_Baumgartner_0002.png
Abdullah_Gul_0009.png
Ralf_Schumacher_0006.png
Mahathir_Mohamad_0005.png
Lleyton_Hewitt_0038.png
Michael_Bloomberg_0012.png
Heizo_Takenaka_0003.png
Gray_Davis_0007.png
Gordon_Brown_0007.png
Conan_OBrien_0003.png
Jeremy_Greenstock_0003.png
Junichiro_Koizumi_0033.png
Edward_Lu_0002.png
Yasar_Yakis_0001.png
Mahmoud_Abbas_0011.png
Atal_Bihari_Vajpayee_0003.png
Shimon_Peres_0006.png
Sarah_Hughes_0004.png
Hamid_Karzai_0001.png
David_Beckham_0027.png
Christine_Gregoire_0002.png
George_W_Bush_0390.png
George_W_Bush_0288.png
Heizo_Takenaka_0007.png
Tommy_Haas_0002.png
George_W_Bush_0073.png
Grant_Hackett_0001.png
Carla_Del_Ponte_0003.png
Tony_Blair_0110.png
Jennifer_Lopez_0006.png
Jennifer_Lopez_0016.png
Choi_Sung-hong_0005.png
George_W_Bush_0468.png
Tony_Stewart_0004.png
John_Paul_II_0009.png
Elton_John_0004.png
George_W_Bush_0351.png
Paul_Bremer_0002.png
Martha_Lucia_Ramirez_0001.png
Paula_Radcliffe_0005.png
Vicente_Fox_0020.png
Carrie-Anne_Moss_0004.png
Silvan_Shalom_0006.png
Tony_Blair_0097.png
George_W_Bush_0292.png
Roberto_Carlos_0002.png
David_Nalbandian_0008.png
Julie_Gerberding_0005.png
Ben_Howland_0003.png
Mike_Krzyzewski_0003.png
Lleyton_Hewitt_0037.png
Colin_Powell_0222.png
Charlton_Heston_0006.png
Trent_Lott_0015.png
Naomi_Watts_0015.png
Jose_Maria_Aznar_0008.png
Hugo_Chavez_0007.png
Nestor_Kirchner_0020.png
Andre_Agassi_0011.png
George_W_Bush_0511.png
Wayne_Gretzky_0004.png
Nicanor_Duarte_Frutos_0007.png
Janet_Napolitano_0004.png
Tim_Allen_0003.png
Carlos_Moya_0015.png
Jackie_Chan_0009.png
Allyson_Felix_0005.png
Vanessa_Redgrave_0001.png
Arnold_Schwarzenegger_0038.png
Michelle_Kwan_0007.png
Christopher_Reeve_0002.png
Princess_Caroline_0001.png
Kevin_Costner_0002.png
Jose_Serra_0002.png
Hans_Blix_0021.png
Paula_Radcliffe_0001.png
Tony_Bennett_0003.png
Jean_Charest_0010.png
Lindsay_Davenport_0006.png
John_Ashcroft_0026.png
Carlos_Moya_0011.png
Junichiro_Koizumi_0030.png
Oscar_De_La_Hoya_0004.png
Sarah_Hughes_0006.png
George_HW_Bush_0012.png
Mikhail_Wehbe_0001.png
Naomi_Watts_0007.png
Silvio_Berlusconi_0026.png
Juan_Pablo_Montoya_0002.png
George_W_Bush_0076.png
Jeremy_Greenstock_0005.png
George_W_Bush_0469.png
Mahmoud_Abbas_0015.png
George_W_Bush_0383.png
Cherie_Blair_0001.png
Jesse_Jackson_0003.png
Richard_Gere_0008.png
Yao_Ming_0006.png
Mian_Khursheed_Mehmood_Kasuri_0004.png
Holly_Hunter_0004.png
Nestor_Kirchner_0002.png
Andy_Roddick_0007.png
Arnold_Schwarzenegger_0031.png
Adam_Sandler_0004.png
Kofi_Annan_0025.png
John_Howard_0007.png
Jennifer_Capriati_0005.png
Rita_Wilson_0003.png
Colin_Powell_0208.png
George_W_Bush_0273.png
Fernando_Henrique_Cardoso_0001.png
John_Bolton_0009.png
Zinedine_Zidane_0006.png
Matthew_Perry_0005.png
Silvio_Berlusconi_0003.png
Anna_Kournikova_0008.png
Jean-Pierre_Raffarin_0007.png
Colin_Powell_0161.png
Jean_Chretien_0017.png
Fernando_Henrique_Cardoso_0003.png
Kim_Dae-jung_0005.png
Colin_Montgomerie_0003.png
Ali_Naimi_0006.png
George_W_Bush_0333.png
Colin_Powell_0218.png
Robert_Duvall_0001.png
Rob_Lowe_0003.png
Nancy_Pelosi_0012.png
George_W_Bush_0406.png
John_Kerry_0015.png
Tom_Harkin_0005.png
Felipe_Perez_Roque_0003.png
George_W_Bush_0275.png
Tony_Blair_0030.png
Nestor_Kirchner_0027.png
Tiger_Woods_0018.png
Tim_Henman_0013.png
Gerhard_Schroeder_0058.png
Fujio_Cho_0005.png
Sophia_Loren_0007.png
Steve_Nash_0005.png
Roger_Federer_0011.png
Atal_Bihari_Vajpayee_0005.png
Donald_Rumsfeld_0070.png
David_Nalbandian_0013.png
Zoran_Djindjic_0004.png
Vaclav_Havel_0008.png
Emanuel_Ginobili_0003.png
Jacques_Chirac_0026.png
Martha_Burk_0003.png
David_Anderson_0004.png
Larry_Thompson_0002.png
Richard_Myers_0011.png
Hamid_Karzai_0022.png
Valentino_Rossi_0006.png
Juan_Carlos_Ferrero_0011.png
Ben_Affleck_0006.png
George_W_Bush_0054.png
George_W_Bush_0095.png
Emanuel_Ginobili_0001.png
Colin_Powell_0127.png
Richard_Gephardt_0010.png
Abdoulaye_Wade_0002.png
Hosni_Mubarak_0008.png
Colin_Powell_0106.png
Winona_Ryder_0009.png
Dick_Cheney_0006.png
Jean_Chretien_0053.png
Jan_Ullrich_0006.png
John_Stockton_0001.png
Bill_McBride_0005.png
Charles_Moose_0005.png
Billy_Crystal_0002.png
Halle_Berry_0004.png
Junichiro_Koizumi_0022.png
Harry_Schmidt_0001.png
Carlos_Menem_0012.png
Costas_Simitis_0006.png
Gerhard_Schroeder_0061.png
Tom_Craddick_0003.png
Jack_Straw_0017.png
Lleyton_Hewitt_0024.png
Martin_McGuinness_0005.png
Richard_Armitage_0001.png
Kofi_Annan_0007.png
Tony_Blair_0017.png
Vladimir_Putin_0020.png
Gerhard_Schroeder_0063.png
Gerhard_Schroeder_0055.png
Romano_Prodi_0006.png
Michael_Chang_0007.png
Gray_Davis_0005.png
Julianne_Moore_0019.png
Tom_Ridge_0031.png
Valery_Giscard_dEstaing_0006.png
Luiz_Inacio_Lula_da_Silva_0043.png
Donald_Rumsfeld_0022.png
Jennifer_Capriati_0010.png
Bertie_Ahern_0004.png
Paul_ONeill_0008.png
Sharon_Stone_0005.png
John_Ashcroft_0052.png
Tom_Ridge_0033.png
Colin_Powell_0109.png
Jeb_Bush_0011.png
Lleyton_Hewitt_0005.png
Sally_Kirkland_0004.png
Junichiro_Koizumi_0009.png
Donald_Fehr_0002.png
George_W_Bush_0385.png
Eduardo_Duhalde_0005.png
Ronaldo_Luis_Nazario_de_Lima_0003.png
Jennifer_Garner_0003.png
Colin_Powell_0170.png
Alexander_Losyukov_0003.png
Dick_Cheney_0014.png
Queen_Beatrix_0001.png
Ari_Fleischer_0008.png
Megawati_Sukarnoputri_0025.png
Dennis_Kucinich_0005.png
George_W_Bush_0439.png
Jennifer_Aniston_0014.png
Christine_Baumgartner_0001.png
Kevin_Costner_0007.png
Edward_Lu_0004.png
George_W_Bush_0109.png
Gerhard_Schroeder_0004.png
Paul_McCartney_0002.png
John_Ashcroft_0041.png
Hamid_Karzai_0013.png
Eduardo_Duhalde_0001.png
Arnold_Schwarzenegger_0025.png
John_Kerry_0002.png
Jason_Kidd_0004.png
Hamid_Karzai_0021.png
Sergio_Vieira_De_Mello_0010.png
Jennifer_Capriati_0027.png
Donald_Rumsfeld_0015.png
Alvaro_Uribe_0029.png
Hal_Gehman_0002.png
Taha_Yassin_Ramadan_0007.png
Walter_Mondale_0008.png
Rachel_Hunter_0003.png
Rudolph_Giuliani_0021.png
Vicente_Fox_0008.png
George_W_Bush_0343.png
Venus_Williams_0013.png
Hal_Gehman_0004.png
George_W_Bush_0308.png
Anna_Kournikova_0004.png
Fidel_Castro_0018.png
Elton_John_0007.png
George_W_Bush_0424.png
David_Beckham_0023.png
Prince_Charles_0003.png
Michael_Chang_0005.png
Steven_Spielberg_0004.png
Lindsay_Davenport_0014.png
Bill_Simon_0009.png
Julie_Gerberding_0003.png
Colin_Powell_0225.png
Gloria_Macapagal_Arroyo_0030.png
Kofi_Annan_0009.png
Pete_Sampras_0016.png
John_Bolton_0003.png
George_W_Bush_0394.png
Silvio_Berlusconi_0032.png
Junichiro_Koizumi_0039.png
Michael_Douglas_0002.png
Conan_OBrien_0004.png
David_Wells_0006.png
Tom_Craddick_0001.png
Gerhard_Schroeder_0042.png
Gloria_Trevi_0002.png
Bill_Clinton_0002.png
Alvaro_Uribe_0013.png
Kim_Jong-Il_0002.png
Pete_Sampras_0002.png
George_W_Bush_0518.png
Jeong_Se-hyun_0006.png
Christopher_Reeve_0004.png
Serena_Williams_0048.png
Colin_Powell_0053.png
Angelina_Jolie_0020.png
Guillermo_Coria_0014.png
Prince_Claus_0004.png
Juan_Pablo_Montoya_0004.png
Mohammad_Khatami_0004.png
Donald_Rumsfeld_0053.png
Bill_Frist_0006.png
Guillermo_Coria_0013.png
George_W_Bush_0048.png
Nestor_Kirchner_0021.png
Ben_Howland_0001.png
Atal_Bihari_Vajpayee_0001.png
Howard_Dean_0007.png
Carson_Palmer_0004.png
Ludivine_Sagnier_0002.png
Mahmoud_Abbas_0027.png
Daisy_Fuentes_0002.png
Guillermo_Canas_0002.png
Luiz_Inacio_Lula_da_Silva_0045.png
John_Ashcroft_0015.png
Jean_Charest_0013.png
Gordon_Brown_0005.png
Gerhard_Schroeder_0065.png
Lance_Armstrong_0004.png
Jiri_Novak_0001.png
Martha_Stewart_0001.png
Luiz_Inacio_Lula_da_Silva_0047.png
Bill_Paxton_0004.png
Padraig_Harrington_0003.png
Kim_Clijsters_0001.png
George_Robertson_0007.png
Jennifer_Lopez_0008.png
Christopher_Walken_0003.png
Yasser_Arafat_0003.png
Gloria_Macapagal_Arroyo_0024.png
George_W_Bush_0033.png
Lleyton_Hewitt_0039.png
Omar_Sharif_0002.png
Frank_Solich_0001.png
Thabo_Mbeki_0005.png
Geoff_Hoon_0005.png
Laura_Bush_0023.png
Colin_Powell_0011.png
Joschka_Fischer_0008.png
Colin_Powell_0166.png
Spencer_Abraham_0007.png
Saddam_Hussein_0007.png
Thaksin_Shinawatra_0005.png
John_Howard_0006.png
Roger_Federer_0014.png
Arianna_Huffington_0004.png
Guillermo_Coria_0005.png
Paul_Bremer_0006.png
Robert_Blake_0005.png
Yu_Shyi-kun_0002.png
Angelina_Jolie_0019.png
Juan_Carlos_Ferrero_0003.png
Arnold_Schwarzenegger_0032.png
Jennifer_Aniston_0016.png
Mohammed_Al-Douri_0009.png
Marc_Grossman_0001.png
Sergey_Lavrov_0011.png
Jack_Straw_0002.png
Halle_Berry_0010.png
Kate_Winslet_0002.png
Nick_Nolte_0001.png
Rubens_Barrichello_0006.png
Donald_Rumsfeld_0076.png
Kalpana_Chawla_0004.png
Conan_OBrien_0002.png
Rainer_Schuettler_0005.png
Jean_Chretien_0009.png
Sophia_Loren_0004.png
George_W_Bush_0314.png
Jiang_Zemin_0011.png
Lance_Armstrong_0010.png
Carlos_Menem_0004.png
Michael_Bloomberg_0015.png
Igor_Ivanov_0005.png
Gray_Davis_0010.png
Serena_Williams_0046.png
George_W_Bush_0306.png
Venus_Williams_0016.png
Jeong_Se-hyun_0008.png
Jack_Straw_0027.png
Kofi_Annan_0031.png
Colin_Powell_0104.png
Jimmy_Carter_0008.png
George_W_Bush_0152.png
Guillermo_Coria_0017.png
Tom_Cruise_0004.png
Lindsay_Davenport_0002.png
Grant_Hackett_0002.png
Marco_Antonio_Barrera_0005.png
Donald_Rumsfeld_0092.png
Guillermo_Coria_0002.png
Mitchell_Daniels_0001.png
Dominique_de_Villepin_0009.png
Paul_Bremer_0001.png
Joseph_Biden_0001.png
Colin_Farrell_0006.png
Meryl_Streep_0008.png
John_Snow_0010.png
Sylvester_Stallone_0008.png
Nicole_Kidman_0003.png
Queen_Elizabeth_II_0008.png
Hosni_Mubarak_0001.png
Jimmy_Carter_0003.png
Nicanor_Duarte_Frutos_0003.png
Robert_Duvall_0002.png
George_W_Bush_0206.png
Gerhard_Schroeder_0019.png
Ariel_Sharon_0029.png
Paul_Wolfowitz_0005.png
Dick_Cheney_0011.png
Michelle_Kwan_0004.png
Colin_Powell_0020.png
Colin_Powell_0231.png
Michael_Chang_0008.png
Kate_Hudson_0003.png
Leonardo_DiCaprio_0003.png
Robert_De_Niro_0002.png
Kevin_Costner_0001.png
Jim_Furyk_0003.png
Candie_Kung_0004.png
Pedro_Solbes_0001.png
George_W_Bush_0190.png
Mikhail_Kasyanov_0002.png
Tom_Cruise_0007.png
Venus_Williams_0004.png
Pedro_Malan_0004.png
James_Blake_0009.png
Serena_Williams_0023.png
Junichiro_Koizumi_0040.png
George_W_Bush_0281.png
Guillermo_Coria_0020.png
Colin_Powell_0203.png
Jacques_Chirac_0030.png
Richard_Myers_0003.png
Augustin_Calleri_0003.png
Hugo_Chavez_0021.png
Boris_Becker_0006.png
Raoul_Ruiz_0004.png
George_W_Bush_0415.png
Arnold_Schwarzenegger_0020.png
Andy_Roddick_0008.png
Vladimir_Putin_0005.png
Bill_Clinton_0012.png
Alexander_Losyukov_0004.png
William_Donaldson_0007.png
Michael_Schumacher_0003.png
Jacques_Rogge_0008.png
George_W_Bush_0524.png
Nestor_Kirchner_0003.png
Lance_Bass_0005.png
Thomas_Fargo_0004.png
George_W_Bush_0481.png
Julianne_Moore_0016.png
Jennifer_Lopez_0020.png
Junichiro_Koizumi_0004.png
Pedro_Almodovar_0003.png
Donald_Rumsfeld_0116.png
George_W_Bush_0467.png
Elsa_Zylberstein_0003.png
Chen_Shui-bian_0002.png
Charles_Moose_0007.png
Carlos_Moya_0001.png
Junichiro_Koizumi_0016.png
Joe_Nichols_0004.png
Gerry_Adams_0007.png
Tom_Cruise_0003.png
Colin_Powell_0150.png
Adrien_Brody_0011.png
Colin_Powell_0115.png
Jack_Straw_0014.png
Rob_Lowe_0002.png
Don_Siegelman_0001.png
John_Abizaid_0008.png
Kim_Dae-jung_0006.png
George_W_Bush_0419.png
Joseph_Estrada_0001.png
Norah_Jones_0015.png
Jean_Charest_0001.png
Tim_Henman_0010.png
Jacques_Chirac_0037.png
Jacques_Chirac_0048.png
Clint_Eastwood_0005.png
Colin_Powell_0226.png
Richard_Myers_0010.png
Steffi_Graf_0003.png
Juan_Carlos_Ferrero_0026.png
Meryl_Streep_0012.png
George_Robertson_0002.png
Tom_Ridge_0023.png
Gregg_Popovich_0004.png
Romano_Prodi_0001.png
Gloria_Macapagal_Arroyo_0026.png
Gene_Robinson_0002.png
Tiger_Woods_0011.png
Junichiro_Koizumi_0021.png
Yashwant_Sinha_0003.png
Jeremy_Greenstock_0015.png
George_W_Bush_0180.png
Dennis_Hastert_0001.png
Ricardo_Sanchez_0005.png
Vladimir_Putin_0010.png
George_W_Bush_0115.png
Victoria_Clarke_0005.png
Colin_Powell_0220.png
Gerhard_Schroeder_0109.png
Robert_Kocharian_0004.png
John_Allen_Muhammad_0007.png
George_W_Bush_0519.png
Jiri_Novak_0004.png
George_W_Bush_0319.png
John_Manley_0003.png
Mahathir_Mohamad_0010.png
Jack_Straw_0013.png
Todd_Haynes_0001.png
Colin_Powell_0112.png
Silvan_Shalom_0003.png
Shimon_Peres_0008.png
Tim_Henman_0018.png
Atal_Bihari_Vajpayee_0008.png
Roy_Williams_0001.png
Raoul_Ruiz_0003.png
Andre_Agassi_0029.png
Jacques_Chirac_0011.png
Sandra_Bullock_0003.png
Oscar_De_La_Hoya_0001.png
Vicente_Fox_0001.png
Kim_Clijsters_0005.png
Tang_Jiaxuan_0010.png
George_W_Bush_0072.png
Tom_Daschle_0025.png
Bill_Gates_0011.png
Luiz_Inacio_Lula_da_Silva_0044.png
Serena_Williams_0003.png
Michael_Chang_0006.png
Kim_Ryong-sung_0010.png
Tang_Jiaxuan_0002.png
Mark_Philippoussis_0007.png
George_W_Bush_0422.png
George_W_Bush_0066.png
Colin_Powell_0089.png
Bill_Simon_0007.png
David_Anderson_0001.png
Colin_Powell_0137.png
Lindsay_Davenport_0019.png
Bud_Selig_0002.png
George_W_Bush_0126.png
Jennifer_Capriati_0013.png
Lindsay_Davenport_0020.png
Thomas_OBrien_0004.png
Renee_Zellweger_0006.png
George_W_Bush_0074.png
George_W_Bush_0201.png
Vladimir_Putin_0037.png
Tom_Hanks_0009.png
John_Edwards_0007.png
Alvaro_Uribe_0011.png
Muhammad_Ali_0004.png
Spencer_Abraham_0004.png
Dominique_de_Villepin_0001.png
Catherine_Deneuve_0001.png
Nicole_Kidman_0001.png
Walter_Mondale_0007.png
Mick_Jagger_0005.png
George_W_Bush_0036.png
Sebastien_Grosjean_0002.png
Hans_Blix_0002.png
Art_Howe_0003.png
Fujio_Cho_0004.png
Gray_Davis_0014.png
Vladimir_Putin_0022.png
Arnoldo_Aleman_0005.png
Jacques_Rogge_0004.png
David_Trimble_0002.png
Jean_Charest_0011.png
Justin_Timberlake_0005.png
Jennifer_Lopez_0001.png
Gloria_Macapagal_Arroyo_0013.png
Art_Howe_0001.png
Jose_Serra_0004.png
Tony_Blair_0089.png
Alejandro_Toledo_0026.png
Luiz_Inacio_Lula_da_Silva_0031.png
Shimon_Peres_0005.png
Ray_Romano_0006.png
Spencer_Abraham_0002.png
Dean_Barkley_0002.png
John_Snow_0005.png
Tom_Daschle_0022.png
Spencer_Abraham_0003.png
Ron_Dittemore_0007.png
Jon_Gruden_0001.png
Bashar_Assad_0003.png
Tony_Blair_0039.png
Guillermo_Coria_0010.png
Lucio_Gutierrez_0011.png
Li_Zhaoxing_0005.png
Jean_Charest_0005.png
Russell_Simmons_0003.png
Justin_Timberlake_0001.png
Enrique_Bolanos_0002.png
Guillermo_Coria_0007.png
Rubens_Barrichello_0008.png
Gerhard_Schroeder_0013.png
Jelena_Dokic_0006.png
Larry_Brown_0003.png
Lucio_Gutierrez_0013.png
Laura_Bush_0013.png
Kate_Hudson_0001.png
Nicanor_Duarte_Frutos_0006.png
Roberto_Carlos_0004.png
John_Stockton_0005.png
Martha_Stewart_0003.png
Venus_Williams_0009.png
Lindsay_Davenport_0001.png
Tung_Chee-hwa_0006.png
John_Howard_0004.png
Jennifer_Capriati_0036.png
Vincent_Brooks_0001.png
Ana_Palacio_0003.png
Jong_Wook_Lee_0002.png
Bill_Frist_0005.png
Lleyton_Hewitt_0014.png
Vicente_Fox_0009.png
Vitali_Klitschko_0002.png
Oscar_De_La_Hoya_0003.png
Andre_Agassi_0023.png
Colin_Powell_0013.png
Hugo_Chavez_0028.png
Tony_Blair_0066.png
Lindsay_Davenport_0007.png
Paul_Bremer_0008.png
Xanana_Gusmao_0004.png
Colin_Powell_0236.png
Kim_Jong-Il_0001.png
Jennifer_Aniston_0008.png
Ian_Thorpe_0007.png
Justin_Leonard_0004.png
Jean_Chretien_0041.png
Erika_Harold_0001.png
Jacques_Chirac_0017.png
Richard_Virenque_0006.png
Gerhard_Schroeder_0051.png
Pedro_Malan_0002.png
Tony_Bennett_0002.png
Jeremy_Greenstock_0020.png
Kofi_Annan_0019.png
Jean-Pierre_Raffarin_0003.png
Hugo_Chavez_0012.png
Mahmoud_Abbas_0028.png
Harrison_Ford_0008.png
Colin_Powell_0085.png
Tony_Blair_0099.png
Thaksin_Shinawatra_0004.png
George_W_Bush_0060.png
Roman_Polanski_0002.png
Vladimir_Putin_0047.png
Vladimir_Putin_0006.png
Rudolph_Giuliani_0003.png
Michael_Schumacher_0017.png
John_Howard_0010.png
Zoran_Djindjic_0003.png
Tony_Blair_0142.png
George_W_Bush_0062.png
Thabo_Mbeki_0004.png
Luiz_Inacio_Lula_da_Silva_0009.png
Alec_Baldwin_0003.png
Ariel_Sharon_0073.png
Mahmoud_Abbas_0009.png
Doris_Schroeder_0003.png
Joschka_Fischer_0009.png
Gloria_Macapagal_Arroyo_0040.png
Andre_Agassi_0018.png
Juan_Carlos_Ferrero_0009.png
Bob_Stoops_0005.png
Muhammad_Ali_0010.png
Rachel_Hunter_0001.png
Jerry_Springer_0001.png
George_W_Bush_0121.png
George_HW_Bush_0001.png
Anna_Kournikova_0009.png
Heidi_Klum_0002.png
Gloria_Macapagal_Arroyo_0011.png
John_Ashcroft_0039.png
Hugo_Chavez_0026.png
Lance_Armstrong_0013.png
Andre_Agassi_0021.png
Kofi_Annan_0011.png
George_W_Bush_0416.png
Hu_Jintao_0012.png
Arnold_Schwarzenegger_0042.png
Herb_Sendek_0002.png
Halle_Berry_0013.png
Sourav_Ganguly_0001.png
Richard_Myers_0017.png
Muhammad_Saeed_al-Sahhaf_0004.png
Igor_Ivanov_0004.png
Guillermo_Coria_0006.png
Gonzalo_Sanchez_de_Lozada_0005.png
George_HW_Bush_0003.png
Vincent_Brooks_0005.png
Binyamin_Ben-Eliezer_0006.png
Paul_ONeill_0001.png
Tommy_Thompson_0005.png
Jackie_Chan_0013.png
Lance_Armstrong_0017.png
Woody_Allen_0001.png
Cesar_Gaviria_0004.png
Ian_Thorpe_0003.png
Rudolph_Giuliani_0013.png
Jeb_Bush_0003.png
George_W_Bush_0510.png
Tiger_Woods_0016.png
Adrien_Brody_0012.png
Nicole_Kidman_0018.png
Charles_Taylor_0008.png
Noelle_Bush_0003.png
Ari_Fleischer_0001.png
Michael_Bloomberg_0007.png
Alec_Baldwin_0001.png
Giuseppe_Gibilisco_0001.png
Hipolito_Mejia_0002.png
Junichiro_Koizumi_0018.png
Tom_Daschle_0003.png
Recep_Tayyip_Erdogan_0007.png
Michael_Bloomberg_0005.png
Arnold_Schwarzenegger_0010.png
Gerhard_Schroeder_0092.png
Emma_Watson_0001.png
Mark_Philippoussis_0010.png
Julianne_Moore_0001.png
Carlos_Menem_0013.png
George_W_Bush_0043.png
Yao_Ming_0004.png
Jiri_Novak_0005.png
Romano_Prodi_0003.png
Kim_Dae-jung_0003.png
George_W_Bush_0002.png
Rubens_Barrichello_0003.png
Ralf_Schumacher_0003.png
Francisco_Flores_0002.png
Kim_Clijsters_0004.png
Kim_Dae-jung_0001.png
Tony_Blair_0119.png
Pedro_Almodovar_0002.png
Gerry_Adams_0003.png
Tom_Ridge_0030.png
Sophia_Loren_0001.png
George_W_Bush_0027.png
Bill_Gates_0010.png
Claudia_Pechstein_0002.png
Zhu_Rongji_0001.png
Junichiro_Koizumi_0041.png
Mohammed_Al-Douri_0014.png
Serena_Williams_0024.png
Serena_Williams_0038.png
Colin_Powell_0045.png
Jean_Chretien_0020.png
Alan_Greenspan_0002.png
Jason_Kidd_0005.png
Naomi_Watts_0002.png
Jackie_Chan_0002.png
Nestor_Kirchner_0037.png
Gerhard_Schroeder_0001.png
Igor_Ivanov_0013.png
Mohammad_Khatami_0008.png
Hal_Gehman_0003.png
Meryl_Streep_0001.png
Jennifer_Lopez_0021.png
George_Robertson_0011.png
Colin_Powell_0028.png
Michael_Schumacher_0004.png
Pierce_Brosnan_0013.png
Hugh_Grant_0002.png
Diana_Krall_0002.png
Ricardo_Lagos_0027.png
Mahmoud_Abbas_0007.png
Rebekah_Chantay_Revels_0001.png
Tom_Ridge_0026.png
Junichiro_Koizumi_0007.png
Taha_Yassin_Ramadan_0008.png
Taha_Yassin_Ramadan_0014.png
Joan_Laporta_0004.png
Gloria_Macapagal_Arroyo_0005.png
Serena_Williams_0051.png
Yasser_Arafat_0001.png
Mahmoud_Abbas_0005.png
Patty_Schnyder_0003.png
Tony_Blair_0088.png
Jay_Garner_0005.png
Martha_Burk_0004.png
David_Beckham_0021.png
Sergey_Lavrov_0010.png
Gordon_Brown_0010.png
Jean-David_Levitte_0006.png
Geraldine_Chaplin_0003.png
Kofi_Annan_0024.png
Binyamin_Ben-Eliezer_0003.png
Luiz_Inacio_Lula_da_Silva_0041.png
Christopher_Reeve_0003.png
Michael_Jackson_0009.png
Arnold_Schwarzenegger_0016.png
Russell_Simmons_0002.png
Ashanti_0004.png
John_Bolton_0006.png
Mark_Wahlberg_0002.png
Junichiro_Koizumi_0036.png
Nicole_Kidman_0012.png
Charles_Taylor_0002.png
Michael_Chang_0004.png
Christopher_Reeve_0001.png
Amelia_Vega_0003.png
Silvio_Berlusconi_0017.png
Spencer_Abraham_0017.png
Guillermo_Coria_0015.png
Maria_Shriver_0002.png
Pete_Sampras_0004.png
Ron_Dittemore_0005.png
Eduardo_Duhalde_0014.png
Vicente_Fox_0029.png
Walter_Mondale_0002.png
Clint_Eastwood_0006.png
George_W_Bush_0367.png
Gerhard_Schroeder_0037.png
Colin_Powell_0216.png
Nathalie_Baye_0003.png
Abdullah_Gul_0008.png
Fidel_Castro_0015.png
Winona_Ryder_0002.png
Jean-Pierre_Raffarin_0001.png
Justin_Leonard_0003.png
George_W_Bush_0365.png
John_Negroponte_0017.png
John_Negroponte_0025.png
George_W_Bush_0466.png
Nestor_Kirchner_0017.png
Pierce_Brosnan_0002.png
Vicente_Fox_0030.png
Bill_Paxton_0003.png
Bruce_Springsteen_0002.png
Jeremy_Greenstock_0002.png
Gerry_Adams_0005.png
Junichiro_Koizumi_0029.png
Michael_Jackson_0005.png
Kofi_Annan_0013.png
Elizabeth_Dole_0004.png
Steven_Spielberg_0001.png
Tom_Harkin_0004.png
Hu_Jintao_0010.png
Goldie_Hawn_0003.png
George_W_Bush_0009.png
Colin_Powell_0172.png
Yevgeny_Kafelnikov_0002.png
Jiri_Novak_0007.png
Venus_Williams_0001.png
Paradorn_Srichaphan_0006.png
Elizabeth_Dole_0003.png
Amelie_Mauresmo_0002.png
Pete_Sampras_0008.png
George_W_Bush_0410.png
Gilberto_Rodriguez_Orejuela_0002.png
Kim_Clijsters_0006.png
Robert_Blake_0002.png
Mark_Hurlbert_0004.png
Lleyton_Hewitt_0019.png
Recep_Tayyip_Erdogan_0022.png
Jean_Chretien_0030.png
Donald_Rumsfeld_0013.png
George_W_Bush_0173.png
Atal_Bihari_Vajpayee_0004.png
George_W_Bush_0061.png
Bud_Selig_0001.png
Colin_Powell_0134.png
George_W_Bush_0350.png
Gray_Davis_0017.png
Peter_Struck_0001.png
George_W_Bush_0146.png
Demi_Moore_0004.png
Carlos_Moya_0014.png
Hosni_Mubarak_0002.png
Jose_Maria_Aznar_0021.png
Lance_Armstrong_0001.png
Aaron_Peirsol_0002.png
Donald_Rumsfeld_0061.png
Paula_Radcliffe_0002.png
Martha_Burk_0002.png
James_McGreevey_0003.png
John_Bolton_0005.png
Donald_Rumsfeld_0055.png
Richard_Virenque_0003.png
Janet_Napolitano_0003.png
Colin_Powell_0158.png
Juan_Pablo_Montoya_0001.png
George_W_Bush_0252.png
George_W_Bush_0297.png
Kofi_Annan_0010.png
George_W_Bush_0267.png
Harrison_Ford_0012.png
Naomi_Watts_0006.png
Mireya_Moscoso_0005.png
Silvio_Berlusconi_0027.png
Rick_Perry_0003.png
Jon_Gruden_0002.png
Gerhard_Schroeder_0053.png
Richard_Virenque_0004.png
Jack_Straw_0020.png
Gerhard_Schroeder_0028.png
Howard_Dean_0008.png
Nancy_Pelosi_0007.png
Jerry_Springer_0002.png
George_W_Bush_0506.png
Fidel_Castro_0011.png
Sylvester_Stallone_0001.png
Howard_Dean_0005.png
Yashwant_Sinha_0006.png
George_W_Bush_0021.png
Michael_Bloomberg_0001.png
Lleyton_Hewitt_0033.png
Roh_Moo-hyun_0022.png
Nan_Wang_0003.png
George_W_Bush_0239.png
Amelie_Mauresmo_0010.png
Tony_Blair_0120.png
Carlos_Menem_0015.png
Rob_Marshall_0005.png
Colin_Powell_0105.png
Herb_Sendek_0001.png
Colin_Powell_0017.png
Tony_Blair_0076.png
Tony_Blair_0029.png
Joschka_Fischer_0014.png
Gerhard_Schroeder_0091.png
Hamid_Karzai_0007.png
Walter_Mondale_0006.png
Kofi_Annan_0018.png
Franz_Fischler_0004.png
Jennifer_Capriati_0017.png
Juan_Carlos_Ferrero_0014.png
Cesar_Gaviria_0003.png
Vitali_Klitschko_0001.png
Kofi_Annan_0021.png
Tariq_Aziz_0005.png
Angelina_Jolie_0013.png
Alejandro_Toledo_0017.png
Valentino_Rossi_0001.png
John_Abizaid_0001.png
Gonzalo_Sanchez_de_Lozada_0006.png
Liza_Minnelli_0005.png
Venus_Williams_0003.png
Colin_Powell_0082.png
Robert_Blake_0006.png
Paul_ONeill_0004.png
Hans_Blix_0032.png
Renee_Zellweger_0015.png
Tang_Jiaxuan_0006.png
Guillermo_Canas_0004.png
Jason_Kidd_0010.png
Pedro_Malan_0005.png
Jeremy_Greenstock_0023.png
Charles_Moose_0006.png
Lindsay_Davenport_0015.png
Serena_Williams_0043.png
Abdullah_Gul_0010.png
Win_Aung_0004.png
Gerhard_Schroeder_0095.png
Lleyton_Hewitt_0021.png
Hugo_Chavez_0036.png
Tony_Blair_0127.png
Gonzalo_Sanchez_de_Lozada_0004.png
Vaclav_Havel_0007.png
George_W_Bush_0063.png
George_W_Bush_0294.png
Vladimir_Putin_0021.png
Tony_Blair_0091.png
George_Robertson_0009.png
Colin_Powell_0052.png
Pedro_Almodovar_0001.png
David_Anderson_0003.png
Pierce_Brosnan_0014.png
Jacques_Chirac_0003.png
Monica_Seles_0003.png
Ludivine_Sagnier_0001.png
Edwina_Currie_0002.png
Adrien_Brody_0006.png
Tom_Ridge_0029.png
Kofi_Annan_0006.png
Diana_Krall_0003.png
George_Pataki_0001.png
Mahmoud_Abbas_0006.png
David_Beckham_0017.png
Pete_Sampras_0012.png
Hamid_Karzai_0018.png
Paul_Burrell_0001.png
Rick_Pitino_0002.png
Mike_Weir_0006.png
Gonzalo_Sanchez_de_Lozada_0008.png
Cesar_Gaviria_0007.png
Donald_Rumsfeld_0019.png
George_Lopez_0005.png
Nestor_Kirchner_0034.png
Oprah_Winfrey_0002.png
Laura_Bush_0028.png
Costas_Simitis_0004.png
Gil_de_Ferran_0004.png
Colin_Powell_0212.png
Kim_Ryong-sung_0007.png
Matt_Damon_0004.png
Roh_Moo-hyun_0025.png
George_W_Bush_0234.png
Andy_Roddick_0015.png
Fujio_Cho_0003.png
George_W_Bush_0462.png
Fidel_Castro_0013.png
Jackie_Chan_0010.png
Tommy_Thompson_0006.png
Gwyneth_Paltrow_0002.png
Hugh_Grant_0009.png
Alejandro_Toledo_0010.png
Eduardo_Duhalde_0002.png
George_Lopez_0001.png
Muhammad_Ali_0002.png
Ariel_Sharon_0002.png
Valery_Giscard_dEstaing_0002.png
Hillary_Clinton_0007.png
Hugo_Chavez_0035.png
Yu_Shyi-kun_0003.png
Emma_Watson_0002.png
Tom_Hanks_0010.png
Tang_Jiaxuan_0011.png
Gregg_Popovich_0005.png
Tom_Daschle_0002.png
Lance_Bass_0001.png
Luiz_Inacio_Lula_da_Silva_0023.png
Arnold_Schwarzenegger_0007.png
Tony_Blair_0004.png
Wen_Jiabao_0012.png
Richard_Gere_0002.png
Amer_al-Saadi_0004.png
John_Kerry_0005.png
Keanu_Reeves_0005.png
Hans_Blix_0003.png
George_W_Bush_0230.png
Jacques_Chirac_0029.png
Omar_Sharif_0003.png
LeBron_James_0005.png
Jennifer_Aniston_0013.png
Hugo_Chavez_0041.png
John_Kerry_0007.png
Roy_Moore_0001.png
Ann_Veneman_0001.png
George_W_Bush_0044.png
Jennifer_Aniston_0021.png
Gerhard_Schroeder_0068.png
Mohamed_ElBaradei_0008.png
Paul_Martin_0008.png
LeBron_James_0002.png
Tommy_Franks_0013.png
Megawati_Sukarnoputri_0008.png
Prince_Charles_0004.png
Tim_Henman_0016.png
Jose_Serra_0003.png
Spencer_Abraham_0009.png
Alan_Greenspan_0001.png
George_W_Bush_0242.png
Kamal_Kharrazi_0003.png
Michael_Schumacher_0013.png
Carla_Del_Ponte_0001.png
Junichiro_Koizumi_0034.png
Michael_Caine_0003.png
John_Travolta_0006.png
Jose_Serra_0001.png
Nelson_Mandela_0001.png
Andre_Agassi_0013.png
George_Robertson_0012.png
Jeong_Se-hyun_0007.png
Tim_Henman_0002.png
Taha_Yassin_Ramadan_0015.png
Vladimir_Putin_0013.png
Christine_Gregoire_0004.png
Jose_Maria_Aznar_0022.png
Amelie_Mauresmo_0004.png
Mike_Weir_0002.png
Jennifer_Lopez_0010.png
Winona_Ryder_0014.png
Martin_Scorsese_0003.png
Ariel_Sharon_0058.png
Lleyton_Hewitt_0035.png
Ron_Dittemore_0001.png
Tom_Ridge_0006.png
Tom_Ridge_0016.png
George_W_Bush_0041.png
Vladimir_Putin_0017.png
Juan_Carlos_Ferrero_0008.png
Lucio_Gutierrez_0006.png
Mahmoud_Abbas_0004.png
George_W_Bush_0106.png
Queen_Latifah_0001.png
Paradorn_Srichaphan_0005.png
Joan_Laporta_0007.png
Joschka_Fischer_0019.png
Andy_Roddick_0003.png
Bill_McBride_0008.png
Jean_Chretien_0039.png
Bill_Clinton_0007.png
Alvaro_Uribe_0016.png
Saddam_Hussein_0003.png
Wen_Jiabao_0006.png
Carlos_Moya_0013.png
Goldie_Hawn_0007.png
Andy_Roddick_0001.png
Michael_Bloomberg_0019.png
Kofi_Annan_0027.png
Bob_Graham_0002.png
Jose_Serra_0009.png
John_Warner_0003.png
John_Stockton_0004.png
Fernando_Henrique_Cardoso_0007.png
Juan_Carlos_Ferrero_0015.png
Winona_Ryder_0023.png
Jeb_Bush_0007.png
Mark_Wahlberg_0001.png
George_W_Bush_0480.png
Hun_Sen_0003.png
Jennifer_Aniston_0009.png
Kofi_Annan_0012.png
Michelle_Kwan_0005.png
Larry_Thompson_0003.png
Tony_Blair_0045.png
George_W_Bush_0222.png
Serena_Williams_0037.png
Tony_Blair_0075.png
Franz_Fischler_0002.png
Laura_Bush_0036.png
John_Ashcroft_0001.png
John_Paul_II_0007.png
Jennifer_Keller_0003.png
Catherine_Zeta-Jones_0007.png
Alvaro_Uribe_0025.png
Xavier_Malisse_0001.png
Jose_Manuel_Durao_Barroso_0006.png
Hillary_Clinton_0013.png
Robert_Redford_0008.png
Arnold_Schwarzenegger_0037.png
Tony_Blair_0006.png
Nestor_Kirchner_0010.png
Alvaro_Uribe_0019.png
George_Clooney_0004.png
Mahathir_Mohamad_0001.png
Junichiro_Koizumi_0045.png
John_Howard_0001.png
Justin_Timberlake_0008.png
Jelena_Dokic_0005.png
Amelie_Mauresmo_0013.png
Guillermo_Coria_0022.png
George_W_Bush_0055.png
Vladimir_Putin_0025.png
John_Howard_0003.png
Wolfgang_Schuessel_0003.png
Eduardo_Duhalde_0007.png
Jiri_Novak_0010.png
Richard_Virenque_0007.png
George_W_Bush_0459.png
Elsa_Zylberstein_0004.png
Wolfgang_Schuessel_0001.png
John_Negroponte_0003.png
Junichiro_Koizumi_0043.png
Mike_Krzyzewski_0006.png
Vicente_Fox_0016.png
George_Pataki_0004.png
Gloria_Macapagal_Arroyo_0008.png
Gloria_Macapagal_Arroyo_0014.png
Mary_Carey_0001.png
Tony_Blair_0114.png
Queen_Elizabeth_II_0007.png
Ana_Guevara_0002.png
Gerhard_Schroeder_0011.png
Igor_Ivanov_0017.png
Sheila_Copps_0002.png
Gonzalo_Sanchez_de_Lozada_0009.png
Jim_Furyk_0006.png
Tom_Craddick_0002.png
Maria_Soledad_Alvear_Valenzuela_0004.png
Charles_Taylor_0003.png
Nicole_Kidman_0013.png
Natalie_Coughlin_0002.png
Gerry_Adams_0001.png
Kathleen_Kennedy_Townsend_0004.png
Paul_Wolfowitz_0006.png
George_W_Bush_0093.png
George_W_Bush_0388.png
George_W_Bush_0181.png
Colin_Powell_0108.png
Tony_Blair_0042.png
Fujio_Cho_0006.png
Mahmoud_Abbas_0019.png
Rob_Marshall_0002.png
Daniel_Radcliffe_0004.png
Lleyton_Hewitt_0026.png
Valery_Giscard_dEstaing_0004.png
David_Beckham_0016.png
Bashar_Assad_0002.png
Pupi_Avati_0003.png
Vicente_Fox_0012.png
Jim_Hahn_0001.png
Laura_Bush_0020.png
Jim_Tressel_0004.png
Lindsay_Davenport_0009.png
Gerhard_Schroeder_0103.png
Robert_Kocharian_0005.png
Donald_Rumsfeld_0110.png
Donald_Rumsfeld_0020.png
Hugo_Chavez_0009.png
Clay_Aiken_0004.png
Tom_Daschle_0014.png
Nadia_Petrova_0003.png
Spencer_Abraham_0012.png
Albert_Costa_0004.png
Ariel_Sharon_0040.png
Bill_Gates_0008.png
George_W_Bush_0131.png
Hillary_Clinton_0004.png
Bill_Graham_0005.png
Michael_Bloomberg_0006.png
Romano_Prodi_0002.png
Gerhard_Schroeder_0066.png
Kim_Dae-jung_0002.png
Salma_Hayek_0010.png
Atal_Bihari_Vajpayee_0015.png
Walter_Mondale_0010.png
Elizabeth_Hurley_0003.png
Yao_Ming_0002.png
Zinedine_Zidane_0003.png
George_W_Bush_0188.png
Jennifer_Capriati_0006.png
Sonia_Gandhi_0001.png
Tim_Henman_0014.png
Silvio_Berlusconi_0001.png
Andre_Agassi_0003.png
Adrien_Brody_0008.png
Joe_Nichols_0003.png
Megawati_Sukarnoputri_0011.png
Tony_Blair_0038.png
Luiz_Inacio_Lula_da_Silva_0022.png
Omar_Sharif_0004.png
Britney_Spears_0012.png
Lance_Armstrong_0018.png
Jiri_Novak_0008.png
Conan_OBrien_0001.png
Shimon_Peres_0003.png
Justin_Timberlake_0004.png
Jennifer_Garner_0004.png
Alvaro_Uribe_0021.png
Nestor_Kirchner_0030.png
Paul_Martin_0007.png
George_W_Bush_0249.png
Richard_Armitage_0004.png
Ricardo_Lagos_0008.png
James_Blake_0014.png
Serena_Williams_0031.png
Matthew_Broderick_0003.png
Alvaro_Uribe_0006.png
Donald_Rumsfeld_0087.png
Junichiro_Koizumi_0046.png
Lleyton_Hewitt_0030.png
Keanu_Reeves_0007.png
Paul_ONeill_0007.png
Mohamed_ElBaradei_0005.png
Prince_Charles_0005.png
Lleyton_Hewitt_0020.png
George_W_Bush_0347.png
Natalie_Coughlin_0004.png
Sepp_Blatter_0002.png
Martina_McBride_0002.png
Recep_Tayyip_Erdogan_0013.png
Paul_Bremer_0019.png
Sally_Field_0004.png
Mohamed_ElBaradei_0007.png
Carlos_Menem_0002.png
John_Bolton_0001.png
Mike_Weir_0001.png
Paul_McCartney_0004.png
George_W_Bush_0187.png
Tommy_Franks_0016.png
Natalie_Coughlin_0006.png
Jack_Straw_0012.png
Colin_Powell_0113.png
Jennifer_Lopez_0019.png
George_W_Bush_0122.png
Nestor_Kirchner_0014.png
Paul_Wolfowitz_0003.png
Junichiro_Koizumi_0020.png
Juan_Carlos_Ferrero_0023.png
Colin_Powell_0055.png
Salma_Hayek_0012.png
Ana_Palacio_0007.png
George_W_Bush_0220.png
Martin_Scorsese_0002.png
Jennifer_Capriati_0008.png
Luis_Gonzalez_Macchi_0003.png
George_W_Bush_0245.png
Pervez_Musharraf_0017.png
Luiz_Inacio_Lula_da_Silva_0006.png
Vincent_Brooks_0002.png
Cameron_Diaz_0003.png
John_Bolton_0007.png
Oscar_De_La_Hoya_0006.png
Glafcos_Clerides_0003.png
Colin_Powell_0111.png
Serena_Williams_0029.png
Princess_Caroline_0003.png
Al_Sharpton_0004.png
Lleyton_Hewitt_0007.png
John_Stockton_0002.png
Robert_Mueller_0003.png
Walter_Mondale_0003.png
Boris_Becker_0005.png
Trent_Lott_0004.png
Meryl_Streep_0009.png
Jacques_Rogge_0002.png
Yoko_Ono_0004.png
Salma_Hayek_0004.png
Mireya_Moscoso_0004.png
Gerhard_Schroeder_0048.png
Jeremy_Greenstock_0022.png
Michael_Jordan_0002.png
Salma_Hayek_0005.png
Jennifer_Lopez_0002.png
Paradorn_Srichaphan_0007.png
Jean_Charest_0017.png
Pete_Sampras_0006.png
Arnold_Schwarzenegger_0033.png
Tony_Blair_0063.png
Vicente_Fox_0024.png
Tom_Ridge_0025.png
George_W_Bush_0223.png
Ann_Veneman_0008.png
Jong_Wook_Lee_0004.png
Goldie_Hawn_0005.png
George_Clooney_0003.png
Roman_Polanski_0001.png
Gilberto_Rodriguez_Orejuela_0003.png
Wen_Jiabao_0013.png
Meryl_Streep_0005.png
George_Robertson_0015.png
Jennifer_Aniston_0007.png
Bob_Stoops_0004.png
Lance_Armstrong_0002.png
George_Robertson_0020.png
Donald_Rumsfeld_0081.png
Tom_Ridge_0021.png
Candie_Kung_0003.png
Salma_Hayek_0008.png
Hugh_Grant_0004.png
Rudolph_Giuliani_0006.png
Tom_Daschle_0011.png
Steve_Lavin_0003.png
Lance_Armstrong_0016.png
Michael_Bloomberg_0017.png
Anna_Kournikova_0006.png
Christine_Baumgartner_0005.png
Jennifer_Aniston_0010.png
Mike_Tyson_0003.png
Colin_Powell_0099.png
Tung_Chee-hwa_0007.png
Colin_Powell_0147.png
Tony_Blair_0040.png
Naomi_Watts_0013.png
Pervez_Musharraf_0008.png
George_W_Bush_0391.png
Sourav_Ganguly_0002.png
Arnoldo_Aleman_0002.png
Marc_Grossman_0002.png
George_W_Bush_0290.png
Lleyton_Hewitt_0018.png
Mike_Krzyzewski_0002.png
Tony_Blair_0131.png
Silvio_Berlusconi_0020.png
Robert_De_Niro_0003.png
Luiz_Inacio_Lula_da_Silva_0038.png
Vincent_Brooks_0004.png
Tommy_Franks_0004.png
Hitomi_Soga_0002.png
Eduardo_Duhalde_0011.png
Colin_Powell_0128.png
Gerhard_Schroeder_0052.png
Richard_Virenque_0005.png
John_Negroponte_0023.png
Nicole_Kidman_0005.png
Bill_Simon_0014.png
David_Heymann_0001.png
Catherine_Deneuve_0005.png
Vicente_Fox_0018.png
George_Papandreou_0001.png
Clint_Eastwood_0001.png
Ben_Howland_0002.png
Eduardo_Duhalde_0013.png
George_W_Bush_0494.png
Donald_Rumsfeld_0025.png
Meryl_Streep_0011.png
Jim_Furyk_0005.png
Naomi_Watts_0009.png
Hans_Blix_0023.png
Jennifer_Capriati_0029.png
Tiger_Woods_0012.png
Mahmoud_Abbas_0013.png
Junichiro_Koizumi_0013.png
Howard_Dean_0003.png
Joseph_Biden_0005.png
Joe_Nichols_0001.png
Vladimir_Putin_0038.png
George_W_Bush_0379.png
Hosni_Mubarak_0007.png
Clare_Short_0003.png
Michael_Jordan_0004.png
Luiz_Inacio_Lula_da_Silva_0010.png
Luis_Horna_0001.png
Naomi_Watts_0010.png
George_W_Bush_0017.png
Paul_Martin_0001.png
Colin_Powell_0157.png
James_Wolfensohn_0003.png
Jim_Furyk_0001.png
Mike_Martz_0002.png
Megawati_Sukarnoputri_0013.png
Catherine_Zeta-Jones_0003.png
Serena_Williams_0025.png
Mahmoud_Abbas_0017.png
Junichiro_Koizumi_0052.png
Silvio_Berlusconi_0005.png
Dale_Earnhardt_Jr_0004.png
Sarah_Hughes_0002.png
Taha_Yassin_Ramadan_0009.png
Winona_Ryder_0022.png
Jennifer_Lopez_0007.png
Tom_Daschle_0015.png
Steffi_Graf_0002.png
Heidi_Klum_0001.png
Mike_Myers_0001.png
Colin_Powell_0030.png
Fidel_Castro_0008.png
Andre_Agassi_0009.png
Martha_Lucia_Ramirez_0004.png
Franz_Fischler_0003.png
Naomi_Watts_0001.png
Paul_Bremer_0013.png
Matthew_Broderick_0001.png
George_W_Bush_0304.png
Jean_Chretien_0025.png
Sergio_Vieira_De_Mello_0004.png
Laura_Bush_0027.png
Lance_Armstrong_0012.png
Jacques_Chirac_0052.png
Jacques_Chirac_0036.png
George_W_Bush_0169.png
Reese_Witherspoon_0001.png
Jose_Maria_Aznar_0011.png
David_Beckham_0028.png
Larry_Thompson_0004.png
Adam_Sandler_0003.png
Carlos_Menem_0021.png
Spencer_Abraham_0011.png
Luiz_Inacio_Lula_da_Silva_0028.png
Joe_Lieberman_0012.png
Colin_Powell_0019.png
Abdoulaye_Wade_0004.png
Tom_Crean_0005.png
Jiri_Novak_0009.png
Bill_Clinton_0024.png
George_W_Bush_0389.png
Ariel_Sharon_0030.png
Serena_Williams_0050.png
Bill_Simon_0012.png
Bill_Gates_0005.png
Tiger_Woods_0009.png
George_W_Bush_0321.png
Christine_Todd_Whitman_0004.png
Ari_Fleischer_0002.png
George_W_Bush_0216.png
George_W_Bush_0015.png
Rubens_Barrichello_0012.png
Colin_Powell_0072.png
Dominique_de_Villepin_0013.png
Ariel_Sharon_0022.png
George_W_Bush_0094.png
Harrison_Ford_0003.png
Paul_Burrell_0008.png
Jacques_Chirac_0045.png
Alexander_Downer_0004.png
Colin_Powell_0049.png
Marcelo_Rios_0004.png
Noelle_Bush_0002.png
Heath_Ledger_0004.png
Julie_Gerberding_0015.png
George_W_Bush_0130.png
Joschka_Fischer_0012.png
Yoko_Ono_0002.png
Bill_Clinton_0020.png
Kim_Dae-jung_0008.png
Winona_Ryder_0008.png
James_Kelly_0007.png
Jean-David_Levitte_0005.png
Justin_Timberlake_0007.png
Michael_Schumacher_0008.png
Edmund_Stoiber_0011.png
Colin_Powell_0189.png
Eliane_Karp_0003.png
Rudolph_Giuliani_0016.png
Richard_Armitage_0003.png
Andre_Agassi_0020.png
George_W_Bush_0243.png
Tony_Blair_0020.png
Junichiro_Koizumi_0023.png
Arnold_Schwarzenegger_0028.png
Yasser_Arafat_0006.png
Yao_Ming_0005.png
George_W_Bush_0186.png
Winona_Ryder_0018.png
George_W_Bush_0045.png
Bill_Simon_0002.png
Lance_Armstrong_0008.png
Queen_Rania_0004.png
Pete_Sampras_0019.png
Ana_Guevara_0001.png
Al_Gore_0005.png
Russell_Simmons_0001.png
Laura_Linney_0004.png
Fidel_Castro_0014.png
Junichiro_Koizumi_0051.png
James_Kelly_0005.png
Tony_Blair_0107.png
Tom_Hanks_0008.png
Sergio_Vieira_De_Mello_0006.png
Monica_Seles_0002.png
Al_Gore_0007.png
George_W_Bush_0090.png
George_W_Bush_0477.png
Rob_Marshall_0003.png
Jack_Straw_0028.png
Abdullah_Gul_0017.png
Muhammad_Ali_0005.png
John_Howard_0019.png
Junichiro_Koizumi_0025.png
Ronaldo_Luis_Nazario_de_Lima_0001.png
Gwyneth_Paltrow_0003.png
John_Abizaid_0007.png
David_Trimble_0003.png
Renee_Zellweger_0004.png
Michael_Schumacher_0001.png
Michael_Schumacher_0009.png
Jeremy_Greenstock_0011.png
Allyson_Felix_0003.png
Lance_Bass_0002.png
Jiang_Zemin_0019.png
Colin_Powell_0185.png
Spencer_Abraham_0005.png
Jacques_Chirac_0032.png
Mohammed_Al-Douri_0015.png
Recep_Tayyip_Erdogan_0017.png
Meryl_Streep_0015.png
Kim_Clijsters_0003.png
George_W_Bush_0334.png
George_W_Bush_0375.png
Colin_Powell_0234.png
Tom_Daschle_0023.png
Renee_Zellweger_0008.png
Kate_Hudson_0009.png
Angelo_Reyes_0003.png
Gray_Davis_0013.png
Bill_Gates_0017.png
Jacques_Chirac_0012.png
Tony_Blair_0058.png
Mahmoud_Abbas_0022.png
Alejandro_Toledo_0030.png
Jeb_Bush_0010.png
James_Kelly_0009.png
Gonzalo_Sanchez_de_Lozada_0011.png
Catherine_Deneuve_0003.png
Luiz_Inacio_Lula_da_Silva_0030.png
Abdullah_Gul_0006.png
Nancy_Pelosi_0002.png
Hans_Blix_0037.png
Al_Gore_0002.png
David_Wells_0002.png
Angela_Merkel_0002.png
Choi_Sung-hong_0001.png
LeBron_James_0003.png
Monica_Seles_0005.png
Rubens_Barrichello_0011.png
Xavier_Malisse_0003.png
Alvaro_Uribe_0014.png
Justin_Timberlake_0003.png
Donald_Rumsfeld_0086.png
Serena_Williams_0019.png
Bill_McBride_0003.png
Pierce_Brosnan_0009.png
John_Bolton_0016.png
Vicente_Fernandez_0003.png
Saddam_Hussein_0011.png
Shimon_Peres_0007.png
Gloria_Macapagal_Arroyo_0036.png
Walter_Mondale_0009.png
Mark_Philippoussis_0008.png
Atal_Bihari_Vajpayee_0018.png
Jonathan_Edwards_0006.png
Li_Peng_0005.png
Jennifer_Aniston_0019.png
Ariel_Sharon_0066.png
Gray_Davis_0012.png
Carlos_Moya_0005.png
Richard_Armitage_0007.png
Gerhard_Schroeder_0040.png
John_Paul_II_0008.png
Allyson_Felix_0002.png
Eduard_Shevardnadze_0004.png
Andre_Agassi_0027.png
Meryl_Streep_0007.png
George_Robertson_0017.png
Julie_Gerberding_0002.png
George_W_Bush_0111.png
Atal_Bihari_Vajpayee_0010.png
Jim_Furyk_0004.png
Li_Zhaoxing_0001.png
Marco_Antonio_Barrera_0004.png
Nathalie_Baye_0002.png
Andre_Agassi_0025.png
Michael_Chang_0001.png
Mike_Krzyzewski_0001.png
Bill_Simon_0010.png
Geoff_Hoon_0003.png
Russell_Simmons_0005.png
Luiz_Inacio_Lula_da_Silva_0048.png
Luiz_Inacio_Lula_da_Silva_0037.png
Jennifer_Capriati_0030.png
Tommy_Franks_0007.png
Michael_Schumacher_0012.png
Alejandro_Toledo_0038.png
Zinedine_Zidane_0001.png
James_Kopp_0003.png
Gerhard_Schroeder_0074.png
Li_Peng_0001.png
Robert_De_Niro_0005.png
William_Bulger_0003.png
Tiger_Woods_0022.png
Carlos_Menem_0018.png
Nestor_Kirchner_0012.png
Tommy_Thompson_0001.png
Tony_Blair_0046.png
Roh_Moo-hyun_0031.png
Leonardo_DiCaprio_0006.png
Jennifer_Aniston_0002.png
Donald_Rumsfeld_0007.png
Kalpana_Chawla_0002.png
John_Howard_0008.png
Rick_Carlisle_0001.png
Antonio_Palocci_0008.png
John_Paul_II_0004.png
Taha_Yassin_Ramadan_0010.png
Sylvester_Stallone_0006.png
Jennifer_Keller_0004.png
Oswaldo_Paya_0001.png
Jackie_Chan_0007.png
George_HW_Bush_0006.png
Jacques_Chirac_0040.png
Britney_Spears_0009.png
Jacques_Chirac_0015.png
Michael_Jordan_0003.png
Megawati_Sukarnoputri_0019.png
Susilo_Bambang_Yudhoyono_0002.png
Oscar_De_La_Hoya_0005.png
Colin_Farrell_0003.png
Geoff_Hoon_0007.png
Princess_Caroline_0004.png
Rudolph_Giuliani_0020.png
Oswaldo_Paya_0003.png
Edmund_Stoiber_0005.png
Brad_Johnson_0001.png
Jimmy_Carter_0007.png
Jennifer_Garner_0009.png
Don_Siegelman_0003.png
Venus_Williams_0006.png
Nicolas_Cage_0002.png
Fernando_Henrique_Cardoso_0006.png
Boris_Becker_0003.png
Roh_Moo-hyun_0015.png
George_Papandreou_0002.png
George_W_Bush_0147.png
Gerhard_Schroeder_0086.png
Jennifer_Keller_0002.png
Patricia_Clarkson_0001.png
Hosni_Mubarak_0003.png
Luis_Figo_0002.png
George_W_Bush_0417.png
Junichiro_Koizumi_0011.png
Nick_Nolte_0003.png
Amelie_Mauresmo_0019.png
Jake_Gyllenhaal_0005.png
George_W_Bush_0328.png
Tony_Blair_0003.png
George_W_Bush_0270.png
Lindsay_Davenport_0017.png
Lleyton_Hewitt_0016.png
Donald_Rumsfeld_0028.png
Tony_Blair_0096.png
Charlton_Heston_0003.png
Junichiro_Koizumi_0048.png
George_W_Bush_0298.png
Jean-Pierre_Raffarin_0005.png
Megawati_Sukarnoputri_0015.png
Vladimir_Putin_0002.png
George_W_Bush_0411.png
George_W_Bush_0085.png
Ray_Romano_0005.png
Abdullah_Gul_0002.png
Win_Aung_0001.png
Martin_Scorsese_0007.png
Rebecca_Romijn-Stamos_0004.png
George_W_Bush_0312.png
Jonathan_Edwards_0003.png
Jeremy_Greenstock_0008.png
Kate_Winslet_0003.png
Halle_Berry_0011.png
Sourav_Ganguly_0003.png
Taha_Yassin_Ramadan_0004.png
George_W_Bush_0403.png
Arnold_Schwarzenegger_0015.png
Daniel_Radcliffe_0003.png
Yashwant_Sinha_0001.png
John_Allen_Muhammad_0005.png
Colin_Powell_0073.png
Nicanor_Duarte_Frutos_0001.png
Arnold_Schwarzenegger_0022.png
Colin_Powell_0016.png
Rudolph_Giuliani_0015.png
Kofi_Annan_0014.png
Donald_Fehr_0001.png
Silvio_Berlusconi_0009.png
Kate_Hudson_0002.png
Sharon_Stone_0002.png
Catherine_Zeta-Jones_0004.png
Rob_Marshall_0004.png
Thabo_Mbeki_0003.png
JK_Rowling_0005.png
Dennis_Hastert_0005.png
Hosni_Mubarak_0004.png
George_W_Bush_0014.png
Jennifer_Garner_0006.png
Carlos_Moya_0007.png
Kevin_Costner_0003.png
Recep_Tayyip_Erdogan_0001.png
Scott_McClellan_0005.png
George_W_Bush_0382.png
Silvio_Berlusconi_0006.png
Colin_Powell_0146.png
Jeremy_Greenstock_0017.png
Juan_Carlos_Ferrero_0020.png
Dominique_de_Villepin_0010.png
Atal_Bihari_Vajpayee_0024.png
Gonzalo_Sanchez_de_Lozada_0003.png
Hipolito_Mejia_0004.png
George_W_Bush_0004.png
George_W_Bush_0010.png
Michael_Schumacher_0002.png
Halle_Berry_0005.png
George_W_Bush_0363.png
Vicente_Fox_0010.png
Jake_Gyllenhaal_0001.png
John_Bolton_0013.png
Guillermo_Canas_0003.png
Gerhard_Schroeder_0098.png
Shimon_Peres_0002.png
Colin_Powell_0031.png
Matthew_Perry_0004.png
Sonia_Gandhi_0004.png
Rick_Pitino_0003.png
Colin_Powell_0202.png
Richard_Myers_0006.png
Silvio_Berlusconi_0002.png
Harrison_Ford_0005.png
Hugo_Chavez_0003.png
Donald_Rumsfeld_0075.png
Kim_Dae-jung_0004.png
Hugo_Chavez_0019.png
Gil_de_Ferran_0005.png
Guillermo_Coria_0012.png
John_Manley_0005.png
Nick_Nolte_0004.png
Roy_Moore_0006.png
Tim_Henman_0012.png
George_W_Bush_0080.png
Dennis_Kucinich_0006.png
Katherine_Harris_0003.png
Yashwant_Sinha_0005.png
Charles_Taylor_0006.png
Gray_Davis_0018.png
Costas_Simitis_0003.png
Clay_Aiken_0003.png
Pamela_Anderson_0005.png
Hal_Gehman_0005.png
Nicole_Kidman_0014.png
Charles_Taylor_0004.png
Winona_Ryder_0003.png
George_Lopez_0002.png
Fujio_Cho_0002.png
Alejandro_Toledo_0013.png
George_W_Bush_0340.png
Jean-David_Levitte_0004.png
Venus_Williams_0010.png
George_W_Bush_0500.png
George_W_Bush_0133.png
Taha_Yassin_Ramadan_0012.png
Junichiro_Koizumi_0028.png
Juan_Carlos_Ferrero_0007.png

Found:
George_W_Bush_0322.png
Renee_Zellweger_0017.png
George_W_Bush_0491.png
Gerhard_Schroeder_0033.png
Donald_Rumsfeld_0099.png
Nia_Vardalos_0001.png
Aleksander_Kwasniewski_0001.png
Donald_Rumsfeld_0097.png
Michael_Powell_0001.png
Franz_Muentefering_0001.png
Laura_Bush_0030.png
Tung_Chee-hwa_0009.png
Jim_Tressel_0002.png
Gloria_Macapagal_Arroyo_0010.png
Nancy_Pelosi_0004.png
Padraig_Harrington_0001.png
Norm_Coleman_0003.png
George_W_Bush_0210.png
George_W_Bush_0253.png
Tony_Blair_0031.png
Gerhard_Schroeder_0057.png
Ariel_Sharon_0028.png
Alejandro_Toledo_0015.png
Tom_Daschle_0001.png
Yevgeny_Kafelnikov_0001.png
George_Clooney_0009.png
Slobodan_Milosevic_0004.png
Vicente_Fox_0017.png
Paul_McCartney_0005.png
Romano_Prodi_0007.png
Angela_Merkel_0004.png
Lance_Armstrong_0003.png
Salma_Hayek_0009.png
Edmund_Stoiber_0003.png
Lisa_Marie_Presley_0003.png
Cameron_Diaz_0006.png
Jack_Straw_0019.png
Mahathir_Mohamad_0011.png
George_W_Bush_0102.png
George_W_Bush_0097.png
Daisy_Fuentes_0004.png
Dick_Cheney_0005.png
Naomi_Watts_0014.png
Serena_Williams_0052.png
Jennifer_Capriati_0019.png
Juan_Pablo_Montoya_0006.png
Robert_Duvall_0006.png
Carmen_Electra_0004.png
Robert_Mueller_0002.png
Gerhard_Schroeder_0032.png
David_Beckham_0003.png

Both correct:
+------+----------------+----------------+----------+
| FILE | NEW CONFIDENCE | OLD CONFIDENCE | IMPROVED |
+------+----------------+----------------+----------+
+------+----------------+----------------+----------+
+--------------------------+-------------------+
| Comparison Results       | Value             |
+--------------------------+-------------------+
| Total faces:             | 6715              |
| Lost:                    | 2372              |
| Found:                   | 51                |
| Lost/found score:        | 0.957             |
| Disguised:               | 1                 |
| Exposed:                 | 1                 |
| Disguised/exposed score: | 0.0               |
| Improved:                | NONE MATCHED BOTH |
| Improved score:          | 0.0               |
| Overall score:           | 0.0               |
+--------------------------+-------------------+
