+--------------------------------+-------------------+
| data/lfw_inner_aligned metrics | Value             |
+--------------------------------+-------------------+
| Total faces:                   | 6715              |
| Detected:                      | 5425/6715 (0.807) |
| Recognized:                    | 1/5425 (0.000)    |
| Total confidence:              | -5282             |
+--------------------------------+-------------------+
+------------------------------------+-------------------+
| lfw_inner_aligned_gauss100 metrics | Value             |
+------------------------------------+-------------------+
| Total faces:                       | 6715              |
| Detected:                          | 5152/6715 (0.767) |
| Recognized:                        | 2/5152 (0.000)    |
| Total confidence:                  | -5004             |
+------------------------------------+-------------------+


COMPARING.

Disguised:
+------+------------+----------------+------------+----------------+
| FILE | NEW TARGET | NEW CONFIDENCE | OLD TARGET | OLD CONFIDENCE |
+------+------------+----------------+------------+----------------+
+------+------------+----------------+------------+----------------+

Exposed:
+---------------------+----------------+-------------+----------------+
| FILE                | NEW CONFIDENCE | OLD TARGET  | OLD CONFIDENCE |
+---------------------+----------------+-------------+----------------+
| Trent_Lott_0013.png | 0.997          | Amelia_Vega | 0.994          |
+---------------------+----------------+-------------+----------------+

Lost:
Tony_Blair_0142.png
Jason_Kidd_0008.png
Ricardo_Lagos_0009.png
Jean_Chretien_0002.png
Muhammad_Ali_0010.png
Ana_Palacio_0006.png
Julie_Gerberding_0005.png
Hu_Jintao_0012.png
Thabo_Mbeki_0004.png
Halle_Berry_0013.png
Charles_Moose_0013.png
Tom_Daschle_0024.png
George_HW_Bush_0003.png
Bertie_Ahern_0001.png
Junichiro_Koizumi_0056.png
Zoran_Djindjic_0003.png
Doris_Schroeder_0003.png
Bruce_Springsteen_0004.png
Saddam_Hussein_0021.png
Kofi_Annan_0015.png
Hamid_Karzai_0006.png
Nestor_Kirchner_0013.png
Michael_Bloomberg_0007.png
Hugo_Chavez_0063.png
Giuseppe_Gibilisco_0001.png
Recep_Tayyip_Erdogan_0007.png
Gerhard_Schroeder_0092.png
Mike_Tyson_0004.png
Arnold_Schwarzenegger_0040.png
Romano_Prodi_0003.png
Slobodan_Milosevic_0002.png
George_W_Bush_0002.png
Nancy_Pelosi_0002.png
Francisco_Flores_0002.png
Kim_Dae-jung_0001.png
George_Lopez_0003.png
Sophia_Loren_0001.png
Carlos_Moya_0012.png
Joschka_Fischer_0004.png
Jerry_Regier_0001.png
Carlos_Menem_0017.png
Jean_Chretien_0020.png
Nestor_Kirchner_0037.png
Michael_Schumacher_0004.png
Fidel_Castro_0017.png
Mahmoud_Abbas_0007.png
Taha_Yassin_Ramadan_0008.png
Tom_Hanks_0003.png
Atal_Bihari_Vajpayee_0010.png
Mahmoud_Abbas_0005.png
Roger_Federer_0014.png
Christopher_Reeve_0003.png
Alejandro_Toledo_0011.png
Nicole_Kidman_0012.png
Christopher_Reeve_0001.png
Colin_Powell_0024.png
Maria_Shriver_0002.png
Mahathir_Mohamad_0009.png
Eduardo_Duhalde_0014.png
Kofi_Annan_0030.png
Gerhard_Schroeder_0037.png
Andre_Agassi_0009.png
Winona_Ryder_0002.png
William_Bulger_0002.png
Bruce_Springsteen_0002.png
Lance_Armstrong_0009.png
Jean_Charest_0010.png
Jesse_Jackson_0004.png
Jennifer_Garner_0004.png
Juan_Carlos_Ferrero_0002.png
Donald_Rumsfeld_0042.png
George_Robertson_0003.png
Mahmoud_Abbas_0002.png
John_Negroponte_0026.png
Scott_Peterson_0004.png
Martha_Burk_0002.png
Guillermo_Coria_0026.png
George_W_Bush_0297.png
James_Blake_0014.png
Naomi_Watts_0006.png
Silvio_Berlusconi_0027.png
Tom_Hanks_0002.png
Jon_Gruden_0002.png
Juan_Carlos_Ferrero_0018.png
Gerhard_Schroeder_0028.png
Jerry_Springer_0002.png
James_Kopp_0001.png
Howard_Dean_0005.png
Nestor_Kirchner_0031.png
Nan_Wang_0003.png
Luiz_Inacio_Lula_da_Silva_0025.png
Walter_Mondale_0006.png
Silvio_Berlusconi_0013.png
Joe_Torre_0001.png
Juan_Carlos_Ferrero_0014.png
Cesar_Gaviria_0003.png
Kofi_Annan_0021.png
Serena_Williams_0016.png
Gerhard_Schroeder_0109.png
Tang_Jiaxuan_0006.png
Dennis_Hastert_0004.png
Jeremy_Greenstock_0023.png
Winona_Ryder_0014.png
Lindsay_Davenport_0015.png
Serena_Williams_0043.png
Gerhard_Schroeder_0095.png
Lleyton_Hewitt_0021.png
Greg_Rusedski_0002.png
Charlton_Heston_0003.png
Colin_Powell_0052.png
Lleyton_Hewitt_0015.png
Robert_Redford_0006.png
Serena_Williams_0035.png
Jose_Maria_Aznar_0018.png
Lindsay_Davenport_0008.png
William_Donaldson_0005.png
Donald_Rumsfeld_0118.png
Rick_Pitino_0002.png
Charles_Moose_0012.png
Paula_Radcliffe_0004.png
Laura_Bush_0028.png
George_W_Bush_0234.png
Dick_Cheney_0012.png
Fujio_Cho_0003.png
Tommy_Haas_0004.png
Juan_Carlos_Ferrero_0008.png
George_W_Bush_0154.png
Junichiro_Koizumi_0002.png
Lance_Armstrong_0007.png
Muhammad_Ali_0002.png
Nestor_Kirchner_0014.png
Hugo_Chavez_0003.png
Gregg_Popovich_0005.png
Vladimir_Putin_0023.png
William_Donaldson_0007.png
Russell_Simmons_0001.png
Gerhard_Schroeder_0086.png
Keanu_Reeves_0005.png
Franz_Muentefering_0002.png
Richard_Armitage_0002.png
Gunter_Pleuger_0007.png
Omar_Sharif_0003.png
George_W_Bush_0044.png
George_W_Bush_0250.png
Charles_Moose_0008.png
John_McCain_0001.png
Bernard_Landry_0002.png
Pupi_Avati_0001.png
Hugo_Chavez_0062.png
Nelson_Mandela_0001.png
George_Robertson_0012.png
Arnold_Schwarzenegger_0026.png
Colin_Powell_0114.png
Martin_Scorsese_0003.png
Lleyton_Hewitt_0035.png
Chanda_Rubin_0002.png
Tom_Ridge_0016.png
George_W_Bush_0041.png
Trent_Lott_0001.png
Fernando_Gonzalez_0007.png
George_W_Bush_0066.png
Carla_Del_Ponte_0005.png
Andy_Roddick_0003.png
Pete_Sampras_0015.png
Susilo_Bambang_Yudhoyono_0001.png
Andy_Roddick_0001.png
Gerhard_Schroeder_0041.png
George_W_Bush_0309.png
Justin_Timberlake_0007.png
Winona_Ryder_0023.png
Win_Aung_0002.png
Larry_Thompson_0003.png
Tony_Blair_0045.png
Serena_Williams_0047.png
George_Pataki_0003.png
George_W_Bush_0273.png
Jose_Manuel_Durao_Barroso_0006.png
Tony_Blair_0006.png
Roh_Moo-hyun_0003.png
Mahathir_Mohamad_0001.png
Fidel_Castro_0003.png
Harrison_Ford_0003.png
Queen_Rania_0004.png
Jean_Chretien_0045.png
Lleyton_Hewitt_0001.png
Jim_Furyk_0006.png
Rubens_Barrichello_0006.png
Tony_Blair_0085.png
Junichiro_Koizumi_0033.png
Yasar_Yakis_0001.png
Lleyton_Hewitt_0026.png
George_W_Bush_0390.png
Pete_Sampras_0003.png
George_W_Bush_0288.png
Vicente_Fox_0012.png
Jennifer_Capriati_0018.png
Nia_Vardalos_0005.png
Jim_Tressel_0004.png
Jennifer_Lopez_0006.png
Choi_Sung-hong_0005.png
Elton_John_0004.png
Donald_Rumsfeld_0020.png
Roberto_Carlos_0002.png
Spencer_Abraham_0012.png
Serena_Williams_0037.png
Albert_Costa_0004.png
Guillermo_Coria_0007.png
Kim_Dae-jung_0002.png
George_W_Bush_0286.png
Emanuel_Ginobili_0001.png
Zinedine_Zidane_0003.png
Allyson_Felix_0005.png
Vanessa_Redgrave_0001.png
Arnold_Schwarzenegger_0038.png
Tim_Henman_0014.png
Abdoulaye_Wade_0002.png
Luiz_Inacio_Lula_da_Silva_0022.png
Omar_Sharif_0004.png
John_Ashcroft_0026.png
Bill_Graham_0001.png
Venus_Williams_0003.png
Cherie_Blair_0001.png
Andy_Roddick_0007.png
Arnold_Schwarzenegger_0031.png
Jacques_Chirac_0041.png
Silvio_Berlusconi_0003.png
Jean-Pierre_Raffarin_0007.png
Junichiro_Koizumi_0020.png
Salma_Hayek_0012.png
Antonio_Banderas_0002.png
Jennifer_Capriati_0008.png
Tiger_Woods_0018.png
Oscar_De_La_Hoya_0006.png
Steve_Nash_0005.png
Serena_Williams_0029.png
Guillermo_Coria_0022.png
John_Stockton_0002.png
Renee_Zellweger_0004.png
Jacques_Chirac_0026.png
Martha_Burk_0003.png
Walter_Mondale_0003.png
Trent_Lott_0004.png
Richard_Myers_0011.png
Hamid_Karzai_0022.png
Valentino_Rossi_0006.png
Colin_Powell_0127.png
Ronaldo_Luis_Nazario_de_Lima_0003.png
Clare_Short_0001.png
Jean_Chretien_0053.png
Jeremy_Greenstock_0022.png
Michael_Jordan_0002.png
Billy_Crystal_0002.png
Junichiro_Koizumi_0022.png
Harry_Schmidt_0001.png
Tom_Ridge_0025.png
Serena_Williams_0051.png
Roman_Polanski_0001.png
Martin_McGuinness_0005.png
Gilberto_Rodriguez_Orejuela_0003.png
George_Robertson_0015.png
Bob_Stoops_0004.png
Julianne_Moore_0019.png
Luiz_Inacio_Lula_da_Silva_0043.png
Donald_Rumsfeld_0022.png
Junichiro_Koizumi_0009.png
Eduardo_Duhalde_0005.png
Alexander_Losyukov_0003.png
Arnoldo_Aleman_0002.png
Jennifer_Capriati_0030.png
Marc_Grossman_0002.png
Jennifer_Aniston_0014.png
Robert_De_Niro_0003.png
Vincent_Brooks_0004.png
Eduardo_Duhalde_0001.png
Hamid_Karzai_0021.png
George_W_Bush_0014.png
Donald_Rumsfeld_0015.png
Colin_Montgomerie_0005.png
Vicente_Fox_0018.png
Ben_Howland_0002.png
George_W_Bush_0494.png
Donald_Rumsfeld_0025.png
Silvan_Shalom_0006.png
George_W_Bush_0334.png
Mahmoud_Abbas_0013.png
Joe_Nichols_0001.png
Prince_Charles_0003.png
Eduardo_Duhalde_0007.png
Lindsay_Davenport_0014.png
Paul_Martin_0001.png
Julie_Gerberding_0003.png
Pete_Sampras_0016.png
Gerhard_Schroeder_0042.png
Alec_Baldwin_0002.png
George_W_Bush_0518.png
Prince_Claus_0004.png
Bill_Frist_0006.png
Atal_Bihari_Vajpayee_0001.png
George_W_Bush_0169.png
Gloria_Macapagal_Arroyo_0024.png
Guillermo_Coria_0017.png
Jiri_Novak_0001.png
Luiz_Inacio_Lula_da_Silva_0047.png
Abdoulaye_Wade_0004.png
Tom_Crean_0005.png
Bill_Gates_0005.png
Alejandro_Toledo_0020.png
Lleyton_Hewitt_0039.png
Noelle_Bush_0002.png
Thabo_Mbeki_0005.png
Alvaro_Uribe_0035.png
Paul_Bremer_0006.png
Arnold_Schwarzenegger_0032.png
Arnold_Schwarzenegger_0028.png
George_W_Bush_0186.png
Nick_Nolte_0001.png
Donald_Rumsfeld_0076.png
Jiang_Zemin_0011.png
George_W_Bush_0477.png
Gwyneth_Paltrow_0003.png
Tom_Cruise_0004.png
Lindsay_Davenport_0002.png
Mitchell_Daniels_0001.png
Joseph_Biden_0001.png
Colin_Farrell_0006.png
Guillermo_Canas_0003.png
Venus_Williams_0010.png
Hans_Blix_0037.png
Tim_Duncan_0001.png
Pierce_Brosnan_0009.png
Michael_Chang_0008.png
Gerry_Adams_0002.png
Jeong_Se-hyun_0009.png
Jonathan_Edwards_0006.png
Pedro_Solbes_0001.png
George_W_Bush_0289.png
Li_Peng_0005.png
Junichiro_Koizumi_0040.png
Guillermo_Coria_0020.png
Jacques_Chirac_0030.png
Todd_Haynes_0003.png
Donald_Rumsfeld_0092.png
Meryl_Streep_0007.png
Jim_Furyk_0004.png
Michael_Chang_0001.png
Junichiro_Koizumi_0004.png
Bill_Simon_0010.png
Tom_Ridge_0029.png
Janet_Napolitano_0004.png
Leonardo_DiCaprio_0004.png
Colin_Powell_0150.png
Tommy_Thompson_0001.png
John_Abizaid_0008.png
George_W_Bush_0419.png
Jennifer_Keller_0004.png
Jean_Chretien_0024.png
Jacques_Chirac_0015.png
Michael_Jordan_0003.png
Jacques_Chirac_0048.png
Oscar_De_La_Hoya_0005.png
Geoff_Hoon_0007.png
Jimmy_Carter_0007.png
Don_Siegelman_0003.png
Gregg_Popovich_0004.png
Romano_Prodi_0001.png
Jeremy_Greenstock_0015.png
Howard_Dean_0008.png
Tim_Henman_0012.png
Nancy_Pelosi_0007.png
Dennis_Hastert_0001.png
Jake_Gyllenhaal_0005.png
George_W_Bush_0328.png
Lindsay_Davenport_0017.png
Robert_Kocharian_0004.png
Katherine_Harris_0003.png
Angelina_Jolie_0013.png
Mark_Philippoussis_0008.png
Bill_Paxton_0003.png
Tang_Jiaxuan_0010.png
Kim_Ryong-sung_0010.png
Jeremy_Greenstock_0008.png
Sourav_Ganguly_0003.png
Bud_Selig_0002.png
Vladimir_Putin_0037.png
Catherine_Deneuve_0001.png
Rob_Marshall_0004.png
Ray_Romano_0006.png
Bashar_Assad_0003.png
Jean_Charest_0005.png
Wayne_Ferreira_0004.png
Justin_Timberlake_0001.png
David_Anderson_0003.png
Catherine_Deneuve_0005.png
Scott_McClellan_0005.png
Lindsay_Davenport_0001.png
George_W_Bush_0351.png
George_W_Bush_0004.png
Jake_Gyllenhaal_0001.png
Jiri_Novak_0007.png
Colin_Powell_0234.png
Gerry_Adams_0005.png
Vitali_Klitschko_0002.png
Jennifer_Aniston_0008.png
Nick_Nolte_0004.png
Charles_Taylor_0006.png
Kofi_Annan_0019.png
Colin_Powell_0085.png
Alejandro_Toledo_0013.png
Junichiro_Koizumi_0028.png

Found:
George_W_Bush_0322.png
Carrie-Anne_Moss_0002.png
Tim_Duncan_0004.png
Andy_Roddick_0004.png
Ian_Thorpe_0001.png
Eliane_Karp_0004.png
Bill_Clinton_0008.png
Salma_Hayek_0003.png
Silvio_Berlusconi_0008.png
George_W_Bush_0491.png
Colin_Farrell_0001.png
Alejandro_Toledo_0015.png
Andy_Roddick_0002.png
Tom_Daschle_0001.png
Yevgeny_Kafelnikov_0001.png
Hugo_Chavez_0048.png
Arnold_Schwarzenegger_0012.png
Lucio_Gutierrez_0010.png
John_Ashcroft_0043.png
Nicole_Kidman_0008.png
George_Clooney_0009.png
Luis_Horna_0003.png
Gerhard_Schroeder_0033.png
Wayne_Ferreira_0001.png
Moshe_Katsav_0002.png
Rick_Carlisle_0002.png
Donald_Rumsfeld_0099.png
Andre_Agassi_0028.png
John_Howard_0013.png
Slobodan_Milosevic_0004.png
Erika_Harold_0005.png
Rick_Perry_0006.png
Donald_Rumsfeld_0097.png
Tony_Shalhoub_0002.png
George_W_Bush_0435.png
Bob_Hope_0001.png
Laura_Bush_0030.png
Yasar_Yakis_0002.png
Yao_Ming_0008.png
Al_Sharpton_0005.png
Venus_Williams_0015.png
Romano_Prodi_0007.png
Naomi_Watts_0005.png
Junichiro_Koizumi_0024.png
Colin_Powell_0018.png
Angela_Merkel_0004.png
Heather_Mills_0002.png
Martin_McGuinness_0002.png
Salma_Hayek_0009.png
Ian_Thorpe_0004.png
Serena_Williams_0052.png
Nestor_Kirchner_0009.png
Steve_Nash_0002.png
Nia_Vardalos_0001.png
Nancy_Pelosi_0011.png
Lindsay_Davenport_0011.png
Michael_Jackson_0006.png
Condoleezza_Rice_0004.png
Carmen_Electra_0001.png
Tom_Crean_0002.png
Vitali_Klitschko_0003.png
Tiger_Woods_0002.png
Jennifer_Capriati_0016.png
Tim_Henman_0019.png
Nestor_Kirchner_0004.png
George_W_Bush_0236.png
William_Donaldson_0006.png
Cameron_Diaz_0006.png
John_Bolton_0017.png
Jack_Straw_0019.png
Dennis_Kucinich_0002.png
Ariel_Sharon_0067.png
George_W_Bush_0102.png
Laura_Bush_0032.png
Richard_Gephardt_0002.png
Fidel_Castro_0001.png
Sandra_Bullock_0002.png
Colin_Powell_0176.png
Robert_Duvall_0003.png
Ricardo_Lagos_0014.png
George_W_Bush_0100.png
Amanda_Bynes_0003.png
Calista_Flockhart_0002.png
Carmen_Electra_0004.png
Mohammed_Al-Douri_0007.png
Edmund_Stoiber_0004.png
Daisy_Fuentes_0004.png
Calista_Flockhart_0005.png
David_Beckham_0010.png
Jim_Tressel_0002.png
Julie_Gerberding_0001.png
Mark_Philippoussis_0011.png
Gloria_Macapagal_Arroyo_0010.png
Benazir_Bhutto_0001.png
Dick_Cheney_0005.png
JK_Rowling_0006.png
Nancy_Pelosi_0004.png
Michael_Chiklis_0004.png
Andre_Agassi_0005.png
David_Beckham_0002.png
Martha_Burk_0001.png
Spencer_Abraham_0014.png
Muhammad_Ali_0009.png
Eliane_Karp_0001.png
Edmund_Stoiber_0003.png
George_W_Bush_0071.png
Colin_Powell_0152.png
Taha_Yassin_Ramadan_0005.png
Robert_Duvall_0005.png
George_W_Bush_0525.png
Ricardo_Lagos_0001.png
Nestor_Kirchner_0005.png
Junichiro_Koizumi_0058.png
George_W_Bush_0285.png
Anna_Kournikova_0002.png
Jennifer_Capriati_0019.png
Richard_Gephardt_0007.png
Nia_Vardalos_0003.png
Jean_Chretien_0005.png
George_W_Bush_0210.png
Alejandro_Toledo_0028.png
Luiz_Inacio_Lula_da_Silva_0019.png
George_W_Bush_0253.png
Juan_Carlos_Ferrero_0024.png
William_Donaldson_0003.png
Tony_Blair_0031.png
Sally_Field_0003.png
Moshe_Katsav_0001.png
Antonio_Palocci_0006.png
Nestor_Kirchner_0023.png
Rainer_Schuettler_0001.png
Serena_Williams_0001.png
Colin_Powell_0069.png
Pete_Sampras_0001.png
Gerhard_Schroeder_0032.png
Heidi_Fleiss_0003.png

Both correct:
+---------------------+----------------+----------------+----------+
| FILE                | NEW CONFIDENCE | OLD CONFIDENCE | IMPROVED |
+---------------------+----------------+----------------+----------+
| Trent_Lott_0006.png | 0.999          | 0.999          | False    |
+---------------------+----------------+----------------+----------+
+--------------------------+-----------+
| Comparison Results       | Value     |
+--------------------------+-----------+
| Total faces:             | 6715      |
| Lost:                    | 409       |
| Found:                   | 136       |
| Lost/found score:        | 0.500     |
| Disguised:               | 0         |
| Exposed:                 | 1         |
| Disguised/exposed score: | -1.0      |
| Improved:                | 0/1 (0.0) |
| Improved score:          | 7.920     |
| Overall score:           | -0.00     |
+--------------------------+-----------+
