+---------------------+-------+
| lfw_aligned metrics | Value |
+---------------------+-------+
| Total faces:        | 1050  |
| Detected:           | 742   |
| Detected ratio:     | 0.706 |
| Recognized:         | 0.384 |
| Total confidence:   | 28.14 |
+---------------------+-------+
+-------------------+-------+
| gauss_500 metrics | Value |
+-------------------+-------+
| Total faces:      | 1050  |
| Detected:         | 445   |
| Detected ratio:   | 0.423 |
| Recognized:       | 0.373 |
| Total confidence: | 17.35 |
+-------------------+-------+


COMPARING.

Disguised:
+---------------------------+-----------------------+----------------+----------------+
| FILE                      | NEW TARGET            | NEW CONFIDENCE | OLD CONFIDENCE |
+---------------------------+-----------------------+----------------+----------------+
| Andy_Roddick_0006.png     | Arnold_Schwarzenegger | 0.044          | 0.036          |
| Ariel_Sharon_0017.png     | Al_Gore               | 0.013          | 0.101          |
| Andre_Agassi_0008.png     | Alvaro_Uribe          | 0.055          | 0.079          |
| Andy_Roddick_0004.png     | Arnold_Schwarzenegger | 0.027          | 0.042          |
| Andre_Agassi_0030.png     | Arnold_Schwarzenegger | 0.074          | 0.116          |
| Al_Gore_0004.png          | Ariel_Sharon          | 0.017          | 0.016          |
| Andy_Roddick_0015.png     | Arnold_Schwarzenegger | 0.048          | 0.038          |
| Andre_Agassi_0025.png     | Alvaro_Uribe          | 0.071          | 0.059          |
| Adrien_Brody_0003.png     | Alvaro_Uribe          | 0.023          | 0.031          |
| Alejandro_Toledo_0038.png | Ariel_Sharon          | 0.078          | 0.158          |
+---------------------------+-----------------------+----------------+----------------+

Exposed:
+----------------------------+----------------+-----------------+----------------+
| FILE                       | NEW CONFIDENCE | OLD TARGET      | OLD CONFIDENCE |
+----------------------------+----------------+-----------------+----------------+
| Al_Gore_0003.png           | 0.016          | Alvaro_Uribe    | 0.038          |
| Alastair_Campbell_0005.png | 0.011          | Amelie_Mauresmo | 0.011          |
| Ali_Naimi_0001.png         | 0.018          | Andre_Agassi    | 0.020          |
+----------------------------+----------------+-----------------+----------------+

Lost:
Artieas_Shanks_0001.png
Ahmet_Necdet_Sezer_0001.png
Alec_Baldwin_0003.png
Azmi_Bishara_0001.png
Alejandro_Toledo_0017.png
Alain_Ducasse_0001.png
Andy_Benes_0001.png
Alan_Dreher_0001.png
Adoor_Gopalakarishnan_0001.png
Ariel_Sharon_0040.png
Atal_Bihari_Vajpayee_0015.png
Al_Gore_0007.png
Angela_Merkel_0004.png
Alberto_Acosta_0001.png
Anastasia_Myskina_0001.png
Alberto_Ruiz_Gallardon_0001.png
Alyse_Beaupre_0001.png
Alvaro_Uribe_0011.png
Armando_Calderon_Sol_0001.png
Atal_Bihari_Vajpayee_0008.png
Andre_Agassi_0018.png
Andre_Agassi_0029.png
Adrian_McPherson_0001.png
Abdullah_Gul_0019.png
Anil_Ramsook_0001.png
Andre_Agassi_0001.png
Alimzhan_Tokhtakhounov_0001.png
Antonio_Palocci_0001.png
Ainsworth_Dyer_0001.png
Ashanti_0004.png
Alice_Fisher_0001.png
Antony_Leung_0001.png
Andre_Agassi_0026.png
Adel_Al-Jubeir_0003.png
Ari_Fleischer_0008.png
Aitor_Gonzalez_0001.png
Atal_Bihari_Vajpayee_0012.png
Andre_Agassi_0034.png
Alvaro_Uribe_0008.png
Allyson_Felix_0005.png
Amelie_Mauresmo_0009.png
Alan_Stonecipher_0001.png
Andy_Roddick_0007.png
Aly_Wagner_0001.png
Alexander_Downer_0001.png
Alvaro_Silva_Calderon_0004.png
Abdullah_Gul_0014.png
Ana_Palacio_0008.png
Ahmed_Ahmed_0001.png
Anthony_LaPaglia_0001.png
Amelie_Mauresmo_0019.png
Adolfo_Rodriguez_Saa_0001.png
Andre_Agassi_0021.png
Ana_Palacio_0005.png
Antony_Leung_0003.png
Alvaro_Uribe_0016.png
Alan_Greer_0001.png
Andre_Agassi_0036.png
Alfredo_di_Stefano_0001.png
Alexandra_Vodjanikova_0001.png
Arnold_Schwarzenegger_0042.png
Andre_Agassi_0006.png
Andrew_Niccol_0002.png
Alvaro_Uribe_0018.png
Amelia_Vega_0004.png
Arnold_Schwarzenegger_0025.png
Alberto_Gonzales_0001.png
Andres_Pastrana_0001.png
Ariel_Sharon_0048.png
Ambrose_Lee_0001.png
Alvaro_Uribe_0023.png
Akmal_Taher_0001.png
Alfredo_Pena_0001.png
Arnoldo_Aleman_0001.png
Assad_Ahmadi_0001.png
Angelo_Reyes_0003.png
Alvaro_Uribe_0021.png
Alex_Gonzalez_0001.png
Alessandra_Cerna_0001.png
Amanda_Bynes_0002.png
Abdullah_0001.png
Al_Gore_0008.png
Andy_North_0001.png
Alejandro_Toledo_0030.png
Andy_Griggs_0001.png
Abel_Pacheco_0003.png
Anibal_Ibarra_0001.png
Abraham_Foxman_0001.png
Andrew_Fastow_0001.png
Askar_Akayev_0001.png
Anne_McLellan_0001.png
Anna_Kournikova_0009.png
Alvaro_Uribe_0004.png
Arnaud_Lagardere_0001.png
Ari_Fleischer_0003.png
Abdullah_Gul_0006.png
Amelie_Mauresmo_0015.png
Alejandro_Toledo_0012.png
Andrew_Jarecki_0001.png
Alvaro_Uribe_0006.png
Amelie_Mauresmo_0017.png
Al_Gore_0002.png
Ariel_Sharon_0029.png
Angela_Merkel_0002.png
Alexandra_Stevenson_0002.png
Arnold_Schwarzenegger_0032.png
Ahmed_Chalabi_0001.png
Al_Sharpton_0007.png
Alex_Cabrera_0001.png
Anette_Hosoi_0001.png
Arnold_Schwarzenegger_0034.png
Anastasia_Kelesidou_0001.png
Ariel_Sharon_0061.png
Arnoldo_Aleman_0005.png
Al_Sharpton_0003.png
Ari_Fleischer_0011.png
Adrien_Brody_0012.png
Arnold_Schwarzenegger_0027.png
Al_Sharpton_0005.png
Andrei_Nikolishin_0001.png
Adrien_Brody_0010.png
Andrew_Cuomo_0001.png
Andrea_Kiser_0001.png
Alejandro_Toledo_0026.png
Angela_Bassett_0002.png
Alvaro_Uribe_0025.png
Alex_Sink_0001.png
Alex_Ferguson_0001.png
Andre_Agassi_0012.png
Anthony_Carter_0001.png
Albert_Costa_0005.png
Andy_Roddick_0014.png
Avril_Lavigne_0001.png
Albert_Costa_0003.png
Anna_Kournikova_0008.png
Ari_Fleischer_0007.png
Abel_Pacheco_0002.png
Ana_Palacio_0002.png
Amr_Moussa_0001.png
Ann_Veneman_0008.png
Angelina_Jolie_0012.png
Ariel_Sharon_0038.png
Aicha_El_Ouafi_0001.png
Anna_Kournikova_0001.png
Alvaro_Uribe_0019.png
Atal_Bihari_Vajpayee_0010.png
Alvaro_Uribe_0027.png
Anatoliy_Kinakh_0001.png
Ali_Naimi_0006.png
Andre_Agassi_0010.png
Alvaro_Uribe_0024.png
Ari_Bousbib_0001.png
Amelia_Vega_0006.png
Ana_Claudia_Talancon_0001.png
Ariel_Sharon_0023.png
Alice_Fisher_0002.png
Ashanti_0005.png
Allyson_Felix_0002.png
Arnold_Schwarzenegger_0020.png
Andrew_Weissmann_0002.png
Andre_Agassi_0027.png
Ashanti_0003.png
Andy_Rooney_0001.png
Alek_Wek_0001.png
Andre_Agassi_0020.png
Aaron_Peirsol_0002.png
Andre_Agassi_0019.png
Adrian_Fernandez_0001.png
Alejandro_Toledo_0010.png
Andres_Manuel_Lopez_Obrador_0001.png
Ahmet_Demir_0001.png
Ahmed_Qureia_0001.png
Anna_Nicole_Smith_0001.png
Atal_Bihari_Vajpayee_0005.png
Atal_Bihari_Vajpayee_0001.png
Adisai_Bodharamik_0001.png
Al_Sharpton_0004.png
Ahmed_Ibrahim_Bilal_0001.png
Ariel_Sharon_0024.png
Alexandra_Spann_0001.png
Anne_Krueger_0001.png
Al_Gore_0005.png
Angelina_Jolie_0018.png
Alvaro_Uribe_0022.png
Alvaro_Uribe_0007.png
Alfonso_Portillo_0001.png
Arminio_Fraga_0006.png
Ali_Adbul_Karim_Madani_0001.png
Angela_Lansbury_0001.png
Atal_Bihari_Vajpayee_0014.png
Adrian_Annus_0001.png
Antonio_Trillanes_0001.png
Ari_Fleischer_0013.png
Angelina_Jolie_0004.png
Alex_King_0001.png
Antje_Buschschulte_0001.png
Amer_al-Saadi_0002.png
Antonio_Palocci_0008.png
Augustin_Calleri_0001.png
Arnold_Schwarzenegger_0007.png
Abdullah_0003.png
Adrien_Brody_0009.png
Alvaro_Uribe_0014.png
Adrien_Brody_0011.png
Al_Sharpton_0006.png
Anne_Donovan_0001.png
Adam_Herbert_0001.png
Amer_al-Saadi_0004.png
Abdoulaye_Wade_0004.png
Ariel_Sharon_0026.png
Andy_Roddick_0013.png
Alec_Baldwin_0004.png
Annie_Chaplin_0001.png
Andy_Perez_0001.png
Arnold_Scott_0001.png
Anderson_Varejao_0001.png
Ariel_Sharon_0030.png
Alonzo_Mourning_0001.png
Arnaud_Clement_0002.png
Alexa_Loren_0001.png
Anthony_LaPaglia_0002.png
Alex_Cejka_0001.png
Alan_Greenspan_0002.png
Akhmed_Zakayev_0003.png
Alfredo_Moreno_0001.png
Ariel_Sharon_0062.png
Ariel_Sharon_0076.png
Allison_Searing_0001.png
Ahmed_Ghazi_0001.png
Amelie_Mauresmo_0005.png
Andy_Garcia_0001.png
Alejandro_Toledo_0008.png
Augusto_Roa_Bastos_0002.png
Ari_Fleischer_0002.png
Ann_Veneman_0001.png
Alecos_Markides_0001.png
Arnold_Schwarzenegger_0033.png
Alan_Trammell_0001.png
Andre_Agassi_0014.png
Alejandro_Toledo_0033.png
Andy_Roddick_0012.png
Adam_Sandler_0004.png
Alexander_Downer_0004.png
Alejandro_Gonzalez_Inarritu_0001.png
Amelie_Mauresmo_0004.png
Anthony_Ervin_0001.png
Aaron_Eckhart_0001.png
Atal_Bihari_Vajpayee_0003.png
Alejandro_Toledo_0015.png
Andrew_Bernard_0001.png
Atal_Bihari_Vajpayee_0023.png
Albert_Brooks_0001.png
Alejandro_Toledo_0007.png
Anna_Kournikova_0003.png
Andrew_Wetzler_0001.png
Alan_Greenspan_0004.png
Anja_Paerson_0001.png
Aron_Ralston_0001.png
Arnoldo_Aleman_0002.png
Alessandro_Nesta_0001.png
Abner_Martinez_0001.png
Alan_Greenspan_0003.png
Amanda_Beard_0002.png
Ariel_Sharon_0045.png
Arnoldo_Aleman_0004.png
Aitor_Gonzalez_0002.png
Akbar_Hashemi_Rafsanjani_0001.png
Arnold_Palmer_0003.png
Alvaro_Silva_Calderon_0001.png
Ariel_Sharon_0067.png
Arnold_Schwarzenegger_0010.png
Adam_Kennedy_0001.png
Arminio_Fraga_0004.png
Alma_Powell_0001.png
Ataollah_Mohajerani_0001.png
Arnold_Schwarzenegger_0011.png
Andy_Roddick_0011.png
Ann_Veneman_0005.png
Ain_Seppik_0001.png
Alejandro_Fernandez_0001.png
Adel_Al-Jubeir_0002.png
Alejandro_Toledo_0019.png
Abbas_Kiarostami_0001.png
Aicha_El_Ouafi_0003.png
Anne_ONeil_0001.png
Andy_Roddick_0010.png
Antanas_Valionis_0001.png
Alexis_Bledel_0001.png
Alex_Holmes_0001.png
Ashraf_Alasmar_0001.png
Atal_Bihari_Vajpayee_0024.png
Augustin_Calleri_0004.png
Allen_Rock_0001.png
Anthony_Pico_0001.png
Albert_Pujols_0001.png
Allan_Kemakeza_0001.png
Arantxa_Sanchez-Vicario_0001.png
Ariel_Sharon_0001.png
Alex_Wallau_0001.png
Alejandro_Toledo_0029.png
Astou_Ndiaye-Diatta_0001.png
Alan_Ball_0001.png
Ariel_Sharon_0033.png
Arnold_Schwarzenegger_0016.png

Found:
Amelia_Vega_0003.png
Aleksander_Kwasniewski_0002.png
Amer_al-Saadi_0001.png
Arturo_Gatti_0003.png
Arsinee_Khanjian_0002.png
Arnold_Schwarzenegger_0028.png
Atom_Egoyan_0001.png

Both correct:
+--------------------------------+----------------+----------------+----------+
| FILE                           | NEW CONFIDENCE | OLD CONFIDENCE | IMPROVED |
+--------------------------------+----------------+----------------+----------+
| Anna_Kournikova_0012.png       | 0.024          | 0.024          | False    |
| Ariel_Sharon_0022.png          | 0.124          | 0.130          | False    |
| Ariel_Sharon_0044.png          | 0.234          | 0.085          | True     |
| Ariel_Sharon_0058.png          | 0.056          | 0.215          | False    |
| Ariel_Sharon_0012.png          | 0.388          | 0.211          | True     |
| Alvaro_Uribe_0001.png          | 0.047          | 0.155          | False    |
| Alvaro_Uribe_0033.png          | 0.086          | 0.151          | False    |
| Ann_Veneman_0002.png           | 0.027          | 0.027          | False    |
| Ari_Fleischer_0010.png         | 0.033          | 0.033          | False    |
| Amelie_Mauresmo_0006.png       | 0.059          | 0.072          | False    |
| Alejandro_Toledo_0006.png      | 0.172          | 0.139          | True     |
| Angelina_Jolie_0006.png        | 0.045          | 0.063          | False    |
| Antonio_Palocci_0004.png       | 0.017          | 0.017          | True     |
| Ariel_Sharon_0050.png          | 0.414          | 0.241          | True     |
| Arnold_Schwarzenegger_0014.png | 0.202          | 0.282          | False    |
| Ann_Veneman_0009.png           | 0.026          | 0.026          | True     |
| Ariel_Sharon_0011.png          | 0.352          | 0.277          | True     |
| Ariel_Sharon_0065.png          | 0.457          | 0.357          | True     |
| Arnold_Schwarzenegger_0006.png | 0.109          | 0.137          | False    |
| Ariel_Sharon_0021.png          | 0.428          | 0.377          | True     |
| Ariel_Sharon_0009.png          | 0.288          | 0.250          | True     |
| Alejandro_Toledo_0022.png      | 0.038          | 0.151          | False    |
| Alvaro_Uribe_0029.png          | 0.054          | 0.109          | False    |
| Abdullah_Gul_0004.png          | 0.046          | 0.055          | False    |
| Ariel_Sharon_0073.png          | 0.192          | 0.305          | False    |
| Alejandro_Toledo_0036.png      | 0.056          | 0.114          | False    |
| Alvaro_Uribe_0017.png          | 0.039          | 0.147          | False    |
| Ariel_Sharon_0042.png          | 0.458          | 0.262          | True     |
| Ariel_Sharon_0019.png          | 0.202          | 0.289          | False    |
| Alvaro_Uribe_0015.png          | 0.035          | 0.088          | False    |
| Andre_Agassi_0035.png          | 0.107          | 0.154          | False    |
| Amelie_Mauresmo_0012.png       | 0.070          | 0.080          | False    |
| Ariel_Sharon_0063.png          | 0.220          | 0.285          | False    |
| Abdullah_Gul_0013.png          | 0.043          | 0.071          | False    |
| Alejandro_Toledo_0016.png      | 0.094          | 0.106          | False    |
| Alvaro_Uribe_0028.png          | 0.132          | 0.153          | False    |
| Alejandro_Toledo_0014.png      | 0.101          | 0.118          | False    |
| Anna_Kournikova_0002.png       | 0.025          | 0.026          | False    |
| Alvaro_Uribe_0034.png          | 0.098          | 0.131          | False    |
| Alejandro_Toledo_0024.png      | 0.081          | 0.150          | False    |
| Ariel_Sharon_0074.png          | 0.485          | 0.354          | True     |
| Abdullah_Gul_0018.png          | 0.046          | 0.055          | False    |
| Ariel_Sharon_0053.png          | 0.327          | 0.148          | True     |
| Ariel_Sharon_0015.png          | 0.422          | 0.411          | True     |
| Angelina_Jolie_0001.png        | 0.042          | 0.059          | False    |
| Ariel_Sharon_0035.png          | 0.520          | 0.438          | True     |
| Abdullah_Gul_0012.png          | 0.040          | 0.063          | False    |
| Ariel_Sharon_0051.png          | 0.406          | 0.271          | True     |
| Ariel_Sharon_0003.png          | 0.317          | 0.349          | False    |
| Arnold_Schwarzenegger_0015.png | 0.204          | 0.163          | True     |
| Alejandro_Toledo_0034.png      | 0.094          | 0.112          | False    |
| Amelie_Mauresmo_0016.png       | 0.070          | 0.070          | True     |
| Arnold_Schwarzenegger_0035.png | 0.151          | 0.257          | False    |
| Ariel_Sharon_0054.png          | 0.344          | 0.244          | True     |
| Andre_Agassi_0022.png          | 0.150          | 0.175          | False    |
| Ariel_Sharon_0013.png          | 0.326          | 0.402          | False    |
| Ari_Fleischer_0001.png         | 0.027          | 0.035          | False    |
| Alejandro_Toledo_0009.png      | 0.194          | 0.180          | True     |
| Atal_Bihari_Vajpayee_0018.png  | 0.075          | 0.090          | False    |
| Atal_Bihari_Vajpayee_0004.png  | 0.045          | 0.063          | False    |
| Ariel_Sharon_0055.png          | 0.195          | 0.340          | False    |
| Andre_Agassi_0017.png          | 0.122          | 0.152          | False    |
| Angelina_Jolie_0003.png        | 0.039          | 0.061          | False    |
| Ariel_Sharon_0060.png          | 0.379          | 0.200          | True     |
| Ariel_Sharon_0041.png          | 0.297          | 0.370          | False    |
| Alvaro_Uribe_0030.png          | 0.095          | 0.147          | False    |
| Alejandro_Toledo_0039.png      | 0.174          | 0.172          | True     |
| Andre_Agassi_0016.png          | 0.051          | 0.070          | False    |
| Ariel_Sharon_0027.png          | 0.383          | 0.347          | True     |
| Amelie_Mauresmo_0007.png       | 0.062          | 0.068          | False    |
| Andre_Agassi_0011.png          | 0.118          | 0.163          | False    |
| Ariel_Sharon_0068.png          | 0.203          | 0.246          | False    |
| Arnold_Schwarzenegger_0040.png | 0.173          | 0.174          | False    |
| Abdullah_Gul_0001.png          | 0.022          | 0.061          | False    |
| Andre_Agassi_0009.png          | 0.093          | 0.073          | True     |
| Alejandro_Toledo_0004.png      | 0.101          | 0.097          | True     |
| Alejandro_Toledo_0003.png      | 0.145          | 0.177          | False    |
| Ann_Veneman_0003.png           | 0.026          | 0.025          | True     |
| Ana_Palacio_0004.png           | 0.016          | 0.017          | False    |
| Arnold_Schwarzenegger_0018.png | 0.137          | 0.147          | False    |
| Angelina_Jolie_0005.png        | 0.023          | 0.060          | False    |
| Ariel_Sharon_0075.png          | 0.281          | 0.259          | True     |
| Angelina_Jolie_0016.png        | 0.041          | 0.059          | False    |
| Ariel_Sharon_0034.png          | 0.318          | 0.201          | True     |
| Alejandro_Toledo_0002.png      | 0.071          | 0.173          | False    |
| Alejandro_Toledo_0001.png      | 0.105          | 0.127          | False    |
| Ariel_Sharon_0007.png          | 0.403          | 0.425          | False    |
| Abdullah_Gul_0011.png          | 0.028          | 0.048          | False    |
| Atal_Bihari_Vajpayee_0007.png  | 0.070          | 0.079          | False    |
| Arnold_Schwarzenegger_0009.png | 0.201          | 0.200          | True     |
| Ariel_Sharon_0002.png          | 0.463          | 0.390          | True     |
| Ariel_Sharon_0059.png          | 0.415          | 0.340          | True     |
| Alvaro_Uribe_0003.png          | 0.060          | 0.110          | False    |
| Alejandro_Toledo_0027.png      | 0.205          | 0.214          | False    |
| Alvaro_Uribe_0020.png          | 0.115          | 0.181          | False    |
| Arnold_Schwarzenegger_0039.png | 0.166          | 0.266          | False    |
| Ann_Veneman_0007.png           | 0.026          | 0.026          | False    |
| Angelina_Jolie_0017.png        | 0.043          | 0.046          | False    |
| Andre_Agassi_0032.png          | 0.076          | 0.090          | False    |
| Ariel_Sharon_0005.png          | 0.264          | 0.348          | False    |
| Andre_Agassi_0033.png          | 0.048          | 0.118          | False    |
| Ariel_Sharon_0010.png          | 0.521          | 0.305          | True     |
| Angelina_Jolie_0010.png        | 0.048          | 0.070          | False    |
| Ariel_Sharon_0014.png          | 0.331          | 0.277          | True     |
| Arnold_Schwarzenegger_0030.png | 0.133          | 0.189          | False    |
| Ariel_Sharon_0071.png          | 0.292          | 0.350          | False    |
| Ariel_Sharon_0039.png          | 0.251          | 0.299          | False    |
| Alvaro_Uribe_0026.png          | 0.115          | 0.122          | False    |
| Alvaro_Uribe_0010.png          | 0.119          | 0.177          | False    |
| Ariel_Sharon_0064.png          | 0.277          | 0.217          | True     |
| Ariel_Sharon_0057.png          | 0.231          | 0.282          | False    |
| Amelie_Mauresmo_0008.png       | 0.050          | 0.067          | False    |
| Alvaro_Uribe_0005.png          | 0.107          | 0.125          | False    |
| Andre_Agassi_0023.png          | 0.111          | 0.169          | False    |
| Andre_Agassi_0002.png          | 0.143          | 0.156          | False    |
| Ann_Veneman_0011.png           | 0.026          | 0.027          | False    |
| Amelie_Mauresmo_0003.png       | 0.060          | 0.064          | False    |
| Alejandro_Toledo_0032.png      | 0.138          | 0.130          | True     |
| Alejandro_Toledo_0037.png      | 0.140          | 0.094          | True     |
| Ari_Fleischer_0009.png         | 0.032          | 0.031          | True     |
| Alvaro_Uribe_0032.png          | 0.104          | 0.130          | False    |
| Alejandro_Toledo_0005.png      | 0.086          | 0.120          | False    |
| Alejandro_Toledo_0020.png      | 0.160          | 0.219          | False    |
| Ariel_Sharon_0066.png          | 0.315          | 0.377          | False    |
| Angelina_Jolie_0009.png        | 0.059          | 0.062          | False    |
| Atal_Bihari_Vajpayee_0009.png  | 0.101          | 0.097          | True     |
| Ariel_Sharon_0032.png          | 0.359          | 0.377          | False    |
| Arnold_Schwarzenegger_0005.png | 0.158          | 0.172          | False    |
| Ann_Veneman_0006.png           | 0.026          | 0.025          | True     |
| Alvaro_Uribe_0002.png          | 0.075          | 0.088          | False    |
| Angelina_Jolie_0014.png        | 0.051          | 0.070          | False    |
| Abdullah_Gul_0007.png          | 0.050          | 0.068          | False    |
| Angelina_Jolie_0002.png        | 0.071          | 0.062          | True     |
| Arnold_Schwarzenegger_0013.png | 0.062          | 0.162          | False    |
| Amelie_Mauresmo_0010.png       | 0.040          | 0.054          | False    |
| Ariel_Sharon_0006.png          | 0.283          | 0.425          | False    |
| Alvaro_Uribe_0035.png          | 0.111          | 0.058          | True     |
| Anna_Kournikova_0011.png       | 0.023          | 0.025          | False    |
| Antonio_Palocci_0003.png       | 0.018          | 0.018          | False    |
| Ari_Fleischer_0006.png         | 0.028          | 0.028          | True     |
| Ariel_Sharon_0008.png          | 0.090          | 0.227          | False    |
| Angelina_Jolie_0015.png        | 0.047          | 0.059          | False    |
| Angelina_Jolie_0019.png        | 0.040          | 0.052          | False    |
| Ariel_Sharon_0077.png          | 0.440          | 0.307          | True     |
| Alvaro_Uribe_0009.png          | 0.041          | 0.175          | False    |
| Ariel_Sharon_0016.png          | 0.373          | 0.436          | False    |
| Angelina_Jolie_0008.png        | 0.059          | 0.058          | True     |
| Ariel_Sharon_0047.png          | 0.458          | 0.253          | True     |
| Ariel_Sharon_0025.png          | 0.321          | 0.291          | True     |
| Andre_Agassi_0013.png          | 0.067          | 0.091          | False    |
| Al_Sharpton_0002.png           | 0.014          | 0.013          | True     |
| Ariel_Sharon_0049.png          | 0.315          | 0.332          | False    |
| Andre_Agassi_0015.png          | 0.139          | 0.161          | False    |
| Atal_Bihari_Vajpayee_0017.png  | 0.084          | 0.062          | True     |
| Ariel_Sharon_0069.png          | 0.218          | 0.320          | False    |
| Atal_Bihari_Vajpayee_0016.png  | 0.039          | 0.073          | False    |
| Ali_Naimi_0007.png             | 0.018          | 0.017          | True     |
| Arnold_Schwarzenegger_0004.png | 0.154          | 0.077          | True     |
| Antonio_Palocci_0002.png       | 0.018          | 0.018          | True     |
| Andre_Agassi_0004.png          | 0.119          | 0.161          | False    |
| Atal_Bihari_Vajpayee_0006.png  | 0.058          | 0.082          | False    |
| Ariel_Sharon_0052.png          | 0.268          | 0.111          | True     |
+--------------------------------+----------------+----------------+----------+
+----------------------------+--------+
| Comparison Results         | Value  |
+----------------------------+--------+
| Total faces:               | 1050   |
| Lost:                      | 304    |
| Found:                     | 7      |
| Lost/found score:          | 0.954  |
| Disguised:                 | 123    |
| Exposed:                   | 4      |
| Disguised/exposed score:   | 0.937  |
| Improved ratio:            | 52/162 |
| Improved percentage score: | -0.35  |
| Improved score:            | 1.130  |
| Overall score:             | 0.058  |
+----------------------------+--------+
